[08-Mar-2019 02:22:51 UTC] PHP Fatal error:  Uncaught exception 'PDOException' with message 'SQLSTATE[42000]: Syntax error or access violation: 1064 You have an error in your SQL syntax; check the manual that corresponds to your MySQL server version for the right syntax to use near ''apple'' at line 1' in /home/ubuntu/workspace/CST336/labs/lab6/api/get-products.php:15
Stack trace:
#0 /home/ubuntu/workspace/CST336/labs/lab6/api/get-products.php(15): PDOStatement->execute()
#1 {main}
  thrown in /home/ubuntu/workspace/CST336/labs/lab6/api/get-products.php on line 15
[08-Mar-2019 02:23:03 UTC] PHP Fatal error:  Uncaught exception 'PDOException' with message 'SQLSTATE[42S22]: Column not found: 1054 Unknown column 'apple' in 'where clause'' in /home/ubuntu/workspace/CST336/labs/lab6/api/get-products.php:15
Stack trace:
#0 /home/ubuntu/workspace/CST336/labs/lab6/api/get-products.php(15): PDOStatement->execute()
#1 {main}
  thrown in /home/ubuntu/workspace/CST336/labs/lab6/api/get-products.php on line 15
[08-Mar-2019 02:23:20 UTC] PHP Fatal error:  Uncaught exception 'PDOException' with message 'SQLSTATE[42000]: Syntax error or access violation: 1065 Query was empty' in /home/ubuntu/workspace/CST336/labs/lab6/api/get-products.php:15
Stack trace:
#0 /home/ubuntu/workspace/CST336/labs/lab6/api/get-products.php(15): PDOStatement->execute()
#1 {main}
  thrown in /home/ubuntu/workspace/CST336/labs/lab6/api/get-products.php on line 15
[08-Mar-2019 02:23:21 UTC] PHP Fatal error:  Uncaught exception 'PDOException' with message 'SQLSTATE[42000]: Syntax error or access violation: 1065 Query was empty' in /home/ubuntu/workspace/CST336/labs/lab6/api/get-products.php:15
Stack trace:
#0 /home/ubuntu/workspace/CST336/labs/lab6/api/get-products.php(15): PDOStatement->execute()
#1 {main}
  thrown in /home/ubuntu/workspace/CST336/labs/lab6/api/get-products.php on line 15
[08-Mar-2019 02:31:24 UTC] PHP Fatal error:  Uncaught exception 'PDOException' with message 'SQLSTATE[42S22]: Column not found: 1054 Unknown column 'catName' in 'where clause'' in /home/ubuntu/workspace/CST336/labs/lab6/api/get-products.php:15
Stack trace:
#0 /home/ubuntu/workspace/CST336/labs/lab6/api/get-products.php(15): PDOStatement->execute()
#1 {main}
  thrown in /home/ubuntu/workspace/CST336/labs/lab6/api/get-products.php on line 15
[08-Mar-2019 02:31:30 UTC] PHP Fatal error:  Uncaught exception 'PDOException' with message 'SQLSTATE[42S22]: Column not found: 1054 Unknown column 'catName' in 'where clause'' in /home/ubuntu/workspace/CST336/labs/lab6/api/get-products.php:15
Stack trace:
#0 /home/ubuntu/workspace/CST336/labs/lab6/api/get-products.php(15): PDOStatement->execute()
#1 {main}
  thrown in /home/ubuntu/workspace/CST336/labs/lab6/api/get-products.php on line 15
[08-Mar-2019 02:31:39 UTC] PHP Fatal error:  Uncaught exception 'PDOException' with message 'SQLSTATE[42S22]: Column not found: 1054 Unknown column 'catName' in 'where clause'' in /home/ubuntu/workspace/CST336/labs/lab6/api/get-products.php:15
Stack trace:
#0 /home/ubuntu/workspace/CST336/labs/lab6/api/get-products.php(15): PDOStatement->execute()
#1 {main}
  thrown in /home/ubuntu/workspace/CST336/labs/lab6/api/get-products.php on line 15
[08-Mar-2019 02:31:41 UTC] PHP Fatal error:  Uncaught exception 'PDOException' with message 'SQLSTATE[42S22]: Column not found: 1054 Unknown column 'catName' in 'where clause'' in /home/ubuntu/workspace/CST336/labs/lab6/api/get-products.php:15
Stack trace:
#0 /home/ubuntu/workspace/CST336/labs/lab6/api/get-products.php(15): PDOStatement->execute()
#1 {main}
  thrown in /home/ubuntu/workspace/CST336/labs/lab6/api/get-products.php on line 15
[08-Mar-2019 02:31:56 UTC] PHP Fatal error:  Uncaught exception 'PDOException' with message 'SQLSTATE[42S22]: Column not found: 1054 Unknown column 'catName' in 'where clause'' in /home/ubuntu/workspace/CST336/labs/lab6/api/get-products.php:15
Stack trace:
#0 /home/ubuntu/workspace/CST336/labs/lab6/api/get-products.php(15): PDOStatement->execute()
#1 {main}
  thrown in /home/ubuntu/workspace/CST336/labs/lab6/api/get-products.php on line 15
[08-Mar-2019 02:31:57 UTC] PHP Fatal error:  Uncaught exception 'PDOException' with message 'SQLSTATE[42S22]: Column not found: 1054 Unknown column 'catName' in 'where clause'' in /home/ubuntu/workspace/CST336/labs/lab6/api/get-products.php:15
Stack trace:
#0 /home/ubuntu/workspace/CST336/labs/lab6/api/get-products.php(15): PDOStatement->execute()
#1 {main}
  thrown in /home/ubuntu/workspace/CST336/labs/lab6/api/get-products.php on line 15
[08-Mar-2019 02:32:02 UTC] PHP Fatal error:  Uncaught exception 'PDOException' with message 'SQLSTATE[42S22]: Column not found: 1054 Unknown column 'catName' in 'where clause'' in /home/ubuntu/workspace/CST336/labs/lab6/api/get-products.php:15
Stack trace:
#0 /home/ubuntu/workspace/CST336/labs/lab6/api/get-products.php(15): PDOStatement->execute()
#1 {main}
  thrown in /home/ubuntu/workspace/CST336/labs/lab6/api/get-products.php on line 15
[08-Mar-2019 02:32:19 UTC] PHP Fatal error:  Uncaught exception 'PDOException' with message 'SQLSTATE[42S22]: Column not found: 1054 Unknown column 'catName' in 'where clause'' in /home/ubuntu/workspace/CST336/labs/lab6/api/get-products.php:15
Stack trace:
#0 /home/ubuntu/workspace/CST336/labs/lab6/api/get-products.php(15): PDOStatement->execute()
#1 {main}
  thrown in /home/ubuntu/workspace/CST336/labs/lab6/api/get-products.php on line 15
[08-Mar-2019 02:32:58 UTC] PHP Fatal error:  Uncaught exception 'PDOException' with message 'SQLSTATE[42S22]: Column not found: 1054 Unknown column 'catName' in 'where clause'' in /home/ubuntu/workspace/CST336/labs/lab6/api/get-products.php:15
Stack trace:
#0 /home/ubuntu/workspace/CST336/labs/lab6/api/get-products.php(15): PDOStatement->execute()
#1 {main}
  thrown in /home/ubuntu/workspace/CST336/labs/lab6/api/get-products.php on line 15
[08-Mar-2019 02:33:07 UTC] PHP Fatal error:  Uncaught exception 'PDOException' with message 'SQLSTATE[42S22]: Column not found: 1054 Unknown column 'catName' in 'where clause'' in /home/ubuntu/workspace/CST336/labs/lab6/api/get-products.php:15
Stack trace:
#0 /home/ubuntu/workspace/CST336/labs/lab6/api/get-products.php(15): PDOStatement->execute()
#1 {main}
  thrown in /home/ubuntu/workspace/CST336/labs/lab6/api/get-products.php on line 15
[08-Mar-2019 02:33:31 UTC] PHP Fatal error:  Uncaught exception 'PDOException' with message 'SQLSTATE[42S22]: Column not found: 1054 Unknown column 'catName' in 'where clause'' in /home/ubuntu/workspace/CST336/labs/lab6/api/get-products.php:15
Stack trace:
#0 /home/ubuntu/workspace/CST336/labs/lab6/api/get-products.php(15): PDOStatement->execute()
#1 {main}
  thrown in /home/ubuntu/workspace/CST336/labs/lab6/api/get-products.php on line 15
[08-Mar-2019 02:33:31 UTC] PHP Fatal error:  Uncaught exception 'PDOException' with message 'SQLSTATE[42S22]: Column not found: 1054 Unknown column 'catName' in 'where clause'' in /home/ubuntu/workspace/CST336/labs/lab6/api/get-products.php:15
Stack trace:
#0 /home/ubuntu/workspace/CST336/labs/lab6/api/get-products.php(15): PDOStatement->execute()
#1 {main}
  thrown in /home/ubuntu/workspace/CST336/labs/lab6/api/get-products.php on line 15
[08-Mar-2019 02:33:37 UTC] PHP Fatal error:  Uncaught exception 'PDOException' with message 'SQLSTATE[42S22]: Column not found: 1054 Unknown column 'catName' in 'where clause'' in /home/ubuntu/workspace/CST336/labs/lab6/api/get-products.php:15
Stack trace:
#0 /home/ubuntu/workspace/CST336/labs/lab6/api/get-products.php(15): PDOStatement->execute()
#1 {main}
  thrown in /home/ubuntu/workspace/CST336/labs/lab6/api/get-products.php on line 15
[08-Mar-2019 02:33:37 UTC] PHP Fatal error:  Uncaught exception 'PDOException' with message 'SQLSTATE[42S22]: Column not found: 1054 Unknown column 'catName' in 'where clause'' in /home/ubuntu/workspace/CST336/labs/lab6/api/get-products.php:15
Stack trace:
#0 /home/ubuntu/workspace/CST336/labs/lab6/api/get-products.php(15): PDOStatement->execute()
#1 {main}
  thrown in /home/ubuntu/workspace/CST336/labs/lab6/api/get-products.php on line 15
[08-Mar-2019 02:33:40 UTC] PHP Fatal error:  Uncaught exception 'PDOException' with message 'SQLSTATE[42S22]: Column not found: 1054 Unknown column 'catName' in 'where clause'' in /home/ubuntu/workspace/CST336/labs/lab6/api/get-products.php:15
Stack trace:
#0 /home/ubuntu/workspace/CST336/labs/lab6/api/get-products.php(15): PDOStatement->execute()
#1 {main}
  thrown in /home/ubuntu/workspace/CST336/labs/lab6/api/get-products.php on line 15
[08-Mar-2019 02:33:58 UTC] PHP Fatal error:  Uncaught exception 'PDOException' with message 'SQLSTATE[42S22]: Column not found: 1054 Unknown column 'catName' in 'where clause'' in /home/ubuntu/workspace/CST336/labs/lab6/api/get-products.php:15
Stack trace:
#0 /home/ubuntu/workspace/CST336/labs/lab6/api/get-products.php(15): PDOStatement->execute()
#1 {main}
  thrown in /home/ubuntu/workspace/CST336/labs/lab6/api/get-products.php on line 15
[08-Mar-2019 02:34:02 UTC] PHP Fatal error:  Uncaught exception 'PDOException' with message 'SQLSTATE[42S22]: Column not found: 1054 Unknown column 'catName' in 'where clause'' in /home/ubuntu/workspace/CST336/labs/lab6/api/get-products.php:15
Stack trace:
#0 /home/ubuntu/workspace/CST336/labs/lab6/api/get-products.php(15): PDOStatement->execute()
#1 {main}
  thrown in /home/ubuntu/workspace/CST336/labs/lab6/api/get-products.php on line 15
[08-Mar-2019 02:34:12 UTC] PHP Fatal error:  Uncaught exception 'PDOException' with message 'SQLSTATE[42S22]: Column not found: 1054 Unknown column 'catName' in 'where clause'' in /home/ubuntu/workspace/CST336/labs/lab6/api/get-products.php:15
Stack trace:
#0 /home/ubuntu/workspace/CST336/labs/lab6/api/get-products.php(15): PDOStatement->execute()
#1 {main}
  thrown in /home/ubuntu/workspace/CST336/labs/lab6/api/get-products.php on line 15
[12-Mar-2019 05:22:19 UTC] PHP Fatal error:  Call to undefined function getDatabase() in /home/ubuntu/workspace/CST336/labs/lab6/api/get-products.php on line 3
[12-Mar-2019 05:22:19 UTC] PHP Stack trace:
[12-Mar-2019 05:22:19 UTC] PHP   1. {main}() /home/ubuntu/workspace/CST336/labs/lab6/api/get-products.php:0
[12-Mar-2019 05:22:20 UTC] PHP Fatal error:  Call to undefined function getDatabase() in /home/ubuntu/workspace/CST336/labs/lab6/api/get-products.php on line 3
[12-Mar-2019 05:22:20 UTC] PHP Stack trace:
[12-Mar-2019 05:22:20 UTC] PHP   1. {main}() /home/ubuntu/workspace/CST336/labs/lab6/api/get-products.php:0
[12-Mar-2019 05:22:33 UTC] PHP Fatal error:  Call to undefined function getDatabase() in /home/ubuntu/workspace/CST336/labs/lab6/api/get-products.php on line 3
[12-Mar-2019 05:22:33 UTC] PHP Stack trace:
[12-Mar-2019 05:22:33 UTC] PHP   1. {main}() /home/ubuntu/workspace/CST336/labs/lab6/api/get-products.php:0
[12-Mar-2019 05:22:33 UTC] PHP Fatal error:  Call to undefined function getDatabase() in /home/ubuntu/workspace/CST336/labs/lab6/api/get-products.php on line 3
[12-Mar-2019 05:22:33 UTC] PHP Stack trace:
[12-Mar-2019 05:22:33 UTC] PHP   1. {main}() /home/ubuntu/workspace/CST336/labs/lab6/api/get-products.php:0
[13-Mar-2019 00:02:23 UTC] PHP Warning:  include(database.php): failed to open stream: No such file or directory in /home/ubuntu/workspace/CST336/labs/lab6/api/get-categories.php on line 2
[13-Mar-2019 00:02:23 UTC] PHP Stack trace:
[13-Mar-2019 00:02:23 UTC] PHP   1. {main}() /home/ubuntu/workspace/CST336/labs/lab6/api/get-categories.php:0
[13-Mar-2019 00:02:23 UTC] PHP Warning:  include(): Failed opening 'database.php' for inclusion (include_path='.:/usr/share/php:/usr/share/pear') in /home/ubuntu/workspace/CST336/labs/lab6/api/get-categories.php on line 2
[13-Mar-2019 00:02:23 UTC] PHP Stack trace:
[13-Mar-2019 00:02:23 UTC] PHP   1. {main}() /home/ubuntu/workspace/CST336/labs/lab6/api/get-categories.php:0
[13-Mar-2019 00:02:23 UTC] PHP Fatal error:  Call to undefined function getDatabase() in /home/ubuntu/workspace/CST336/labs/lab6/api/get-categories.php on line 3
[13-Mar-2019 00:02:23 UTC] PHP Stack trace:
[13-Mar-2019 00:02:23 UTC] PHP   1. {main}() /home/ubuntu/workspace/CST336/labs/lab6/api/get-categories.php:0
[13-Mar-2019 00:02:36 UTC] PHP Warning:  include(CST336/inc/database.php): failed to open stream: No such file or directory in /home/ubuntu/workspace/CST336/labs/lab6/api/get-categories.php on line 2
[13-Mar-2019 00:02:36 UTC] PHP Stack trace:
[13-Mar-2019 00:02:36 UTC] PHP   1. {main}() /home/ubuntu/workspace/CST336/labs/lab6/api/get-categories.php:0
[13-Mar-2019 00:02:36 UTC] PHP Warning:  include(): Failed opening 'CST336/inc/database.php' for inclusion (include_path='.:/usr/share/php:/usr/share/pear') in /home/ubuntu/workspace/CST336/labs/lab6/api/get-categories.php on line 2
[13-Mar-2019 00:02:36 UTC] PHP Stack trace:
[13-Mar-2019 00:02:36 UTC] PHP   1. {main}() /home/ubuntu/workspace/CST336/labs/lab6/api/get-categories.php:0
[13-Mar-2019 00:02:36 UTC] PHP Fatal error:  Call to undefined function getDatabase() in /home/ubuntu/workspace/CST336/labs/lab6/api/get-categories.php on line 3
[13-Mar-2019 00:02:36 UTC] PHP Stack trace:
[13-Mar-2019 00:02:36 UTC] PHP   1. {main}() /home/ubuntu/workspace/CST336/labs/lab6/api/get-categories.php:0
[13-Mar-2019 00:02:37 UTC] PHP Warning:  include(CST336/inc/database.php): failed to open stream: No such file or directory in /home/ubuntu/workspace/CST336/labs/lab6/api/get-categories.php on line 2
[13-Mar-2019 00:02:37 UTC] PHP Stack trace:
[13-Mar-2019 00:02:37 UTC] PHP   1. {main}() /home/ubuntu/workspace/CST336/labs/lab6/api/get-categories.php:0
[13-Mar-2019 00:02:37 UTC] PHP Warning:  include(): Failed opening 'CST336/inc/database.php' for inclusion (include_path='.:/usr/share/php:/usr/share/pear') in /home/ubuntu/workspace/CST336/labs/lab6/api/get-categories.php on line 2
[13-Mar-2019 00:02:37 UTC] PHP Stack trace:
[13-Mar-2019 00:02:37 UTC] PHP   1. {main}() /home/ubuntu/workspace/CST336/labs/lab6/api/get-categories.php:0
[13-Mar-2019 00:02:37 UTC] PHP Fatal error:  Call to undefined function getDatabase() in /home/ubuntu/workspace/CST336/labs/lab6/api/get-categories.php on line 3
[13-Mar-2019 00:02:37 UTC] PHP Stack trace:
[13-Mar-2019 00:02:37 UTC] PHP   1. {main}() /home/ubuntu/workspace/CST336/labs/lab6/api/get-categories.php:0
[13-Mar-2019 00:03:32 UTC] PHP Warning:  include(/home/ubuntu/workspace/inc/database.php): failed to open stream: No such file or directory in /home/ubuntu/workspace/CST336/labs/lab6/api/get-categories.php on line 2
[13-Mar-2019 00:03:32 UTC] PHP Stack trace:
[13-Mar-2019 00:03:32 UTC] PHP   1. {main}() /home/ubuntu/workspace/CST336/labs/lab6/api/get-categories.php:0
[13-Mar-2019 00:03:32 UTC] PHP Warning:  include(): Failed opening '/home/ubuntu/workspace/inc/database.php' for inclusion (include_path='.:/usr/share/php:/usr/share/pear') in /home/ubuntu/workspace/CST336/labs/lab6/api/get-categories.php on line 2
[13-Mar-2019 00:03:32 UTC] PHP Stack trace:
[13-Mar-2019 00:03:32 UTC] PHP   1. {main}() /home/ubuntu/workspace/CST336/labs/lab6/api/get-categories.php:0
[13-Mar-2019 00:03:32 UTC] PHP Fatal error:  Call to undefined function getDatabase() in /home/ubuntu/workspace/CST336/labs/lab6/api/get-categories.php on line 3
[13-Mar-2019 00:03:32 UTC] PHP Stack trace:
[13-Mar-2019 00:03:32 UTC] PHP   1. {main}() /home/ubuntu/workspace/CST336/labs/lab6/api/get-categories.php:0
[13-Mar-2019 00:03:34 UTC] PHP Warning:  include(/home/ubuntu/workspace/inc/database.php): failed to open stream: No such file or directory in /home/ubuntu/workspace/CST336/labs/lab6/api/get-categories.php on line 2
[13-Mar-2019 00:03:34 UTC] PHP Stack trace:
[13-Mar-2019 00:03:34 UTC] PHP   1. {main}() /home/ubuntu/workspace/CST336/labs/lab6/api/get-categories.php:0
[13-Mar-2019 00:03:34 UTC] PHP Warning:  include(): Failed opening '/home/ubuntu/workspace/inc/database.php' for inclusion (include_path='.:/usr/share/php:/usr/share/pear') in /home/ubuntu/workspace/CST336/labs/lab6/api/get-categories.php on line 2
[13-Mar-2019 00:03:34 UTC] PHP Stack trace:
[13-Mar-2019 00:03:34 UTC] PHP   1. {main}() /home/ubuntu/workspace/CST336/labs/lab6/api/get-categories.php:0
[13-Mar-2019 00:03:34 UTC] PHP Fatal error:  Call to undefined function getDatabase() in /home/ubuntu/workspace/CST336/labs/lab6/api/get-categories.php on line 3
[13-Mar-2019 00:03:34 UTC] PHP Stack trace:
[13-Mar-2019 00:03:34 UTC] PHP   1. {main}() /home/ubuntu/workspace/CST336/labs/lab6/api/get-categories.php:0
[13-Mar-2019 00:04:39 UTC] PHP Warning:  include(/home/ubuntu/workspaceinc/database.php): failed to open stream: No such file or directory in /home/ubuntu/workspace/CST336/labs/lab6/api/get-categories.php on line 2
[13-Mar-2019 00:04:39 UTC] PHP Stack trace:
[13-Mar-2019 00:04:39 UTC] PHP   1. {main}() /home/ubuntu/workspace/CST336/labs/lab6/api/get-categories.php:0
[13-Mar-2019 00:04:39 UTC] PHP Warning:  include(): Failed opening '/home/ubuntu/workspaceinc/database.php' for inclusion (include_path='.:/usr/share/php:/usr/share/pear') in /home/ubuntu/workspace/CST336/labs/lab6/api/get-categories.php on line 2
[13-Mar-2019 00:04:39 UTC] PHP Stack trace:
[13-Mar-2019 00:04:39 UTC] PHP   1. {main}() /home/ubuntu/workspace/CST336/labs/lab6/api/get-categories.php:0
[13-Mar-2019 00:04:39 UTC] PHP Fatal error:  Call to undefined function getDatabase() in /home/ubuntu/workspace/CST336/labs/lab6/api/get-categories.php on line 3
[13-Mar-2019 00:04:39 UTC] PHP Stack trace:
[13-Mar-2019 00:04:39 UTC] PHP   1. {main}() /home/ubuntu/workspace/CST336/labs/lab6/api/get-categories.php:0
[13-Mar-2019 00:04:46 UTC] PHP Warning:  include(../../inc/database.php): failed to open stream: No such file or directory in /home/ubuntu/workspace/CST336/labs/lab6/api/get-categories.php on line 2
[13-Mar-2019 00:04:46 UTC] PHP Stack trace:
[13-Mar-2019 00:04:46 UTC] PHP   1. {main}() /home/ubuntu/workspace/CST336/labs/lab6/api/get-categories.php:0
[13-Mar-2019 00:04:46 UTC] PHP Warning:  include(): Failed opening '../../inc/database.php' for inclusion (include_path='.:/usr/share/php:/usr/share/pear') in /home/ubuntu/workspace/CST336/labs/lab6/api/get-categories.php on line 2
[13-Mar-2019 00:04:46 UTC] PHP Stack trace:
[13-Mar-2019 00:04:46 UTC] PHP   1. {main}() /home/ubuntu/workspace/CST336/labs/lab6/api/get-categories.php:0
[13-Mar-2019 00:04:46 UTC] PHP Fatal error:  Call to undefined function getDatabase() in /home/ubuntu/workspace/CST336/labs/lab6/api/get-categories.php on line 3
[13-Mar-2019 00:04:46 UTC] PHP Stack trace:
[13-Mar-2019 00:04:46 UTC] PHP   1. {main}() /home/ubuntu/workspace/CST336/labs/lab6/api/get-categories.php:0
[13-Mar-2019 00:04:47 UTC] PHP Warning:  include(../../inc/database.php): failed to open stream: No such file or directory in /home/ubuntu/workspace/CST336/labs/lab6/api/get-categories.php on line 2
[13-Mar-2019 00:04:47 UTC] PHP Stack trace:
[13-Mar-2019 00:04:47 UTC] PHP   1. {main}() /home/ubuntu/workspace/CST336/labs/lab6/api/get-categories.php:0
[13-Mar-2019 00:04:47 UTC] PHP Warning:  include(): Failed opening '../../inc/database.php' for inclusion (include_path='.:/usr/share/php:/usr/share/pear') in /home/ubuntu/workspace/CST336/labs/lab6/api/get-categories.php on line 2
[13-Mar-2019 00:04:47 UTC] PHP Stack trace:
[13-Mar-2019 00:04:47 UTC] PHP   1. {main}() /home/ubuntu/workspace/CST336/labs/lab6/api/get-categories.php:0
[13-Mar-2019 00:04:47 UTC] PHP Fatal error:  Call to undefined function getDatabase() in /home/ubuntu/workspace/CST336/labs/lab6/api/get-categories.php on line 3
[13-Mar-2019 00:04:47 UTC] PHP Stack trace:
[13-Mar-2019 00:04:47 UTC] PHP   1. {main}() /home/ubuntu/workspace/CST336/labs/lab6/api/get-categories.php:0
[13-Mar-2019 00:34:14 UTC] PHP Fatal error:  Uncaught exception 'PDOException' with message 'SQLSTATE[42000]: Syntax error or access violation: 1064 You have an error in your SQL syntax; check the manual that corresponds to your MySQL server version for the right syntax to use near ''%%'' at line 1' in /home/ubuntu/workspace/CST336/labs/lab6/api/get-results.php:21
Stack trace:
#0 /home/ubuntu/workspace/CST336/labs/lab6/api/get-results.php(21): PDOStatement->execute(Array)
#1 {main}
  thrown in /home/ubuntu/workspace/CST336/labs/lab6/api/get-results.php on line 21
[13-Mar-2019 00:34:17 UTC] PHP Fatal error:  Uncaught exception 'PDOException' with message 'SQLSTATE[42000]: Syntax error or access violation: 1064 You have an error in your SQL syntax; check the manual that corresponds to your MySQL server version for the right syntax to use near ''%%'' at line 1' in /home/ubuntu/workspace/CST336/labs/lab6/api/get-results.php:21
Stack trace:
#0 /home/ubuntu/workspace/CST336/labs/lab6/api/get-results.php(21): PDOStatement->execute(Array)
#1 {main}
  thrown in /home/ubuntu/workspace/CST336/labs/lab6/api/get-results.php on line 21
[13-Mar-2019 00:35:41 UTC] PHP Fatal error:  Uncaught exception 'PDOException' with message 'SQLSTATE[42000]: Syntax error or access violation: 1064 You have an error in your SQL syntax; check the manual that corresponds to your MySQL server version for the right syntax to use near ''%1%'' at line 1' in /home/ubuntu/workspace/CST336/labs/lab6/api/get-results.php:21
Stack trace:
#0 /home/ubuntu/workspace/CST336/labs/lab6/api/get-results.php(21): PDOStatement->execute(Array)
#1 {main}
  thrown in /home/ubuntu/workspace/CST336/labs/lab6/api/get-results.php on line 21
[15-Mar-2019 00:20:06 UTC] PHP Fatal error:  Uncaught exception 'PDOException' with message 'SQLSTATE[HY093]: Invalid parameter number: number of bound variables does not match number of tokens' in /home/ubuntu/workspace/CST336/labs/lab6/api/get-results.php:38
Stack trace:
#0 /home/ubuntu/workspace/CST336/labs/lab6/api/get-results.php(38): PDOStatement->execute(Array)
#1 {main}
  thrown in /home/ubuntu/workspace/CST336/labs/lab6/api/get-results.php on line 38
[15-Mar-2019 00:20:09 UTC] PHP Fatal error:  Uncaught exception 'PDOException' with message 'SQLSTATE[HY093]: Invalid parameter number: number of bound variables does not match number of tokens' in /home/ubuntu/workspace/CST336/labs/lab6/api/get-results.php:38
Stack trace:
#0 /home/ubuntu/workspace/CST336/labs/lab6/api/get-results.php(38): PDOStatement->execute(Array)
#1 {main}
  thrown in /home/ubuntu/workspace/CST336/labs/lab6/api/get-results.php on line 38
[15-Mar-2019 00:20:26 UTC] PHP Fatal error:  Uncaught exception 'PDOException' with message 'SQLSTATE[HY093]: Invalid parameter number: number of bound variables does not match number of tokens' in /home/ubuntu/workspace/CST336/labs/lab6/api/get-results.php:38
Stack trace:
#0 /home/ubuntu/workspace/CST336/labs/lab6/api/get-results.php(38): PDOStatement->execute(Array)
#1 {main}
  thrown in /home/ubuntu/workspace/CST336/labs/lab6/api/get-results.php on line 38
[15-Mar-2019 00:20:39 UTC] PHP Fatal error:  Uncaught exception 'PDOException' with message 'SQLSTATE[HY093]: Invalid parameter number: number of bound variables does not match number of tokens' in /home/ubuntu/workspace/CST336/labs/lab6/api/get-results.php:38
Stack trace:
#0 /home/ubuntu/workspace/CST336/labs/lab6/api/get-results.php(38): PDOStatement->execute(Array)
#1 {main}
  thrown in /home/ubuntu/workspace/CST336/labs/lab6/api/get-results.php on line 38
[15-Mar-2019 00:21:01 UTC] PHP Fatal error:  Uncaught exception 'PDOException' with message 'SQLSTATE[HY093]: Invalid parameter number: number of bound variables does not match number of tokens' in /home/ubuntu/workspace/CST336/labs/lab6/api/get-results.php:38
Stack trace:
#0 /home/ubuntu/workspace/CST336/labs/lab6/api/get-results.php(38): PDOStatement->execute(Array)
#1 {main}
  thrown in /home/ubuntu/workspace/CST336/labs/lab6/api/get-results.php on line 38
[15-Mar-2019 00:21:10 UTC] PHP Fatal error:  Uncaught exception 'PDOException' with message 'SQLSTATE[HY093]: Invalid parameter number: number of bound variables does not match number of tokens' in /home/ubuntu/workspace/CST336/labs/lab6/api/get-results.php:38
Stack trace:
#0 /home/ubuntu/workspace/CST336/labs/lab6/api/get-results.php(38): PDOStatement->execute(Array)
#1 {main}
  thrown in /home/ubuntu/workspace/CST336/labs/lab6/api/get-results.php on line 38
[15-Mar-2019 03:50:35 UTC] PHP Fatal error:  Uncaught exception 'PDOException' with message 'SQLSTATE[HY000]: General error: invalid fetch mode' in /home/ubuntu/workspace/CST336/labs/lab6/api/get-results.php:41
Stack trace:
#0 /home/ubuntu/workspace/CST336/labs/lab6/api/get-results.php(41): PDOStatement->fetchAll(19)
#1 {main}
  thrown in /home/ubuntu/workspace/CST336/labs/lab6/api/get-results.php on line 41
[15-Mar-2019 03:50:47 UTC] PHP Fatal error:  Uncaught exception 'PDOException' with message 'SQLSTATE[HY000]: General error: invalid fetch mode' in /home/ubuntu/workspace/CST336/labs/lab6/api/get-results.php:41
Stack trace:
#0 /home/ubuntu/workspace/CST336/labs/lab6/api/get-results.php(41): PDOStatement->fetchAll(19)
#1 {main}
  thrown in /home/ubuntu/workspace/CST336/labs/lab6/api/get-results.php on line 41
[15-Mar-2019 03:52:55 UTC] PHP Fatal error:  Uncaught exception 'PDOException' with message 'SQLSTATE[42S22]: Column not found: 1054 Unknown column 'price' in 'order clause'' in /home/ubuntu/workspace/CST336/labs/lab6/api/get-results.php:42
Stack trace:
#0 /home/ubuntu/workspace/CST336/labs/lab6/api/get-results.php(42): PDOStatement->execute(Array)
#1 {main}
  thrown in /home/ubuntu/workspace/CST336/labs/lab6/api/get-results.php on line 42
[15-Mar-2019 04:03:02 UTC] PHP Notice:  Undefined index: order in /home/ubuntu/workspace/CST336/labs/lab6/api/get-results.php on line 14
[15-Mar-2019 04:03:02 UTC] PHP Stack trace:
[15-Mar-2019 04:03:02 UTC] PHP   1. {main}() /home/ubuntu/workspace/CST336/labs/lab6/api/get-results.php:0
[15-Mar-2019 04:03:20 UTC] PHP Notice:  Undefined index: order in /home/ubuntu/workspace/CST336/labs/lab6/api/get-results.php on line 14
[15-Mar-2019 04:03:20 UTC] PHP Stack trace:
[15-Mar-2019 04:03:20 UTC] PHP   1. {main}() /home/ubuntu/workspace/CST336/labs/lab6/api/get-results.php:0
[15-Mar-2019 04:03:21 UTC] PHP Notice:  Undefined index: order in /home/ubuntu/workspace/CST336/labs/lab6/api/get-results.php on line 14
[15-Mar-2019 04:03:21 UTC] PHP Stack trace:
[15-Mar-2019 04:03:21 UTC] PHP   1. {main}() /home/ubuntu/workspace/CST336/labs/lab6/api/get-results.php:0
[15-Mar-2019 04:41:34 UTC] PHP Fatal error:  Uncaught exception 'PDOException' with message 'SQLSTATE[42S22]: Column not found: 1054 Unknown column 'productPriceee' in 'order clause'' in /home/ubuntu/workspace/CST336/labs/lab6/api/get-results.php:41
Stack trace:
#0 /home/ubuntu/workspace/CST336/labs/lab6/api/get-results.php(41): PDOStatement->execute(Array)
#1 {main}
  thrown in /home/ubuntu/workspace/CST336/labs/lab6/api/get-results.php on line 41
[17-Mar-2019 02:15:53 UTC] PHP Fatal error:  Uncaught exception 'PDOException' with message 'SQLSTATE[42S22]: Column not found: 1054 Unknown column 'product' in 'where clause'' in /home/ubuntu/workspace/CST336/labs/lab6/api/get-product.php:9
Stack trace:
#0 /home/ubuntu/workspace/CST336/labs/lab6/api/get-product.php(9): PDOStatement->execute()
#1 {main}
  thrown in /home/ubuntu/workspace/CST336/labs/lab6/api/get-product.php on line 9
[17-Mar-2019 02:16:31 UTC] PHP Fatal error:  Uncaught exception 'PDOException' with message 'SQLSTATE[42S22]: Column not found: 1054 Unknown column 'product' in 'where clause'' in /home/ubuntu/workspace/CST336/labs/lab6/api/get-product.php:9
Stack trace:
#0 /home/ubuntu/workspace/CST336/labs/lab6/api/get-product.php(9): PDOStatement->execute()
#1 {main}
  thrown in /home/ubuntu/workspace/CST336/labs/lab6/api/get-product.php on line 9
[17-Mar-2019 02:17:21 UTC] PHP Fatal error:  Uncaught exception 'PDOException' with message 'SQLSTATE[42S22]: Column not found: 1054 Unknown column 'product' in 'where clause'' in /home/ubuntu/workspace/CST336/labs/lab6/api/get-product.php:9
Stack trace:
#0 /home/ubuntu/workspace/CST336/labs/lab6/api/get-product.php(9): PDOStatement->execute()
#1 {main}
  thrown in /home/ubuntu/workspace/CST336/labs/lab6/api/get-product.php on line 9
[17-Mar-2019 02:17:56 UTC] PHP Fatal error:  Uncaught exception 'PDOException' with message 'SQLSTATE[42S22]: Column not found: 1054 Unknown column 'product' in 'where clause'' in /home/ubuntu/workspace/CST336/labs/lab6/api/get-product.php:9
Stack trace:
#0 /home/ubuntu/workspace/CST336/labs/lab6/api/get-product.php(9): PDOStatement->execute()
#1 {main}
  thrown in /home/ubuntu/workspace/CST336/labs/lab6/api/get-product.php on line 9
[17-Mar-2019 02:19:47 UTC] PHP Fatal error:  Uncaught exception 'PDOException' with message 'SQLSTATE[42S22]: Column not found: 1054 Unknown column 'NaN' in 'where clause'' in /home/ubuntu/workspace/CST336/labs/lab6/api/get-product.php:9
Stack trace:
#0 /home/ubuntu/workspace/CST336/labs/lab6/api/get-product.php(9): PDOStatement->execute()
#1 {main}
  thrown in /home/ubuntu/workspace/CST336/labs/lab6/api/get-product.php on line 9
[17-Mar-2019 02:19:53 UTC] PHP Fatal error:  Uncaught exception 'PDOException' with message 'SQLSTATE[42S22]: Column not found: 1054 Unknown column 'NaN' in 'where clause'' in /home/ubuntu/workspace/CST336/labs/lab6/api/get-product.php:9
Stack trace:
#0 /home/ubuntu/workspace/CST336/labs/lab6/api/get-product.php(9): PDOStatement->execute()
#1 {main}
  thrown in /home/ubuntu/workspace/CST336/labs/lab6/api/get-product.php on line 9
[17-Mar-2019 02:19:58 UTC] PHP Fatal error:  Uncaught exception 'PDOException' with message 'SQLSTATE[42S22]: Column not found: 1054 Unknown column 'NaN' in 'where clause'' in /home/ubuntu/workspace/CST336/labs/lab6/api/get-product.php:9
Stack trace:
#0 /home/ubuntu/workspace/CST336/labs/lab6/api/get-product.php(9): PDOStatement->execute()
#1 {main}
  thrown in /home/ubuntu/workspace/CST336/labs/lab6/api/get-product.php on line 9
[17-Mar-2019 05:53:12 UTC] PHP Fatal error:  Uncaught exception 'PDOException' with message 'SQLSTATE[42000]: Syntax error or access violation: 1064 You have an error in your SQL syntax; check the manual that corresponds to your MySQL server version for the right syntax to use near 'CASE 1' at line 1' in /home/ubuntu/workspace/CST336/labs/lab6/api/get-product.php:14
Stack trace:
#0 /home/ubuntu/workspace/CST336/labs/lab6/api/get-product.php(14): PDOStatement->execute()
#1 {main}
  thrown in /home/ubuntu/workspace/CST336/labs/lab6/api/get-product.php on line 14
[17-Mar-2019 05:54:19 UTC] PHP Parse error:  syntax error, unexpected ')' in /home/ubuntu/workspace/CST336/labs/lab6/api/get-product.php on line 7
[17-Mar-2019 05:54:49 UTC] PHP Fatal error:  Uncaught exception 'PDOException' with message 'SQLSTATE[42000]: Syntax error or access violation: 1064 You have an error in your SQL syntax; check the manual that corresponds to your MySQL server version for the right syntax to use near 'IF 1 (NATURAL JOIN om_product)' at line 1' in /home/ubuntu/workspace/CST336/labs/lab6/api/get-product.php:14
Stack trace:
#0 /home/ubuntu/workspace/CST336/labs/lab6/api/get-product.php(14): PDOStatement->execute()
#1 {main}
  thrown in /home/ubuntu/workspace/CST336/labs/lab6/api/get-product.php on line 14
[17-Mar-2019 05:54:59 UTC] PHP Fatal error:  Uncaught exception 'PDOException' with message 'SQLSTATE[42000]: Syntax error or access violation: 1064 You have an error in your SQL syntax; check the manual that corresponds to your MySQL server version for the right syntax to use near 'IF THEN 1 NATURAL JOIN om_product' at line 1' in /home/ubuntu/workspace/CST336/labs/lab6/api/get-product.php:14
Stack trace:
#0 /home/ubuntu/workspace/CST336/labs/lab6/api/get-product.php(14): PDOStatement->execute()
#1 {main}
  thrown in /home/ubuntu/workspace/CST336/labs/lab6/api/get-product.php on line 14
[17-Mar-2019 05:55:01 UTC] PHP Fatal error:  Uncaught exception 'PDOException' with message 'SQLSTATE[42000]: Syntax error or access violation: 1064 You have an error in your SQL syntax; check the manual that corresponds to your MySQL server version for the right syntax to use near 'IF THEN 1 NATURAL JOIN om_product' at line 1' in /home/ubuntu/workspace/CST336/labs/lab6/api/get-product.php:14
Stack trace:
#0 /home/ubuntu/workspace/CST336/labs/lab6/api/get-product.php(14): PDOStatement->execute()
#1 {main}
  thrown in /home/ubuntu/workspace/CST336/labs/lab6/api/get-product.php on line 14
[17-Mar-2019 05:55:06 UTC] PHP Fatal error:  Uncaught exception 'PDOException' with message 'SQLSTATE[42000]: Syntax error or access violation: 1064 You have an error in your SQL syntax; check the manual that corresponds to your MySQL server version for the right syntax to use near 'IF 1 THEN NATURAL JOIN om_product' at line 1' in /home/ubuntu/workspace/CST336/labs/lab6/api/get-product.php:14
Stack trace:
#0 /home/ubuntu/workspace/CST336/labs/lab6/api/get-product.php(14): PDOStatement->execute()
#1 {main}
  thrown in /home/ubuntu/workspace/CST336/labs/lab6/api/get-product.php on line 14
[17-Mar-2019 05:55:07 UTC] PHP Fatal error:  Uncaught exception 'PDOException' with message 'SQLSTATE[42000]: Syntax error or access violation: 1064 You have an error in your SQL syntax; check the manual that corresponds to your MySQL server version for the right syntax to use near 'IF 1 THEN NATURAL JOIN om_product' at line 1' in /home/ubuntu/workspace/CST336/labs/lab6/api/get-product.php:14
Stack trace:
#0 /home/ubuntu/workspace/CST336/labs/lab6/api/get-product.php(14): PDOStatement->execute()
#1 {main}
  thrown in /home/ubuntu/workspace/CST336/labs/lab6/api/get-product.php on line 14
[17-Mar-2019 05:59:31 UTC] PHP Fatal error:  Uncaught exception 'PDOException' with message 'SQLSTATE[42000]: Syntax error or access violation: 1064 You have an error in your SQL syntax; check the manual that corresponds to your MySQL server version for the right syntax to use near 'IF(1, NATURAL JOIN om_product, 1)' at line 1' in /home/ubuntu/workspace/CST336/labs/lab6/api/get-product.php:14
Stack trace:
#0 /home/ubuntu/workspace/CST336/labs/lab6/api/get-product.php(14): PDOStatement->execute()
#1 {main}
  thrown in /home/ubuntu/workspace/CST336/labs/lab6/api/get-product.php on line 14
[17-Mar-2019 05:59:32 UTC] PHP Fatal error:  Uncaught exception 'PDOException' with message 'SQLSTATE[42000]: Syntax error or access violation: 1064 You have an error in your SQL syntax; check the manual that corresponds to your MySQL server version for the right syntax to use near 'IF(1, NATURAL JOIN om_product, 1)' at line 1' in /home/ubuntu/workspace/CST336/labs/lab6/api/get-product.php:14
Stack trace:
#0 /home/ubuntu/workspace/CST336/labs/lab6/api/get-product.php(14): PDOStatement->execute()
#1 {main}
  thrown in /home/ubuntu/workspace/CST336/labs/lab6/api/get-product.php on line 14
[17-Mar-2019 05:59:54 UTC] PHP Fatal error:  Uncaught exception 'PDOException' with message 'SQLSTATE[42000]: Syntax error or access violation: 1064 You have an error in your SQL syntax; check the manual that corresponds to your MySQL server version for the right syntax to use near 'IF(0<5, NATURAL JOIN om_product, 1)' at line 1' in /home/ubuntu/workspace/CST336/labs/lab6/api/get-product.php:14
Stack trace:
#0 /home/ubuntu/workspace/CST336/labs/lab6/api/get-product.php(14): PDOStatement->execute()
#1 {main}
  thrown in /home/ubuntu/workspace/CST336/labs/lab6/api/get-product.php on line 14
[17-Mar-2019 06:00:20 UTC] PHP Fatal error:  Uncaught exception 'PDOException' with message 'SQLSTATE[42000]: Syntax error or access violation: 1064 You have an error in your SQL syntax; check the manual that corresponds to your MySQL server version for the right syntax to use near 'IF(0<5, NATURAL JOIN om_product, NATURAL JOIN om_product)' at line 1' in /home/ubuntu/workspace/CST336/labs/lab6/api/get-product.php:14
Stack trace:
#0 /home/ubuntu/workspace/CST336/labs/lab6/api/get-product.php(14): PDOStatement->execute()
#1 {main}
  thrown in /home/ubuntu/workspace/CST336/labs/lab6/api/get-product.php on line 14
[17-Mar-2019 06:00:21 UTC] PHP Fatal error:  Uncaught exception 'PDOException' with message 'SQLSTATE[42000]: Syntax error or access violation: 1064 You have an error in your SQL syntax; check the manual that corresponds to your MySQL server version for the right syntax to use near 'IF(0<5, NATURAL JOIN om_product, NATURAL JOIN om_product)' at line 1' in /home/ubuntu/workspace/CST336/labs/lab6/api/get-product.php:14
Stack trace:
#0 /home/ubuntu/workspace/CST336/labs/lab6/api/get-product.php(14): PDOStatement->execute()
#1 {main}
  thrown in /home/ubuntu/workspace/CST336/labs/lab6/api/get-product.php on line 14
[17-Mar-2019 06:01:40 UTC] PHP Fatal error:  Uncaught exception 'PDOException' with message 'SQLSTATE[42000]: Syntax error or access violation: 1064 You have an error in your SQL syntax; check the manual that corresponds to your MySQL server version for the right syntax to use near 'NATURAL JOIN om_product' at line 1' in /home/ubuntu/workspace/CST336/labs/lab6/api/get-product.php:14
Stack trace:
#0 /home/ubuntu/workspace/CST336/labs/lab6/api/get-product.php(14): PDOStatement->execute()
#1 {main}
  thrown in /home/ubuntu/workspace/CST336/labs/lab6/api/get-product.php on line 14
[17-Mar-2019 06:02:13 UTC] PHP Fatal error:  Uncaught exception 'PDOException' with message 'SQLSTATE[42000]: Syntax error or access violation: 1064 You have an error in your SQL syntax; check the manual that corresponds to your MySQL server version for the right syntax to use near '(NATURAL JOIN om_product)' at line 1' in /home/ubuntu/workspace/CST336/labs/lab6/api/get-product.php:14
Stack trace:
#0 /home/ubuntu/workspace/CST336/labs/lab6/api/get-product.php(14): PDOStatement->execute()
#1 {main}
  thrown in /home/ubuntu/workspace/CST336/labs/lab6/api/get-product.php on line 14
[17-Mar-2019 06:03:24 UTC] PHP Fatal error:  Uncaught exception 'PDOException' with message 'SQLSTATE[42000]: Syntax error or access violation: 1064 You have an error in your SQL syntax; check the manual that corresponds to your MySQL server version for the right syntax to use near 'OR (SELECT * FROM om_purchase WHERE productId = 3)' at line 2' in /home/ubuntu/workspace/CST336/labs/lab6/api/get-product.php:15
Stack trace:
#0 /home/ubuntu/workspace/CST336/labs/lab6/api/get-product.php(15): PDOStatement->execute()
#1 {main}
  thrown in /home/ubuntu/workspace/CST336/labs/lab6/api/get-product.php on line 15
[17-Mar-2019 06:04:05 UTC] PHP Fatal error:  Uncaught exception 'PDOException' with message 'SQLSTATE[42000]: Syntax error or access violation: 1064 You have an error in your SQL syntax; check the manual that corresponds to your MySQL server version for the right syntax to use near '0' at line 1' in /home/ubuntu/workspace/CST336/labs/lab6/api/get-product.php:15
Stack trace:
#0 /home/ubuntu/workspace/CST336/labs/lab6/api/get-product.php(15): PDOStatement->execute()
#1 {main}
  thrown in /home/ubuntu/workspace/CST336/labs/lab6/api/get-product.php on line 15
[17-Mar-2019 06:04:30 UTC] PHP Fatal error:  Uncaught exception 'PDOException' with message 'SQLSTATE[42000]: Syntax error or access violation: 1064 You have an error in your SQL syntax; check the manual that corresponds to your MySQL server version for the right syntax to use near '0' at line 1' in /home/ubuntu/workspace/CST336/labs/lab6/api/get-product.php:15
Stack trace:
#0 /home/ubuntu/workspace/CST336/labs/lab6/api/get-product.php(15): PDOStatement->execute()
#1 {main}
  thrown in /home/ubuntu/workspace/CST336/labs/lab6/api/get-product.php on line 15
[17-Mar-2019 06:04:31 UTC] PHP Fatal error:  Uncaught exception 'PDOException' with message 'SQLSTATE[42000]: Syntax error or access violation: 1064 You have an error in your SQL syntax; check the manual that corresponds to your MySQL server version for the right syntax to use near '0' at line 1' in /home/ubuntu/workspace/CST336/labs/lab6/api/get-product.php:15
Stack trace:
#0 /home/ubuntu/workspace/CST336/labs/lab6/api/get-product.php(15): PDOStatement->execute()
#1 {main}
  thrown in /home/ubuntu/workspace/CST336/labs/lab6/api/get-product.php on line 15
[17-Mar-2019 06:04:32 UTC] PHP Fatal error:  Uncaught exception 'PDOException' with message 'SQLSTATE[42000]: Syntax error or access violation: 1064 You have an error in your SQL syntax; check the manual that corresponds to your MySQL server version for the right syntax to use near '0' at line 1' in /home/ubuntu/workspace/CST336/labs/lab6/api/get-product.php:15
Stack trace:
#0 /home/ubuntu/workspace/CST336/labs/lab6/api/get-product.php(15): PDOStatement->execute()
#1 {main}
  thrown in /home/ubuntu/workspace/CST336/labs/lab6/api/get-product.php on line 15
[17-Mar-2019 06:05:42 UTC] PHP Fatal error:  Uncaught exception 'PDOException' with message 'SQLSTATE[42000]: Syntax error or access violation: 1064 You have an error in your SQL syntax; check the manual that corresponds to your MySQL server version for the right syntax to use near '0' at line 1' in /home/ubuntu/workspace/CST336/labs/lab6/api/get-product.php:15
Stack trace:
#0 /home/ubuntu/workspace/CST336/labs/lab6/api/get-product.php(15): PDOStatement->execute()
#1 {main}
  thrown in /home/ubuntu/workspace/CST336/labs/lab6/api/get-product.php on line 15
[17-Mar-2019 06:05:43 UTC] PHP Fatal error:  Uncaught exception 'PDOException' with message 'SQLSTATE[42000]: Syntax error or access violation: 1064 You have an error in your SQL syntax; check the manual that corresponds to your MySQL server version for the right syntax to use near '0' at line 1' in /home/ubuntu/workspace/CST336/labs/lab6/api/get-product.php:15
Stack trace:
#0 /home/ubuntu/workspace/CST336/labs/lab6/api/get-product.php(15): PDOStatement->execute()
#1 {main}
  thrown in /home/ubuntu/workspace/CST336/labs/lab6/api/get-product.php on line 15
[17-Mar-2019 06:29:16 UTC] PHP Fatal error:  Uncaught exception 'PDOException' with message 'SQLSTATE[42000]: Syntax error or access violation: 1064 You have an error in your SQL syntax; check the manual that corresponds to your MySQL server version for the right syntax to use near '0' at line 1' in /home/ubuntu/workspace/CST336/labs/lab6/api/get-product.php:15
Stack trace:
#0 /home/ubuntu/workspace/CST336/labs/lab6/api/get-product.php(15): PDOStatement->execute()
#1 {main}
  thrown in /home/ubuntu/workspace/CST336/labs/lab6/api/get-product.php on line 15
[17-Mar-2019 06:29:17 UTC] PHP Fatal error:  Uncaught exception 'PDOException' with message 'SQLSTATE[42000]: Syntax error or access violation: 1064 You have an error in your SQL syntax; check the manual that corresponds to your MySQL server version for the right syntax to use near '0' at line 1' in /home/ubuntu/workspace/CST336/labs/lab6/api/get-product.php:15
Stack trace:
#0 /home/ubuntu/workspace/CST336/labs/lab6/api/get-product.php(15): PDOStatement->execute()
#1 {main}
  thrown in /home/ubuntu/workspace/CST336/labs/lab6/api/get-product.php on line 15
[17-Mar-2019 06:29:18 UTC] PHP Fatal error:  Uncaught exception 'PDOException' with message 'SQLSTATE[42000]: Syntax error or access violation: 1064 You have an error in your SQL syntax; check the manual that corresponds to your MySQL server version for the right syntax to use near '0' at line 1' in /home/ubuntu/workspace/CST336/labs/lab6/api/get-product.php:15
Stack trace:
#0 /home/ubuntu/workspace/CST336/labs/lab6/api/get-product.php(15): PDOStatement->execute()
#1 {main}
  thrown in /home/ubuntu/workspace/CST336/labs/lab6/api/get-product.php on line 15
[17-Mar-2019 06:29:56 UTC] PHP Fatal error:  Uncaught exception 'PDOException' with message 'SQLSTATE[42000]: Syntax error or access violation: 1064 You have an error in your SQL syntax; check the manual that corresponds to your MySQL server version for the right syntax to use near '0' at line 1' in /home/ubuntu/workspace/CST336/labs/lab6/api/get-product.php:10
Stack trace:
#0 /home/ubuntu/workspace/CST336/labs/lab6/api/get-product.php(10): PDOStatement->execute()
#1 {main}
  thrown in /home/ubuntu/workspace/CST336/labs/lab6/api/get-product.php on line 10
[17-Mar-2019 06:30:16 UTC] PHP Fatal error:  Uncaught exception 'PDOException' with message 'SQLSTATE[42000]: Syntax error or access violation: 1064 You have an error in your SQL syntax; check the manual that corresponds to your MySQL server version for the right syntax to use near 'ONprod.productId = pur.productId WHERE prod.productId = 3' at line 1' in /home/ubuntu/workspace/CST336/labs/lab6/api/get-product.php:11
Stack trace:
#0 /home/ubuntu/workspace/CST336/labs/lab6/api/get-product.php(11): PDOStatement->execute()
#1 {main}
  thrown in /home/ubuntu/workspace/CST336/labs/lab6/api/get-product.php on line 11
