[08-Apr-2019 19:10:55 UTC] PHP Fatal error:  Call to undefined function getDatabaseConnection() in /home/ubuntu/workspace/CST336/practice/p8/api/get_word_api.php on line 6
[08-Apr-2019 19:10:55 UTC] PHP Stack trace:
[08-Apr-2019 19:10:55 UTC] PHP   1. {main}() /home/ubuntu/workspace/CST336/practice/p8/api/get_word_api.php:0
[08-Apr-2019 19:11:00 UTC] PHP Fatal error:  Call to undefined function getDatabaseConnection() in /home/ubuntu/workspace/CST336/practice/p8/api/get_word_api.php on line 6
[08-Apr-2019 19:11:00 UTC] PHP Stack trace:
[08-Apr-2019 19:11:00 UTC] PHP   1. {main}() /home/ubuntu/workspace/CST336/practice/p8/api/get_word_api.php:0
[08-Apr-2019 19:11:11 UTC] PHP Fatal error:  Uncaught exception 'PDOException' with message 'SQLSTATE[HY000] [1049] Unknown database 'hangman'' in /home/ubuntu/workspace/CST336/inc/database.php:16
Stack trace:
#0 /home/ubuntu/workspace/CST336/inc/database.php(16): PDO->__construct('mysql:host=loca...', 'root', '')
#1 /home/ubuntu/workspace/CST336/practice/p8/api/get_word_api.php(6): getDatabase('hangman')
#2 {main}
  thrown in /home/ubuntu/workspace/CST336/inc/database.php on line 16
[08-Apr-2019 19:52:10 UTC] PHP Fatal error:  Uncaught exception 'PDOException' with message 'SQLSTATE[42000]: Syntax error or access violation: 1064 You have an error in your SQL syntax; check the manual that corresponds to your MySQL server version for the right syntax to use near '' at line 1' in /home/ubuntu/workspace/CST336/practice/p8/api/check_word.php:11
Stack trace:
#0 /home/ubuntu/workspace/CST336/practice/p8/api/check_word.php(11): PDOStatement->execute()
#1 {main}
  thrown in /home/ubuntu/workspace/CST336/practice/p8/api/check_word.php on line 11
[08-Apr-2019 19:52:26 UTC] PHP Fatal error:  Uncaught exception 'PDOException' with message 'SQLSTATE[42S02]: Base table or view not found: 1146 Table 'hangman.hangman' doesn't exist' in /home/ubuntu/workspace/CST336/practice/p8/api/check_word.php:11
Stack trace:
#0 /home/ubuntu/workspace/CST336/practice/p8/api/check_word.php(11): PDOStatement->execute()
#1 {main}
  thrown in /home/ubuntu/workspace/CST336/practice/p8/api/check_word.php on line 11
[08-Apr-2019 19:59:56 UTC] PHP Fatal error:  Uncaught exception 'PDOException' with message 'SQLSTATE[HY093]: Invalid parameter number: no parameters were bound' in /home/ubuntu/workspace/CST336/practice/p8/api/check_word.php:12
Stack trace:
#0 /home/ubuntu/workspace/CST336/practice/p8/api/check_word.php(12): PDOStatement->execute()
#1 {main}
  thrown in /home/ubuntu/workspace/CST336/practice/p8/api/check_word.php on line 12
[08-Apr-2019 20:00:22 UTC] PHP Fatal error:  Uncaught exception 'PDOException' with message 'SQLSTATE[HY093]: Invalid parameter number: no parameters were bound' in /home/ubuntu/workspace/CST336/practice/p8/api/check_word.php:11
Stack trace:
#0 /home/ubuntu/workspace/CST336/practice/p8/api/check_word.php(11): PDOStatement->execute()
#1 {main}
  thrown in /home/ubuntu/workspace/CST336/practice/p8/api/check_word.php on line 11
[08-Apr-2019 20:01:11 UTC] PHP Fatal error:  Uncaught exception 'PDOException' with message 'SQLSTATE[HY093]: Invalid parameter number: no parameters were bound' in /home/ubuntu/workspace/CST336/practice/p8/api/check_word.php:12
Stack trace:
#0 /home/ubuntu/workspace/CST336/practice/p8/api/check_word.php(12): PDOStatement->execute()
#1 {main}
  thrown in /home/ubuntu/workspace/CST336/practice/p8/api/check_word.php on line 12
[08-Apr-2019 20:01:18 UTC] PHP Fatal error:  Uncaught exception 'PDOException' with message 'SQLSTATE[HY093]: Invalid parameter number: no parameters were bound' in /home/ubuntu/workspace/CST336/practice/p8/api/check_word.php:12
Stack trace:
#0 /home/ubuntu/workspace/CST336/practice/p8/api/check_word.php(12): PDOStatement->execute()
#1 {main}
  thrown in /home/ubuntu/workspace/CST336/practice/p8/api/check_word.php on line 12
[08-Apr-2019 20:01:18 UTC] PHP Fatal error:  Uncaught exception 'PDOException' with message 'SQLSTATE[HY093]: Invalid parameter number: no parameters were bound' in /home/ubuntu/workspace/CST336/practice/p8/api/check_word.php:12
Stack trace:
#0 /home/ubuntu/workspace/CST336/practice/p8/api/check_word.php(12): PDOStatement->execute()
#1 {main}
  thrown in /home/ubuntu/workspace/CST336/practice/p8/api/check_word.php on line 12
[08-Apr-2019 20:07:15 UTC] PHP Fatal error:  Call to undefined function length() in /home/ubuntu/workspace/CST336/practice/p8/api/check_word.php on line 21
[08-Apr-2019 20:07:15 UTC] PHP Stack trace:
[08-Apr-2019 20:07:15 UTC] PHP   1. {main}() /home/ubuntu/workspace/CST336/practice/p8/api/check_word.php:0
