[10-Apr-2019 00:48:33 UTC] PHP Warning:  include(../../../inc/database.php): failed to open stream: No such file or directory in /home/ubuntu/workspace/CST336/labs/lab7/delete.php on line 8
[10-Apr-2019 00:48:33 UTC] PHP Stack trace:
[10-Apr-2019 00:48:33 UTC] PHP   1. {main}() /home/ubuntu/workspace/CST336/labs/lab7/delete.php:0
[10-Apr-2019 00:48:33 UTC] PHP Warning:  include(): Failed opening '../../../inc/database.php' for inclusion (include_path='.:/usr/share/php:/usr/share/pear') in /home/ubuntu/workspace/CST336/labs/lab7/delete.php on line 8
[10-Apr-2019 00:48:33 UTC] PHP Stack trace:
[10-Apr-2019 00:48:33 UTC] PHP   1. {main}() /home/ubuntu/workspace/CST336/labs/lab7/delete.php:0
[10-Apr-2019 00:48:33 UTC] PHP Fatal error:  Call to undefined function getDatabase() in /home/ubuntu/workspace/CST336/labs/lab7/delete.php on line 9
[10-Apr-2019 00:48:33 UTC] PHP Stack trace:
[10-Apr-2019 00:48:33 UTC] PHP   1. {main}() /home/ubuntu/workspace/CST336/labs/lab7/delete.php:0
[11-Apr-2019 23:23:29 UTC] PHP Fatal error:  Uncaught exception 'PDOException' with message 'SQLSTATE[42000]: Syntax error or access violation: 1064 You have an error in your SQL syntax; check the manual that corresponds to your MySQL server version for the right syntax to use near '' at line 1' in /home/ubuntu/workspace/CST336/labs/lab7/delete.php:14
Stack trace:
#0 /home/ubuntu/workspace/CST336/labs/lab7/delete.php(14): PDOStatement->execute()
#1 {main}
  thrown in /home/ubuntu/workspace/CST336/labs/lab7/delete.php on line 14
[11-Apr-2019 23:24:06 UTC] PHP Fatal error:  Uncaught exception 'PDOException' with message 'SQLSTATE[42000]: Syntax error or access violation: 1064 You have an error in your SQL syntax; check the manual that corresponds to your MySQL server version for the right syntax to use near '' at line 1' in /home/ubuntu/workspace/CST336/labs/lab7/delete.php:14
Stack trace:
#0 /home/ubuntu/workspace/CST336/labs/lab7/delete.php(14): PDOStatement->execute()
#1 {main}
  thrown in /home/ubuntu/workspace/CST336/labs/lab7/delete.php on line 14
[11-Apr-2019 23:29:02 UTC] PHP Fatal error:  Uncaught exception 'PDOException' with message 'SQLSTATE[42000]: Syntax error or access violation: 1064 You have an error in your SQL syntax; check the manual that corresponds to your MySQL server version for the right syntax to use near '' at line 1' in /home/ubuntu/workspace/CST336/labs/lab7/delete.php:14
Stack trace:
#0 /home/ubuntu/workspace/CST336/labs/lab7/delete.php(14): PDOStatement->execute()
#1 {main}
  thrown in /home/ubuntu/workspace/CST336/labs/lab7/delete.php on line 14
[11-Apr-2019 23:31:15 UTC] PHP Fatal error:  Uncaught exception 'PDOException' with message 'SQLSTATE[42000]: Syntax error or access violation: 1064 You have an error in your SQL syntax; check the manual that corresponds to your MySQL server version for the right syntax to use near '' at line 1' in /home/ubuntu/workspace/CST336/labs/lab7/delete.php:14
Stack trace:
#0 /home/ubuntu/workspace/CST336/labs/lab7/delete.php(14): PDOStatement->execute()
#1 {main}
  thrown in /home/ubuntu/workspace/CST336/labs/lab7/delete.php on line 14
[11-Apr-2019 23:32:08 UTC] PHP Fatal error:  Uncaught exception 'PDOException' with message 'SQLSTATE[42000]: Syntax error or access violation: 1064 You have an error in your SQL syntax; check the manual that corresponds to your MySQL server version for the right syntax to use near '' at line 1' in /home/ubuntu/workspace/CST336/labs/lab7/delete.php:14
Stack trace:
#0 /home/ubuntu/workspace/CST336/labs/lab7/delete.php(14): PDOStatement->execute()
#1 {main}
  thrown in /home/ubuntu/workspace/CST336/labs/lab7/delete.php on line 14
[11-Apr-2019 23:32:11 UTC] PHP Fatal error:  Uncaught exception 'PDOException' with message 'SQLSTATE[42000]: Syntax error or access violation: 1064 You have an error in your SQL syntax; check the manual that corresponds to your MySQL server version for the right syntax to use near '' at line 1' in /home/ubuntu/workspace/CST336/labs/lab7/delete.php:14
Stack trace:
#0 /home/ubuntu/workspace/CST336/labs/lab7/delete.php(14): PDOStatement->execute()
#1 {main}
  thrown in /home/ubuntu/workspace/CST336/labs/lab7/delete.php on line 14
