[03-Apr-2019 00:33:32 UTC] PHP Fatal error:  Uncaught exception 'PDOException' with message 'SQLSTATE[42000]: Syntax error or access violation: 1064 You have an error in your SQL syntax; check the manual that corresponds to your MySQL server version for the right syntax to use near ''', '', '', '', NULL' at line 1' in /home/ubuntu/workspace/CST336/labs/lab7/api/add-product-api.php:22
Stack trace:
#0 /home/ubuntu/workspace/CST336/labs/lab7/api/add-product-api.php(22): PDOStatement->execute(Array)
#1 {main}
  thrown in /home/ubuntu/workspace/CST336/labs/lab7/api/add-product-api.php on line 22
[03-Apr-2019 00:33:33 UTC] PHP Fatal error:  Uncaught exception 'PDOException' with message 'SQLSTATE[42000]: Syntax error or access violation: 1064 You have an error in your SQL syntax; check the manual that corresponds to your MySQL server version for the right syntax to use near ''', '', '', '', NULL' at line 1' in /home/ubuntu/workspace/CST336/labs/lab7/api/add-product-api.php:22
Stack trace:
#0 /home/ubuntu/workspace/CST336/labs/lab7/api/add-product-api.php(22): PDOStatement->execute(Array)
#1 {main}
  thrown in /home/ubuntu/workspace/CST336/labs/lab7/api/add-product-api.php on line 22
[03-Apr-2019 00:33:51 UTC] PHP Fatal error:  Uncaught exception 'PDOException' with message 'SQLSTATE[42000]: Syntax error or access violation: 1064 You have an error in your SQL syntax; check the manual that corresponds to your MySQL server version for the right syntax to use near ''Name', 'Desc', 'img', '100', NULL' at line 1' in /home/ubuntu/workspace/CST336/labs/lab7/api/add-product-api.php:22
Stack trace:
#0 /home/ubuntu/workspace/CST336/labs/lab7/api/add-product-api.php(22): PDOStatement->execute(Array)
#1 {main}
  thrown in /home/ubuntu/workspace/CST336/labs/lab7/api/add-product-api.php on line 22
[03-Apr-2019 00:33:52 UTC] PHP Fatal error:  Uncaught exception 'PDOException' with message 'SQLSTATE[42000]: Syntax error or access violation: 1064 You have an error in your SQL syntax; check the manual that corresponds to your MySQL server version for the right syntax to use near ''Name', 'Desc', 'img', '100', NULL' at line 1' in /home/ubuntu/workspace/CST336/labs/lab7/api/add-product-api.php:22
Stack trace:
#0 /home/ubuntu/workspace/CST336/labs/lab7/api/add-product-api.php(22): PDOStatement->execute(Array)
#1 {main}
  thrown in /home/ubuntu/workspace/CST336/labs/lab7/api/add-product-api.php on line 22
[03-Apr-2019 00:34:38 UTC] PHP Fatal error:  Uncaught exception 'PDOException' with message 'SQLSTATE[42000]: Syntax error or access violation: 1064 You have an error in your SQL syntax; check the manual that corresponds to your MySQL server version for the right syntax to use near ''ppp', 'ppppppp', 'pppp', '111', '5'' at line 1' in /home/ubuntu/workspace/CST336/labs/lab7/api/add-product-api.php:22
Stack trace:
#0 /home/ubuntu/workspace/CST336/labs/lab7/api/add-product-api.php(22): PDOStatement->execute(Array)
#1 {main}
  thrown in /home/ubuntu/workspace/CST336/labs/lab7/api/add-product-api.php on line 22
[03-Apr-2019 00:34:39 UTC] PHP Fatal error:  Uncaught exception 'PDOException' with message 'SQLSTATE[42000]: Syntax error or access violation: 1064 You have an error in your SQL syntax; check the manual that corresponds to your MySQL server version for the right syntax to use near ''ppp', 'ppppppp', 'pppp', '111', '5'' at line 1' in /home/ubuntu/workspace/CST336/labs/lab7/api/add-product-api.php:22
Stack trace:
#0 /home/ubuntu/workspace/CST336/labs/lab7/api/add-product-api.php(22): PDOStatement->execute(Array)
#1 {main}
  thrown in /home/ubuntu/workspace/CST336/labs/lab7/api/add-product-api.php on line 22
[03-Apr-2019 00:36:03 UTC] PHP Fatal error:  Uncaught exception 'PDOException' with message 'SQLSTATE[42000]: Syntax error or access violation: 1064 You have an error in your SQL syntax; check the manual that corresponds to your MySQL server version for the right syntax to use near ''ppp', 'ppppppp', 'pppp', '111', '5'' at line 1' in /home/ubuntu/workspace/CST336/labs/lab7/api/add-product-api.php:22
Stack trace:
#0 /home/ubuntu/workspace/CST336/labs/lab7/api/add-product-api.php(22): PDOStatement->execute(Array)
#1 {main}
  thrown in /home/ubuntu/workspace/CST336/labs/lab7/api/add-product-api.php on line 22
[03-Apr-2019 00:36:04 UTC] PHP Fatal error:  Uncaught exception 'PDOException' with message 'SQLSTATE[42000]: Syntax error or access violation: 1064 You have an error in your SQL syntax; check the manual that corresponds to your MySQL server version for the right syntax to use near ''ppp', 'ppppppp', 'pppp', '111', '5'' at line 1' in /home/ubuntu/workspace/CST336/labs/lab7/api/add-product-api.php:22
Stack trace:
#0 /home/ubuntu/workspace/CST336/labs/lab7/api/add-product-api.php(22): PDOStatement->execute(Array)
#1 {main}
  thrown in /home/ubuntu/workspace/CST336/labs/lab7/api/add-product-api.php on line 22
[03-Apr-2019 00:36:20 UTC] PHP Fatal error:  Uncaught exception 'PDOException' with message 'SQLSTATE[42000]: Syntax error or access violation: 1064 You have an error in your SQL syntax; check the manual that corresponds to your MySQL server version for the right syntax to use near ''ppp', 'ppppppp', 'pppp', '111', '5'' at line 1' in /home/ubuntu/workspace/CST336/labs/lab7/api/add-product-api.php:22
Stack trace:
#0 /home/ubuntu/workspace/CST336/labs/lab7/api/add-product-api.php(22): PDOStatement->execute(Array)
#1 {main}
  thrown in /home/ubuntu/workspace/CST336/labs/lab7/api/add-product-api.php on line 22
[03-Apr-2019 00:36:21 UTC] PHP Fatal error:  Uncaught exception 'PDOException' with message 'SQLSTATE[42000]: Syntax error or access violation: 1064 You have an error in your SQL syntax; check the manual that corresponds to your MySQL server version for the right syntax to use near ''ppp', 'ppppppp', 'pppp', '111', '5'' at line 1' in /home/ubuntu/workspace/CST336/labs/lab7/api/add-product-api.php:22
Stack trace:
#0 /home/ubuntu/workspace/CST336/labs/lab7/api/add-product-api.php(22): PDOStatement->execute(Array)
#1 {main}
  thrown in /home/ubuntu/workspace/CST336/labs/lab7/api/add-product-api.php on line 22
[03-Apr-2019 00:36:22 UTC] PHP Fatal error:  Uncaught exception 'PDOException' with message 'SQLSTATE[42000]: Syntax error or access violation: 1064 You have an error in your SQL syntax; check the manual that corresponds to your MySQL server version for the right syntax to use near ''ppp', 'ppppppp', 'pppp', '111', '5'' at line 1' in /home/ubuntu/workspace/CST336/labs/lab7/api/add-product-api.php:22
Stack trace:
#0 /home/ubuntu/workspace/CST336/labs/lab7/api/add-product-api.php(22): PDOStatement->execute(Array)
#1 {main}
  thrown in /home/ubuntu/workspace/CST336/labs/lab7/api/add-product-api.php on line 22
[03-Apr-2019 00:36:22 UTC] PHP Fatal error:  Uncaught exception 'PDOException' with message 'SQLSTATE[42000]: Syntax error or access violation: 1064 You have an error in your SQL syntax; check the manual that corresponds to your MySQL server version for the right syntax to use near ''ppp', 'ppppppp', 'pppp', '111', '5'' at line 1' in /home/ubuntu/workspace/CST336/labs/lab7/api/add-product-api.php:22
Stack trace:
#0 /home/ubuntu/workspace/CST336/labs/lab7/api/add-product-api.php(22): PDOStatement->execute(Array)
#1 {main}
  thrown in /home/ubuntu/workspace/CST336/labs/lab7/api/add-product-api.php on line 22
[03-Apr-2019 00:38:00 UTC] PHP Fatal error:  Uncaught exception 'PDOException' with message 'SQLSTATE[42000]: Syntax error or access violation: 1064 You have an error in your SQL syntax; check the manual that corresponds to your MySQL server version for the right syntax to use near ''ppp', 'ppppppp', 'pppp', '111', '5'' at line 1' in /home/ubuntu/workspace/CST336/labs/lab7/api/add-product-api.php:22
Stack trace:
#0 /home/ubuntu/workspace/CST336/labs/lab7/api/add-product-api.php(22): PDOStatement->execute(Array)
#1 {main}
  thrown in /home/ubuntu/workspace/CST336/labs/lab7/api/add-product-api.php on line 22
[03-Apr-2019 00:38:01 UTC] PHP Fatal error:  Uncaught exception 'PDOException' with message 'SQLSTATE[42000]: Syntax error or access violation: 1064 You have an error in your SQL syntax; check the manual that corresponds to your MySQL server version for the right syntax to use near ''ppp', 'ppppppp', 'pppp', '111', '5'' at line 1' in /home/ubuntu/workspace/CST336/labs/lab7/api/add-product-api.php:22
Stack trace:
#0 /home/ubuntu/workspace/CST336/labs/lab7/api/add-product-api.php(22): PDOStatement->execute(Array)
#1 {main}
  thrown in /home/ubuntu/workspace/CST336/labs/lab7/api/add-product-api.php on line 22
[03-Apr-2019 00:38:47 UTC] PHP Fatal error:  Uncaught exception 'PDOException' with message 'SQLSTATE[42000]: Syntax error or access violation: 1064 You have an error in your SQL syntax; check the manual that corresponds to your MySQL server version for the right syntax to use near ''ppp', 'ppppppp', 'pppp', '111', '5')' at line 1' in /home/ubuntu/workspace/CST336/labs/lab7/api/add-product-api.php:22
Stack trace:
#0 /home/ubuntu/workspace/CST336/labs/lab7/api/add-product-api.php(22): PDOStatement->execute(Array)
#1 {main}
  thrown in /home/ubuntu/workspace/CST336/labs/lab7/api/add-product-api.php on line 22
[03-Apr-2019 00:38:48 UTC] PHP Fatal error:  Uncaught exception 'PDOException' with message 'SQLSTATE[42000]: Syntax error or access violation: 1064 You have an error in your SQL syntax; check the manual that corresponds to your MySQL server version for the right syntax to use near ''ppp', 'ppppppp', 'pppp', '111', '5')' at line 1' in /home/ubuntu/workspace/CST336/labs/lab7/api/add-product-api.php:22
Stack trace:
#0 /home/ubuntu/workspace/CST336/labs/lab7/api/add-product-api.php(22): PDOStatement->execute(Array)
#1 {main}
  thrown in /home/ubuntu/workspace/CST336/labs/lab7/api/add-product-api.php on line 22
[03-Apr-2019 00:42:02 UTC] PHP Fatal error:  Uncaught exception 'PDOException' with message 'SQLSTATE[HY000]: General error' in /home/ubuntu/workspace/CST336/labs/lab7/api/add-product-api.php:20
Stack trace:
#0 /home/ubuntu/workspace/CST336/labs/lab7/api/add-product-api.php(20): PDOStatement->fetch(2)
#1 {main}
  thrown in /home/ubuntu/workspace/CST336/labs/lab7/api/add-product-api.php on line 20
[03-Apr-2019 00:42:13 UTC] PHP Fatal error:  Uncaught exception 'PDOException' with message 'SQLSTATE[HY000]: General error' in /home/ubuntu/workspace/CST336/labs/lab7/api/add-product-api.php:20
Stack trace:
#0 /home/ubuntu/workspace/CST336/labs/lab7/api/add-product-api.php(20): PDOStatement->fetch(2)
#1 {main}
  thrown in /home/ubuntu/workspace/CST336/labs/lab7/api/add-product-api.php on line 20
[03-Apr-2019 00:42:48 UTC] PHP Warning:  json_decode() expects parameter 1 to be string, array given in /home/ubuntu/workspace/CST336/labs/lab7/api/add-product-api.php on line 24
[03-Apr-2019 00:42:48 UTC] PHP Stack trace:
[03-Apr-2019 00:42:48 UTC] PHP   1. {main}() /home/ubuntu/workspace/CST336/labs/lab7/api/add-product-api.php:0
[03-Apr-2019 00:42:48 UTC] PHP   2. json_decode() /home/ubuntu/workspace/CST336/labs/lab7/api/add-product-api.php:24
[04-Apr-2019 23:54:43 UTC] PHP Fatal error:  Call to a member function prepare() on a non-object in /home/ubuntu/workspace/CST336/labs/lab7/api/get-products.php on line 7
[04-Apr-2019 23:54:43 UTC] PHP Stack trace:
[04-Apr-2019 23:54:43 UTC] PHP   1. {main}() /home/ubuntu/workspace/CST336/labs/lab7/api/get-products.php:0
[04-Apr-2019 23:54:44 UTC] PHP Fatal error:  Call to a member function prepare() on a non-object in /home/ubuntu/workspace/CST336/labs/lab7/api/get-products.php on line 7
[04-Apr-2019 23:54:44 UTC] PHP Stack trace:
[04-Apr-2019 23:54:44 UTC] PHP   1. {main}() /home/ubuntu/workspace/CST336/labs/lab7/api/get-products.php:0
[04-Apr-2019 23:55:16 UTC] PHP Fatal error:  Call to a member function prepare() on a non-object in /home/ubuntu/workspace/CST336/labs/lab7/api/get-products.php on line 7
[04-Apr-2019 23:55:16 UTC] PHP Stack trace:
[04-Apr-2019 23:55:16 UTC] PHP   1. {main}() /home/ubuntu/workspace/CST336/labs/lab7/api/get-products.php:0
[04-Apr-2019 23:56:40 UTC] PHP Fatal error:  Call to a member function prepare() on a non-object in /home/ubuntu/workspace/CST336/labs/lab7/api/get-products.php on line 7
[04-Apr-2019 23:56:40 UTC] PHP Stack trace:
[04-Apr-2019 23:56:40 UTC] PHP   1. {main}() /home/ubuntu/workspace/CST336/labs/lab7/api/get-products.php:0
[04-Apr-2019 23:56:49 UTC] PHP Warning:  include(../../inc/database.php): failed to open stream: No such file or directory in /home/ubuntu/workspace/CST336/labs/lab7/api/get-products.php on line 3
[04-Apr-2019 23:56:49 UTC] PHP Stack trace:
[04-Apr-2019 23:56:49 UTC] PHP   1. {main}() /home/ubuntu/workspace/CST336/labs/lab7/api/get-products.php:0
[04-Apr-2019 23:56:49 UTC] PHP Warning:  include(): Failed opening '../../inc/database.php' for inclusion (include_path='.:/usr/share/php:/usr/share/pear') in /home/ubuntu/workspace/CST336/labs/lab7/api/get-products.php on line 3
[04-Apr-2019 23:56:49 UTC] PHP Stack trace:
[04-Apr-2019 23:56:49 UTC] PHP   1. {main}() /home/ubuntu/workspace/CST336/labs/lab7/api/get-products.php:0
[04-Apr-2019 23:56:49 UTC] PHP Fatal error:  Call to undefined function getDatabase() in /home/ubuntu/workspace/CST336/labs/lab7/api/get-products.php on line 4
[04-Apr-2019 23:56:49 UTC] PHP Stack trace:
[04-Apr-2019 23:56:49 UTC] PHP   1. {main}() /home/ubuntu/workspace/CST336/labs/lab7/api/get-products.php:0
[04-Apr-2019 23:56:53 UTC] PHP Fatal error:  Call to a member function prepare() on a non-object in /home/ubuntu/workspace/CST336/labs/lab7/api/get-products.php on line 7
[04-Apr-2019 23:56:53 UTC] PHP Stack trace:
[04-Apr-2019 23:56:53 UTC] PHP   1. {main}() /home/ubuntu/workspace/CST336/labs/lab7/api/get-products.php:0
[05-Apr-2019 00:13:16 UTC] PHP Fatal error:  Call to undefined function getDatabaseConnection() in /home/ubuntu/workspace/CST336/labs/lab7/api/get-product-info.php on line 4
[05-Apr-2019 00:13:16 UTC] PHP Stack trace:
[05-Apr-2019 00:13:16 UTC] PHP   1. {main}() /home/ubuntu/workspace/CST336/labs/lab7/api/get-product-info.php:0
[05-Apr-2019 00:13:17 UTC] PHP Fatal error:  Call to undefined function getDatabaseConnection() in /home/ubuntu/workspace/CST336/labs/lab7/api/get-product-info.php on line 4
[05-Apr-2019 00:13:17 UTC] PHP Stack trace:
[05-Apr-2019 00:13:17 UTC] PHP   1. {main}() /home/ubuntu/workspace/CST336/labs/lab7/api/get-product-info.php:0
[05-Apr-2019 00:14:47 UTC] PHP Fatal error:  Call to undefined function getDatabaseConnection() in /home/ubuntu/workspace/CST336/labs/lab7/api/get-product-info.php on line 4
[05-Apr-2019 00:14:47 UTC] PHP Stack trace:
[05-Apr-2019 00:14:47 UTC] PHP   1. {main}() /home/ubuntu/workspace/CST336/labs/lab7/api/get-product-info.php:0
[05-Apr-2019 00:14:55 UTC] PHP Fatal error:  Call to undefined function getDatabaseConnection() in /home/ubuntu/workspace/CST336/labs/lab7/api/get-product-info.php on line 4
[05-Apr-2019 00:14:55 UTC] PHP Stack trace:
[05-Apr-2019 00:14:55 UTC] PHP   1. {main}() /home/ubuntu/workspace/CST336/labs/lab7/api/get-product-info.php:0
[05-Apr-2019 00:15:06 UTC] PHP Fatal error:  Call to undefined function getDatabaseConnection() in /home/ubuntu/workspace/CST336/labs/lab7/api/get-product-info.php on line 4
[05-Apr-2019 00:15:06 UTC] PHP Stack trace:
[05-Apr-2019 00:15:06 UTC] PHP   1. {main}() /home/ubuntu/workspace/CST336/labs/lab7/api/get-product-info.php:0
[05-Apr-2019 00:15:11 UTC] PHP Fatal error:  Call to undefined function getDatabaseConnection() in /home/ubuntu/workspace/CST336/labs/lab7/api/get-product-info.php on line 4
[05-Apr-2019 00:15:11 UTC] PHP Stack trace:
[05-Apr-2019 00:15:11 UTC] PHP   1. {main}() /home/ubuntu/workspace/CST336/labs/lab7/api/get-product-info.php:0
[06-Apr-2019 23:38:18 UTC] PHP Warning:  include(../../inc/database.php): failed to open stream: No such file or directory in /home/ubuntu/workspace/CST336/labs/lab7/parts/login-process.php on line 4
[06-Apr-2019 23:38:18 UTC] PHP Stack trace:
[06-Apr-2019 23:38:18 UTC] PHP   1. {main}() /home/ubuntu/workspace/CST336/labs/lab7/parts/login-process.php:0
[06-Apr-2019 23:38:18 UTC] PHP Warning:  include(): Failed opening '../../inc/database.php' for inclusion (include_path='.:/usr/share/php:/usr/share/pear') in /home/ubuntu/workspace/CST336/labs/lab7/parts/login-process.php on line 4
[06-Apr-2019 23:38:18 UTC] PHP Stack trace:
[06-Apr-2019 23:38:18 UTC] PHP   1. {main}() /home/ubuntu/workspace/CST336/labs/lab7/parts/login-process.php:0
[06-Apr-2019 23:38:18 UTC] PHP Fatal error:  Call to undefined function getDatabase() in /home/ubuntu/workspace/CST336/labs/lab7/parts/login-process.php on line 5
[06-Apr-2019 23:38:18 UTC] PHP Stack trace:
[06-Apr-2019 23:38:18 UTC] PHP   1. {main}() /home/ubuntu/workspace/CST336/labs/lab7/parts/login-process.php:0
[06-Apr-2019 23:38:43 UTC] PHP Warning:  include(../../inc/database.php): failed to open stream: No such file or directory in /home/ubuntu/workspace/CST336/labs/lab7/parts/login-process.php on line 4
[06-Apr-2019 23:38:43 UTC] PHP Stack trace:
[06-Apr-2019 23:38:43 UTC] PHP   1. {main}() /home/ubuntu/workspace/CST336/labs/lab7/parts/login-process.php:0
[06-Apr-2019 23:38:43 UTC] PHP Warning:  include(): Failed opening '../../inc/database.php' for inclusion (include_path='.:/usr/share/php:/usr/share/pear') in /home/ubuntu/workspace/CST336/labs/lab7/parts/login-process.php on line 4
[06-Apr-2019 23:38:43 UTC] PHP Stack trace:
[06-Apr-2019 23:38:43 UTC] PHP   1. {main}() /home/ubuntu/workspace/CST336/labs/lab7/parts/login-process.php:0
[06-Apr-2019 23:38:43 UTC] PHP Fatal error:  Call to undefined function getDatabase() in /home/ubuntu/workspace/CST336/labs/lab7/parts/login-process.php on line 5
[06-Apr-2019 23:38:43 UTC] PHP Stack trace:
[06-Apr-2019 23:38:43 UTC] PHP   1. {main}() /home/ubuntu/workspace/CST336/labs/lab7/parts/login-process.php:0
[07-Apr-2019 05:15:52 UTC] PHP Fatal error:  Uncaught exception 'PDOException' with message 'SQLSTATE[42000]: Syntax error or access violation: 1064 You have an error in your SQL syntax; check the manual that corresponds to your MySQL server version for the right syntax to use near '0' at line 1' in /home/ubuntu/workspace/CST336/labs/lab7/api/edit-product.php:24
Stack trace:
#0 /home/ubuntu/workspace/CST336/labs/lab7/api/edit-product.php(24): PDOStatement->execute(Array)
#1 {main}
  thrown in /home/ubuntu/workspace/CST336/labs/lab7/api/edit-product.php on line 24
[07-Apr-2019 05:16:16 UTC] PHP Fatal error:  Uncaught exception 'PDOException' with message 'SQLSTATE[42000]: Syntax error or access violation: 1064 You have an error in your SQL syntax; check the manual that corresponds to your MySQL server version for the right syntax to use near '0' at line 1' in /home/ubuntu/workspace/CST336/labs/lab7/api/edit-product.php:24
Stack trace:
#0 /home/ubuntu/workspace/CST336/labs/lab7/api/edit-product.php(24): PDOStatement->execute(Array)
#1 {main}
  thrown in /home/ubuntu/workspace/CST336/labs/lab7/api/edit-product.php on line 24
[07-Apr-2019 05:17:23 UTC] PHP Fatal error:  Uncaught exception 'PDOException' with message 'SQLSTATE[HY093]: Invalid parameter number: number of bound variables does not match number of tokens' in /home/ubuntu/workspace/CST336/labs/lab7/api/edit-product.php:24
Stack trace:
#0 /home/ubuntu/workspace/CST336/labs/lab7/api/edit-product.php(24): PDOStatement->execute(Array)
#1 {main}
  thrown in /home/ubuntu/workspace/CST336/labs/lab7/api/edit-product.php on line 24
[10-Apr-2019 00:07:41 UTC] PHP Warning:  include(session/verify-session.php): failed to open stream: No such file or directory in /home/ubuntu/workspace/CST336/labs/lab7/api/get-product-info.php on line 3
[10-Apr-2019 00:07:41 UTC] PHP Stack trace:
[10-Apr-2019 00:07:41 UTC] PHP   1. {main}() /home/ubuntu/workspace/CST336/labs/lab7/api/get-product-info.php:0
[10-Apr-2019 00:07:41 UTC] PHP Warning:  include(): Failed opening 'session/verify-session.php' for inclusion (include_path='.:/usr/share/php:/usr/share/pear') in /home/ubuntu/workspace/CST336/labs/lab7/api/get-product-info.php on line 3
[10-Apr-2019 00:07:41 UTC] PHP Stack trace:
[10-Apr-2019 00:07:41 UTC] PHP   1. {main}() /home/ubuntu/workspace/CST336/labs/lab7/api/get-product-info.php:0
[10-Apr-2019 00:07:43 UTC] PHP Warning:  include(session/verify-session.php): failed to open stream: No such file or directory in /home/ubuntu/workspace/CST336/labs/lab7/api/get-product-info.php on line 3
[10-Apr-2019 00:07:43 UTC] PHP Stack trace:
[10-Apr-2019 00:07:43 UTC] PHP   1. {main}() /home/ubuntu/workspace/CST336/labs/lab7/api/get-product-info.php:0
[10-Apr-2019 00:07:43 UTC] PHP Warning:  include(): Failed opening 'session/verify-session.php' for inclusion (include_path='.:/usr/share/php:/usr/share/pear') in /home/ubuntu/workspace/CST336/labs/lab7/api/get-product-info.php on line 3
[10-Apr-2019 00:07:43 UTC] PHP Stack trace:
[10-Apr-2019 00:07:43 UTC] PHP   1. {main}() /home/ubuntu/workspace/CST336/labs/lab7/api/get-product-info.php:0
[10-Apr-2019 00:07:48 UTC] PHP Warning:  include(session/verify-session.php): failed to open stream: No such file or directory in /home/ubuntu/workspace/CST336/labs/lab7/api/get-product-info.php on line 3
[10-Apr-2019 00:07:48 UTC] PHP Stack trace:
[10-Apr-2019 00:07:48 UTC] PHP   1. {main}() /home/ubuntu/workspace/CST336/labs/lab7/api/get-product-info.php:0
[10-Apr-2019 00:07:48 UTC] PHP Warning:  include(): Failed opening 'session/verify-session.php' for inclusion (include_path='.:/usr/share/php:/usr/share/pear') in /home/ubuntu/workspace/CST336/labs/lab7/api/get-product-info.php on line 3
[10-Apr-2019 00:07:48 UTC] PHP Stack trace:
[10-Apr-2019 00:07:48 UTC] PHP   1. {main}() /home/ubuntu/workspace/CST336/labs/lab7/api/get-product-info.php:0
[10-Apr-2019 00:07:53 UTC] PHP Warning:  include(session/verify-session.php): failed to open stream: No such file or directory in /home/ubuntu/workspace/CST336/labs/lab7/api/get-product-info.php on line 3
[10-Apr-2019 00:07:53 UTC] PHP Stack trace:
[10-Apr-2019 00:07:53 UTC] PHP   1. {main}() /home/ubuntu/workspace/CST336/labs/lab7/api/get-product-info.php:0
[10-Apr-2019 00:07:53 UTC] PHP Warning:  include(): Failed opening 'session/verify-session.php' for inclusion (include_path='.:/usr/share/php:/usr/share/pear') in /home/ubuntu/workspace/CST336/labs/lab7/api/get-product-info.php on line 3
[10-Apr-2019 00:07:53 UTC] PHP Stack trace:
[10-Apr-2019 00:07:53 UTC] PHP   1. {main}() /home/ubuntu/workspace/CST336/labs/lab7/api/get-product-info.php:0
[10-Apr-2019 00:07:54 UTC] PHP Warning:  include(session/verify-session.php): failed to open stream: No such file or directory in /home/ubuntu/workspace/CST336/labs/lab7/api/get-product-info.php on line 3
[10-Apr-2019 00:07:54 UTC] PHP Stack trace:
[10-Apr-2019 00:07:54 UTC] PHP   1. {main}() /home/ubuntu/workspace/CST336/labs/lab7/api/get-product-info.php:0
[10-Apr-2019 00:07:54 UTC] PHP Warning:  include(): Failed opening 'session/verify-session.php' for inclusion (include_path='.:/usr/share/php:/usr/share/pear') in /home/ubuntu/workspace/CST336/labs/lab7/api/get-product-info.php on line 3
[10-Apr-2019 00:07:54 UTC] PHP Stack trace:
[10-Apr-2019 00:07:54 UTC] PHP   1. {main}() /home/ubuntu/workspace/CST336/labs/lab7/api/get-product-info.php:0
[10-Apr-2019 00:07:56 UTC] PHP Warning:  include(session/verify-session.php): failed to open stream: No such file or directory in /home/ubuntu/workspace/CST336/labs/lab7/api/get-products.php on line 3
[10-Apr-2019 00:07:56 UTC] PHP Stack trace:
[10-Apr-2019 00:07:56 UTC] PHP   1. {main}() /home/ubuntu/workspace/CST336/labs/lab7/api/get-products.php:0
[10-Apr-2019 00:07:56 UTC] PHP Warning:  include(): Failed opening 'session/verify-session.php' for inclusion (include_path='.:/usr/share/php:/usr/share/pear') in /home/ubuntu/workspace/CST336/labs/lab7/api/get-products.php on line 3
[10-Apr-2019 00:07:56 UTC] PHP Stack trace:
[10-Apr-2019 00:07:56 UTC] PHP   1. {main}() /home/ubuntu/workspace/CST336/labs/lab7/api/get-products.php:0
[10-Apr-2019 00:07:59 UTC] PHP Warning:  include(session/verify-session.php): failed to open stream: No such file or directory in /home/ubuntu/workspace/CST336/labs/lab7/api/get-products.php on line 3
[10-Apr-2019 00:07:59 UTC] PHP Stack trace:
[10-Apr-2019 00:07:59 UTC] PHP   1. {main}() /home/ubuntu/workspace/CST336/labs/lab7/api/get-products.php:0
[10-Apr-2019 00:07:59 UTC] PHP Warning:  include(): Failed opening 'session/verify-session.php' for inclusion (include_path='.:/usr/share/php:/usr/share/pear') in /home/ubuntu/workspace/CST336/labs/lab7/api/get-products.php on line 3
[10-Apr-2019 00:07:59 UTC] PHP Stack trace:
[10-Apr-2019 00:07:59 UTC] PHP   1. {main}() /home/ubuntu/workspace/CST336/labs/lab7/api/get-products.php:0
[10-Apr-2019 00:08:00 UTC] PHP Warning:  include(session/verify-session.php): failed to open stream: No such file or directory in /home/ubuntu/workspace/CST336/labs/lab7/api/get-products.php on line 3
[10-Apr-2019 00:08:00 UTC] PHP Stack trace:
[10-Apr-2019 00:08:00 UTC] PHP   1. {main}() /home/ubuntu/workspace/CST336/labs/lab7/api/get-products.php:0
[10-Apr-2019 00:08:00 UTC] PHP Warning:  include(): Failed opening 'session/verify-session.php' for inclusion (include_path='.:/usr/share/php:/usr/share/pear') in /home/ubuntu/workspace/CST336/labs/lab7/api/get-products.php on line 3
[10-Apr-2019 00:08:00 UTC] PHP Stack trace:
[10-Apr-2019 00:08:00 UTC] PHP   1. {main}() /home/ubuntu/workspace/CST336/labs/lab7/api/get-products.php:0
[10-Apr-2019 00:08:10 UTC] PHP Warning:  include(session/verify-session.php): failed to open stream: No such file or directory in /home/ubuntu/workspace/CST336/labs/lab7/api/get-products.php on line 3
[10-Apr-2019 00:08:10 UTC] PHP Stack trace:
[10-Apr-2019 00:08:10 UTC] PHP   1. {main}() /home/ubuntu/workspace/CST336/labs/lab7/api/get-products.php:0
[10-Apr-2019 00:08:10 UTC] PHP Warning:  include(): Failed opening 'session/verify-session.php' for inclusion (include_path='.:/usr/share/php:/usr/share/pear') in /home/ubuntu/workspace/CST336/labs/lab7/api/get-products.php on line 3
[10-Apr-2019 00:08:10 UTC] PHP Stack trace:
[10-Apr-2019 00:08:10 UTC] PHP   1. {main}() /home/ubuntu/workspace/CST336/labs/lab7/api/get-products.php:0
[11-Apr-2019 23:57:51 UTC] PHP Fatal error:  Uncaught exception 'PDOException' with message 'SQLSTATE[42000]: Syntax error or access violation: 1064 You have an error in your SQL syntax; check the manual that corresponds to your MySQL server version for the right syntax to use near '' at line 1' in /home/ubuntu/workspace/CST336/labs/lab7/api/get-product-info.php:16
Stack trace:
#0 /home/ubuntu/workspace/CST336/labs/lab7/api/get-product-info.php(16): PDOStatement->execute()
#1 {main}
  thrown in /home/ubuntu/workspace/CST336/labs/lab7/api/get-product-info.php on line 16
[11-Apr-2019 23:58:11 UTC] PHP Fatal error:  Uncaught exception 'PDOException' with message 'SQLSTATE[42000]: Syntax error or access violation: 1064 You have an error in your SQL syntax; check the manual that corresponds to your MySQL server version for the right syntax to use near '' at line 1' in /home/ubuntu/workspace/CST336/labs/lab7/api/get-product-info.php:16
Stack trace:
#0 /home/ubuntu/workspace/CST336/labs/lab7/api/get-product-info.php(16): PDOStatement->execute()
#1 {main}
  thrown in /home/ubuntu/workspace/CST336/labs/lab7/api/get-product-info.php on line 16
[11-Apr-2019 23:58:12 UTC] PHP Fatal error:  Uncaught exception 'PDOException' with message 'SQLSTATE[42000]: Syntax error or access violation: 1064 You have an error in your SQL syntax; check the manual that corresponds to your MySQL server version for the right syntax to use near '' at line 1' in /home/ubuntu/workspace/CST336/labs/lab7/api/get-product-info.php:16
Stack trace:
#0 /home/ubuntu/workspace/CST336/labs/lab7/api/get-product-info.php(16): PDOStatement->execute()
#1 {main}
  thrown in /home/ubuntu/workspace/CST336/labs/lab7/api/get-product-info.php on line 16
[11-Apr-2019 23:58:19 UTC] PHP Fatal error:  Uncaught exception 'PDOException' with message 'SQLSTATE[42000]: Syntax error or access violation: 1064 You have an error in your SQL syntax; check the manual that corresponds to your MySQL server version for the right syntax to use near '' at line 1' in /home/ubuntu/workspace/CST336/labs/lab7/api/get-product-info.php:16
Stack trace:
#0 /home/ubuntu/workspace/CST336/labs/lab7/api/get-product-info.php(16): PDOStatement->execute()
#1 {main}
  thrown in /home/ubuntu/workspace/CST336/labs/lab7/api/get-product-info.php on line 16
[11-Apr-2019 23:59:01 UTC] PHP Fatal error:  Uncaught exception 'PDOException' with message 'SQLSTATE[42000]: Syntax error or access violation: 1064 You have an error in your SQL syntax; check the manual that corresponds to your MySQL server version for the right syntax to use near '' at line 1' in /home/ubuntu/workspace/CST336/labs/lab7/api/get-product-info.php:16
Stack trace:
#0 /home/ubuntu/workspace/CST336/labs/lab7/api/get-product-info.php(16): PDOStatement->execute()
#1 {main}
  thrown in /home/ubuntu/workspace/CST336/labs/lab7/api/get-product-info.php on line 16
[11-Apr-2019 23:59:04 UTC] PHP Fatal error:  Uncaught exception 'PDOException' with message 'SQLSTATE[42000]: Syntax error or access violation: 1064 You have an error in your SQL syntax; check the manual that corresponds to your MySQL server version for the right syntax to use near '' at line 1' in /home/ubuntu/workspace/CST336/labs/lab7/api/get-product-info.php:16
Stack trace:
#0 /home/ubuntu/workspace/CST336/labs/lab7/api/get-product-info.php(16): PDOStatement->execute()
#1 {main}
  thrown in /home/ubuntu/workspace/CST336/labs/lab7/api/get-product-info.php on line 16
[12-Apr-2019 00:00:27 UTC] PHP Fatal error:  Uncaught exception 'PDOException' with message 'SQLSTATE[42000]: Syntax error or access violation: 1064 You have an error in your SQL syntax; check the manual that corresponds to your MySQL server version for the right syntax to use near '' at line 1' in /home/ubuntu/workspace/CST336/labs/lab7/api/get-product-info.php:16
Stack trace:
#0 /home/ubuntu/workspace/CST336/labs/lab7/api/get-product-info.php(16): PDOStatement->execute()
#1 {main}
  thrown in /home/ubuntu/workspace/CST336/labs/lab7/api/get-product-info.php on line 16
