[18-Mar-2019 01:41:00 UTC] PHP Fatal error:  Uncaught exception 'PDOException' with message 'SQLSTATE[HY000]: General error' in /home/ubuntu/workspace/CST336/hw/hw3/api/get-user.php:10
Stack trace:
#0 /home/ubuntu/workspace/CST336/hw/hw3/api/get-user.php(10): PDOStatement->fetchAll(2)
#1 {main}
  thrown in /home/ubuntu/workspace/CST336/hw/hw3/api/get-user.php on line 10
[18-Mar-2019 01:41:18 UTC] PHP Fatal error:  Uncaught exception 'PDOException' with message 'SQLSTATE[HY000]: General error' in /home/ubuntu/workspace/CST336/hw/hw3/api/get-user.php:10
Stack trace:
#0 /home/ubuntu/workspace/CST336/hw/hw3/api/get-user.php(10): PDOStatement->fetchAll(2)
#1 {main}
  thrown in /home/ubuntu/workspace/CST336/hw/hw3/api/get-user.php on line 10
[18-Mar-2019 01:41:19 UTC] PHP Fatal error:  Uncaught exception 'PDOException' with message 'SQLSTATE[HY000]: General error' in /home/ubuntu/workspace/CST336/hw/hw3/api/get-user.php:10
Stack trace:
#0 /home/ubuntu/workspace/CST336/hw/hw3/api/get-user.php(10): PDOStatement->fetchAll(2)
#1 {main}
  thrown in /home/ubuntu/workspace/CST336/hw/hw3/api/get-user.php on line 10
[18-Mar-2019 01:41:26 UTC] PHP Fatal error:  Uncaught exception 'PDOException' with message 'SQLSTATE[HY000]: General error' in /home/ubuntu/workspace/CST336/hw/hw3/api/get-user.php:10
Stack trace:
#0 /home/ubuntu/workspace/CST336/hw/hw3/api/get-user.php(10): PDOStatement->fetch(2)
#1 {main}
  thrown in /home/ubuntu/workspace/CST336/hw/hw3/api/get-user.php on line 10
[18-Mar-2019 01:42:47 UTC] PHP Fatal error:  Uncaught exception 'PDOException' with message 'SQLSTATE[42000]: Syntax error or access violation: 1064 You have an error in your SQL syntax; check the manual that corresponds to your MySQL server version for the right syntax to use near 'OUTPUT r_users.userID' at line 1' in /home/ubuntu/workspace/CST336/hw/hw3/api/get-user.php:9
Stack trace:
#0 /home/ubuntu/workspace/CST336/hw/hw3/api/get-user.php(9): PDOStatement->execute()
#1 {main}
  thrown in /home/ubuntu/workspace/CST336/hw/hw3/api/get-user.php on line 9
[18-Mar-2019 01:43:02 UTC] PHP Fatal error:  Uncaught exception 'PDOException' with message 'SQLSTATE[42000]: Syntax error or access violation: 1064 You have an error in your SQL syntax; check the manual that corresponds to your MySQL server version for the right syntax to use near 'OUTPUT userID' at line 1' in /home/ubuntu/workspace/CST336/hw/hw3/api/get-user.php:9
Stack trace:
#0 /home/ubuntu/workspace/CST336/hw/hw3/api/get-user.php(9): PDOStatement->execute()
#1 {main}
  thrown in /home/ubuntu/workspace/CST336/hw/hw3/api/get-user.php on line 9
[18-Mar-2019 01:43:10 UTC] PHP Fatal error:  Uncaught exception 'PDOException' with message 'SQLSTATE[42000]: Syntax error or access violation: 1064 You have an error in your SQL syntax; check the manual that corresponds to your MySQL server version for the right syntax to use near 'OUTPUT userID' at line 1' in /home/ubuntu/workspace/CST336/hw/hw3/api/get-user.php:9
Stack trace:
#0 /home/ubuntu/workspace/CST336/hw/hw3/api/get-user.php(9): PDOStatement->execute()
#1 {main}
  thrown in /home/ubuntu/workspace/CST336/hw/hw3/api/get-user.php on line 9
[18-Mar-2019 01:43:10 UTC] PHP Fatal error:  Uncaught exception 'PDOException' with message 'SQLSTATE[42000]: Syntax error or access violation: 1064 You have an error in your SQL syntax; check the manual that corresponds to your MySQL server version for the right syntax to use near 'OUTPUT userID' at line 1' in /home/ubuntu/workspace/CST336/hw/hw3/api/get-user.php:9
Stack trace:
#0 /home/ubuntu/workspace/CST336/hw/hw3/api/get-user.php(9): PDOStatement->execute()
#1 {main}
  thrown in /home/ubuntu/workspace/CST336/hw/hw3/api/get-user.php on line 9
[18-Mar-2019 01:51:57 UTC] PHP Fatal error:  Uncaught exception 'PDOException' with message 'SQLSTATE[HY000]: General error' in /home/ubuntu/workspace/CST336/hw/hw3/api/get-user.php:10
Stack trace:
#0 /home/ubuntu/workspace/CST336/hw/hw3/api/get-user.php(10): PDOStatement->fetch(2)
#1 {main}
  thrown in /home/ubuntu/workspace/CST336/hw/hw3/api/get-user.php on line 10
[18-Mar-2019 01:51:58 UTC] PHP Fatal error:  Uncaught exception 'PDOException' with message 'SQLSTATE[HY000]: General error' in /home/ubuntu/workspace/CST336/hw/hw3/api/get-user.php:10
Stack trace:
#0 /home/ubuntu/workspace/CST336/hw/hw3/api/get-user.php(10): PDOStatement->fetch(2)
#1 {main}
  thrown in /home/ubuntu/workspace/CST336/hw/hw3/api/get-user.php on line 10
[18-Mar-2019 01:51:59 UTC] PHP Fatal error:  Uncaught exception 'PDOException' with message 'SQLSTATE[HY000]: General error' in /home/ubuntu/workspace/CST336/hw/hw3/api/get-user.php:10
Stack trace:
#0 /home/ubuntu/workspace/CST336/hw/hw3/api/get-user.php(10): PDOStatement->fetch(2)
#1 {main}
  thrown in /home/ubuntu/workspace/CST336/hw/hw3/api/get-user.php on line 10
[18-Mar-2019 01:52:13 UTC] PHP Fatal error:  Uncaught exception 'PDOException' with message 'SQLSTATE[HY000]: General error' in /home/ubuntu/workspace/CST336/hw/hw3/api/get-user.php:10
Stack trace:
#0 /home/ubuntu/workspace/CST336/hw/hw3/api/get-user.php(10): PDOStatement->fetch(2)
#1 {main}
  thrown in /home/ubuntu/workspace/CST336/hw/hw3/api/get-user.php on line 10
[18-Mar-2019 01:52:40 UTC] PHP Fatal error:  Uncaught exception 'PDOException' with message 'SQLSTATE[HY000]: General error' in /home/ubuntu/workspace/CST336/hw/hw3/api/get-user.php:10
Stack trace:
#0 /home/ubuntu/workspace/CST336/hw/hw3/api/get-user.php(10): PDOStatement->fetch(2)
#1 {main}
  thrown in /home/ubuntu/workspace/CST336/hw/hw3/api/get-user.php on line 10
[18-Mar-2019 01:52:41 UTC] PHP Fatal error:  Uncaught exception 'PDOException' with message 'SQLSTATE[HY000]: General error' in /home/ubuntu/workspace/CST336/hw/hw3/api/get-user.php:10
Stack trace:
#0 /home/ubuntu/workspace/CST336/hw/hw3/api/get-user.php(10): PDOStatement->fetch(2)
#1 {main}
  thrown in /home/ubuntu/workspace/CST336/hw/hw3/api/get-user.php on line 10
[18-Mar-2019 01:52:47 UTC] PHP Fatal error:  Uncaught exception 'PDOException' with message 'SQLSTATE[HY000]: General error' in /home/ubuntu/workspace/CST336/hw/hw3/api/get-user.php:10
Stack trace:
#0 /home/ubuntu/workspace/CST336/hw/hw3/api/get-user.php(10): PDOStatement->fetch(2)
#1 {main}
  thrown in /home/ubuntu/workspace/CST336/hw/hw3/api/get-user.php on line 10
[18-Mar-2019 01:53:21 UTC] PHP Fatal error:  Uncaught exception 'PDOException' with message 'SQLSTATE[HY000]: General error' in /home/ubuntu/workspace/CST336/hw/hw3/api/get-user.php:10
Stack trace:
#0 /home/ubuntu/workspace/CST336/hw/hw3/api/get-user.php(10): PDOStatement->fetch(2)
#1 {main}
  thrown in /home/ubuntu/workspace/CST336/hw/hw3/api/get-user.php on line 10
[18-Mar-2019 01:53:21 UTC] PHP Fatal error:  Uncaught exception 'PDOException' with message 'SQLSTATE[HY000]: General error' in /home/ubuntu/workspace/CST336/hw/hw3/api/get-user.php:10
Stack trace:
#0 /home/ubuntu/workspace/CST336/hw/hw3/api/get-user.php(10): PDOStatement->fetch(2)
#1 {main}
  thrown in /home/ubuntu/workspace/CST336/hw/hw3/api/get-user.php on line 10
[18-Mar-2019 01:53:22 UTC] PHP Fatal error:  Uncaught exception 'PDOException' with message 'SQLSTATE[HY000]: General error' in /home/ubuntu/workspace/CST336/hw/hw3/api/get-user.php:10
Stack trace:
#0 /home/ubuntu/workspace/CST336/hw/hw3/api/get-user.php(10): PDOStatement->fetch(2)
#1 {main}
  thrown in /home/ubuntu/workspace/CST336/hw/hw3/api/get-user.php on line 10
[18-Mar-2019 01:53:22 UTC] PHP Fatal error:  Uncaught exception 'PDOException' with message 'SQLSTATE[HY000]: General error' in /home/ubuntu/workspace/CST336/hw/hw3/api/get-user.php:10
Stack trace:
#0 /home/ubuntu/workspace/CST336/hw/hw3/api/get-user.php(10): PDOStatement->fetch(2)
#1 {main}
  thrown in /home/ubuntu/workspace/CST336/hw/hw3/api/get-user.php on line 10
[18-Mar-2019 01:53:22 UTC] PHP Fatal error:  Uncaught exception 'PDOException' with message 'SQLSTATE[HY000]: General error' in /home/ubuntu/workspace/CST336/hw/hw3/api/get-user.php:10
Stack trace:
#0 /home/ubuntu/workspace/CST336/hw/hw3/api/get-user.php(10): PDOStatement->fetch(2)
#1 {main}
  thrown in /home/ubuntu/workspace/CST336/hw/hw3/api/get-user.php on line 10
[18-Mar-2019 01:53:23 UTC] PHP Fatal error:  Uncaught exception 'PDOException' with message 'SQLSTATE[HY000]: General error' in /home/ubuntu/workspace/CST336/hw/hw3/api/get-user.php:10
Stack trace:
#0 /home/ubuntu/workspace/CST336/hw/hw3/api/get-user.php(10): PDOStatement->fetch(2)
#1 {main}
  thrown in /home/ubuntu/workspace/CST336/hw/hw3/api/get-user.php on line 10
[18-Mar-2019 01:53:23 UTC] PHP Fatal error:  Uncaught exception 'PDOException' with message 'SQLSTATE[HY000]: General error' in /home/ubuntu/workspace/CST336/hw/hw3/api/get-user.php:10
Stack trace:
#0 /home/ubuntu/workspace/CST336/hw/hw3/api/get-user.php(10): PDOStatement->fetch(2)
#1 {main}
  thrown in /home/ubuntu/workspace/CST336/hw/hw3/api/get-user.php on line 10
[18-Mar-2019 01:53:23 UTC] PHP Fatal error:  Uncaught exception 'PDOException' with message 'SQLSTATE[HY000]: General error' in /home/ubuntu/workspace/CST336/hw/hw3/api/get-user.php:10
Stack trace:
#0 /home/ubuntu/workspace/CST336/hw/hw3/api/get-user.php(10): PDOStatement->fetch(2)
#1 {main}
  thrown in /home/ubuntu/workspace/CST336/hw/hw3/api/get-user.php on line 10
[18-Mar-2019 01:53:23 UTC] PHP Fatal error:  Uncaught exception 'PDOException' with message 'SQLSTATE[HY000]: General error' in /home/ubuntu/workspace/CST336/hw/hw3/api/get-user.php:10
Stack trace:
#0 /home/ubuntu/workspace/CST336/hw/hw3/api/get-user.php(10): PDOStatement->fetch(2)
#1 {main}
  thrown in /home/ubuntu/workspace/CST336/hw/hw3/api/get-user.php on line 10
[18-Mar-2019 03:53:58 UTC] PHP Fatal error:  Uncaught exception 'PDOException' with message 'SQLSTATE[42000]: Syntax error or access violation: 1064 You have an error in your SQL syntax; check the manual that corresponds to your MySQL server version for the right syntax to use near '5' at line 1' in /home/ubuntu/workspace/CST336/hw/hw3/api/get-lists.php:10
Stack trace:
#0 /home/ubuntu/workspace/CST336/hw/hw3/api/get-lists.php(10): PDOStatement->execute()
#1 {main}
  thrown in /home/ubuntu/workspace/CST336/hw/hw3/api/get-lists.php on line 10
[18-Mar-2019 03:54:17 UTC] PHP Fatal error:  Uncaught exception 'PDOException' with message 'SQLSTATE[42000]: Syntax error or access violation: 1064 You have an error in your SQL syntax; check the manual that corresponds to your MySQL server version for the right syntax to use near '5' at line 1' in /home/ubuntu/workspace/CST336/hw/hw3/api/get-lists.php:10
Stack trace:
#0 /home/ubuntu/workspace/CST336/hw/hw3/api/get-lists.php(10): PDOStatement->execute()
#1 {main}
  thrown in /home/ubuntu/workspace/CST336/hw/hw3/api/get-lists.php on line 10
[18-Mar-2019 03:54:18 UTC] PHP Fatal error:  Uncaught exception 'PDOException' with message 'SQLSTATE[42000]: Syntax error or access violation: 1064 You have an error in your SQL syntax; check the manual that corresponds to your MySQL server version for the right syntax to use near '5' at line 1' in /home/ubuntu/workspace/CST336/hw/hw3/api/get-lists.php:10
Stack trace:
#0 /home/ubuntu/workspace/CST336/hw/hw3/api/get-lists.php(10): PDOStatement->execute()
#1 {main}
  thrown in /home/ubuntu/workspace/CST336/hw/hw3/api/get-lists.php on line 10
[18-Mar-2019 03:55:08 UTC] PHP Fatal error:  Uncaught exception 'PDOException' with message 'SQLSTATE[42000]: Syntax error or access violation: 1064 You have an error in your SQL syntax; check the manual that corresponds to your MySQL server version for the right syntax to use near '5' at line 1' in /home/ubuntu/workspace/CST336/hw/hw3/api/get-lists.php:10
Stack trace:
#0 /home/ubuntu/workspace/CST336/hw/hw3/api/get-lists.php(10): PDOStatement->execute()
#1 {main}
  thrown in /home/ubuntu/workspace/CST336/hw/hw3/api/get-lists.php on line 10
[18-Mar-2019 03:55:09 UTC] PHP Fatal error:  Uncaught exception 'PDOException' with message 'SQLSTATE[42000]: Syntax error or access violation: 1064 You have an error in your SQL syntax; check the manual that corresponds to your MySQL server version for the right syntax to use near '5' at line 1' in /home/ubuntu/workspace/CST336/hw/hw3/api/get-lists.php:10
Stack trace:
#0 /home/ubuntu/workspace/CST336/hw/hw3/api/get-lists.php(10): PDOStatement->execute()
#1 {main}
  thrown in /home/ubuntu/workspace/CST336/hw/hw3/api/get-lists.php on line 10
[18-Mar-2019 03:56:15 UTC] PHP Fatal error:  Uncaught exception 'PDOException' with message 'SQLSTATE[42000]: Syntax error or access violation: 1064 You have an error in your SQL syntax; check the manual that corresponds to your MySQL server version for the right syntax to use near '5' at line 1' in /home/ubuntu/workspace/CST336/hw/hw3/api/get-lists.php:10
Stack trace:
#0 /home/ubuntu/workspace/CST336/hw/hw3/api/get-lists.php(10): PDOStatement->execute()
#1 {main}
  thrown in /home/ubuntu/workspace/CST336/hw/hw3/api/get-lists.php on line 10
[18-Mar-2019 03:56:16 UTC] PHP Fatal error:  Uncaught exception 'PDOException' with message 'SQLSTATE[42000]: Syntax error or access violation: 1064 You have an error in your SQL syntax; check the manual that corresponds to your MySQL server version for the right syntax to use near '5' at line 1' in /home/ubuntu/workspace/CST336/hw/hw3/api/get-lists.php:10
Stack trace:
#0 /home/ubuntu/workspace/CST336/hw/hw3/api/get-lists.php(10): PDOStatement->execute()
#1 {main}
  thrown in /home/ubuntu/workspace/CST336/hw/hw3/api/get-lists.php on line 10
[18-Mar-2019 03:56:28 UTC] PHP Fatal error:  Uncaught exception 'PDOException' with message 'SQLSTATE[42000]: Syntax error or access violation: 1064 You have an error in your SQL syntax; check the manual that corresponds to your MySQL server version for the right syntax to use near '5' at line 1' in /home/ubuntu/workspace/CST336/hw/hw3/api/get-lists.php:10
Stack trace:
#0 /home/ubuntu/workspace/CST336/hw/hw3/api/get-lists.php(10): PDOStatement->execute()
#1 {main}
  thrown in /home/ubuntu/workspace/CST336/hw/hw3/api/get-lists.php on line 10
[18-Mar-2019 03:56:29 UTC] PHP Fatal error:  Uncaught exception 'PDOException' with message 'SQLSTATE[42000]: Syntax error or access violation: 1064 You have an error in your SQL syntax; check the manual that corresponds to your MySQL server version for the right syntax to use near '5' at line 1' in /home/ubuntu/workspace/CST336/hw/hw3/api/get-lists.php:10
Stack trace:
#0 /home/ubuntu/workspace/CST336/hw/hw3/api/get-lists.php(10): PDOStatement->execute()
#1 {main}
  thrown in /home/ubuntu/workspace/CST336/hw/hw3/api/get-lists.php on line 10
[18-Mar-2019 03:57:42 UTC] PHP Fatal error:  Uncaught exception 'PDOException' with message 'SQLSTATE[42000]: Syntax error or access violation: 1064 You have an error in your SQL syntax; check the manual that corresponds to your MySQL server version for the right syntax to use near '5' at line 1' in /home/ubuntu/workspace/CST336/hw/hw3/api/get-lists.php:10
Stack trace:
#0 /home/ubuntu/workspace/CST336/hw/hw3/api/get-lists.php(10): PDOStatement->execute()
#1 {main}
  thrown in /home/ubuntu/workspace/CST336/hw/hw3/api/get-lists.php on line 10
[18-Mar-2019 03:57:47 UTC] PHP Fatal error:  Uncaught exception 'PDOException' with message 'SQLSTATE[42000]: Syntax error or access violation: 1064 You have an error in your SQL syntax; check the manual that corresponds to your MySQL server version for the right syntax to use near '5' at line 1' in /home/ubuntu/workspace/CST336/hw/hw3/api/get-lists.php:10
Stack trace:
#0 /home/ubuntu/workspace/CST336/hw/hw3/api/get-lists.php(10): PDOStatement->execute()
#1 {main}
  thrown in /home/ubuntu/workspace/CST336/hw/hw3/api/get-lists.php on line 10
[18-Mar-2019 03:57:48 UTC] PHP Fatal error:  Uncaught exception 'PDOException' with message 'SQLSTATE[42000]: Syntax error or access violation: 1064 You have an error in your SQL syntax; check the manual that corresponds to your MySQL server version for the right syntax to use near '5' at line 1' in /home/ubuntu/workspace/CST336/hw/hw3/api/get-lists.php:10
Stack trace:
#0 /home/ubuntu/workspace/CST336/hw/hw3/api/get-lists.php(10): PDOStatement->execute()
#1 {main}
  thrown in /home/ubuntu/workspace/CST336/hw/hw3/api/get-lists.php on line 10
[18-Mar-2019 03:58:10 UTC] PHP Fatal error:  Uncaught exception 'PDOException' with message 'SQLSTATE[42000]: Syntax error or access violation: 1064 You have an error in your SQL syntax; check the manual that corresponds to your MySQL server version for the right syntax to use near '5' at line 1' in /home/ubuntu/workspace/CST336/hw/hw3/api/get-lists.php:10
Stack trace:
#0 /home/ubuntu/workspace/CST336/hw/hw3/api/get-lists.php(10): PDOStatement->execute()
#1 {main}
  thrown in /home/ubuntu/workspace/CST336/hw/hw3/api/get-lists.php on line 10
[18-Mar-2019 03:58:12 UTC] PHP Fatal error:  Uncaught exception 'PDOException' with message 'SQLSTATE[42000]: Syntax error or access violation: 1064 You have an error in your SQL syntax; check the manual that corresponds to your MySQL server version for the right syntax to use near '5' at line 1' in /home/ubuntu/workspace/CST336/hw/hw3/api/get-lists.php:10
Stack trace:
#0 /home/ubuntu/workspace/CST336/hw/hw3/api/get-lists.php(10): PDOStatement->execute()
#1 {main}
  thrown in /home/ubuntu/workspace/CST336/hw/hw3/api/get-lists.php on line 10
[18-Mar-2019 03:58:26 UTC] PHP Fatal error:  Uncaught exception 'PDOException' with message 'SQLSTATE[42000]: Syntax error or access violation: 1064 You have an error in your SQL syntax; check the manual that corresponds to your MySQL server version for the right syntax to use near '' at line 1' in /home/ubuntu/workspace/CST336/hw/hw3/api/get-lists.php:10
Stack trace:
#0 /home/ubuntu/workspace/CST336/hw/hw3/api/get-lists.php(10): PDOStatement->execute()
#1 {main}
  thrown in /home/ubuntu/workspace/CST336/hw/hw3/api/get-lists.php on line 10
[18-Mar-2019 03:58:27 UTC] PHP Fatal error:  Uncaught exception 'PDOException' with message 'SQLSTATE[23000]: Integrity constraint violation: 1048 Column 'userID' cannot be null' in /home/ubuntu/workspace/CST336/hw/hw3/api/insert-list.php:20
Stack trace:
#0 /home/ubuntu/workspace/CST336/hw/hw3/api/insert-list.php(20): PDOStatement->execute(Array)
#1 {main}
  thrown in /home/ubuntu/workspace/CST336/hw/hw3/api/insert-list.php on line 20
[18-Mar-2019 03:58:30 UTC] PHP Fatal error:  Uncaught exception 'PDOException' with message 'SQLSTATE[23000]: Integrity constraint violation: 1048 Column 'userID' cannot be null' in /home/ubuntu/workspace/CST336/hw/hw3/api/insert-list.php:20
Stack trace:
#0 /home/ubuntu/workspace/CST336/hw/hw3/api/insert-list.php(20): PDOStatement->execute(Array)
#1 {main}
  thrown in /home/ubuntu/workspace/CST336/hw/hw3/api/insert-list.php on line 20
[18-Mar-2019 03:58:30 UTC] PHP Fatal error:  Uncaught exception 'PDOException' with message 'SQLSTATE[42000]: Syntax error or access violation: 1064 You have an error in your SQL syntax; check the manual that corresponds to your MySQL server version for the right syntax to use near '' at line 1' in /home/ubuntu/workspace/CST336/hw/hw3/api/get-lists.php:10
Stack trace:
#0 /home/ubuntu/workspace/CST336/hw/hw3/api/get-lists.php(10): PDOStatement->execute()
#1 {main}
  thrown in /home/ubuntu/workspace/CST336/hw/hw3/api/get-lists.php on line 10
[18-Mar-2019 03:58:31 UTC] PHP Fatal error:  Uncaught exception 'PDOException' with message 'SQLSTATE[23000]: Integrity constraint violation: 1048 Column 'userID' cannot be null' in /home/ubuntu/workspace/CST336/hw/hw3/api/insert-list.php:20
Stack trace:
#0 /home/ubuntu/workspace/CST336/hw/hw3/api/insert-list.php(20): PDOStatement->execute(Array)
#1 {main}
  thrown in /home/ubuntu/workspace/CST336/hw/hw3/api/insert-list.php on line 20
[18-Mar-2019 03:58:31 UTC] PHP Fatal error:  Uncaught exception 'PDOException' with message 'SQLSTATE[23000]: Integrity constraint violation: 1048 Column 'userID' cannot be null' in /home/ubuntu/workspace/CST336/hw/hw3/api/insert-list.php:20
Stack trace:
#0 /home/ubuntu/workspace/CST336/hw/hw3/api/insert-list.php(20): PDOStatement->execute(Array)
#1 {main}
  thrown in /home/ubuntu/workspace/CST336/hw/hw3/api/insert-list.php on line 20
[18-Mar-2019 03:58:32 UTC] PHP Fatal error:  Uncaught exception 'PDOException' with message 'SQLSTATE[23000]: Integrity constraint violation: 1048 Column 'userID' cannot be null' in /home/ubuntu/workspace/CST336/hw/hw3/api/insert-list.php:20
Stack trace:
#0 /home/ubuntu/workspace/CST336/hw/hw3/api/insert-list.php(20): PDOStatement->execute(Array)
#1 {main}
  thrown in /home/ubuntu/workspace/CST336/hw/hw3/api/insert-list.php on line 20
[18-Mar-2019 03:58:32 UTC] PHP Fatal error:  Uncaught exception 'PDOException' with message 'SQLSTATE[23000]: Integrity constraint violation: 1048 Column 'userID' cannot be null' in /home/ubuntu/workspace/CST336/hw/hw3/api/insert-list.php:20
Stack trace:
#0 /home/ubuntu/workspace/CST336/hw/hw3/api/insert-list.php(20): PDOStatement->execute(Array)
#1 {main}
  thrown in /home/ubuntu/workspace/CST336/hw/hw3/api/insert-list.php on line 20
[18-Mar-2019 03:58:33 UTC] PHP Fatal error:  Uncaught exception 'PDOException' with message 'SQLSTATE[23000]: Integrity constraint violation: 1048 Column 'userID' cannot be null' in /home/ubuntu/workspace/CST336/hw/hw3/api/insert-list.php:20
Stack trace:
#0 /home/ubuntu/workspace/CST336/hw/hw3/api/insert-list.php(20): PDOStatement->execute(Array)
#1 {main}
  thrown in /home/ubuntu/workspace/CST336/hw/hw3/api/insert-list.php on line 20
[18-Mar-2019 03:58:33 UTC] PHP Fatal error:  Uncaught exception 'PDOException' with message 'SQLSTATE[23000]: Integrity constraint violation: 1048 Column 'userID' cannot be null' in /home/ubuntu/workspace/CST336/hw/hw3/api/insert-list.php:20
Stack trace:
#0 /home/ubuntu/workspace/CST336/hw/hw3/api/insert-list.php(20): PDOStatement->execute(Array)
#1 {main}
  thrown in /home/ubuntu/workspace/CST336/hw/hw3/api/insert-list.php on line 20
[18-Mar-2019 03:58:33 UTC] PHP Fatal error:  Uncaught exception 'PDOException' with message 'SQLSTATE[23000]: Integrity constraint violation: 1048 Column 'userID' cannot be null' in /home/ubuntu/workspace/CST336/hw/hw3/api/insert-list.php:20
Stack trace:
#0 /home/ubuntu/workspace/CST336/hw/hw3/api/insert-list.php(20): PDOStatement->execute(Array)
#1 {main}
  thrown in /home/ubuntu/workspace/CST336/hw/hw3/api/insert-list.php on line 20
[18-Mar-2019 03:58:33 UTC] PHP Fatal error:  Uncaught exception 'PDOException' with message 'SQLSTATE[23000]: Integrity constraint violation: 1048 Column 'userID' cannot be null' in /home/ubuntu/workspace/CST336/hw/hw3/api/insert-list.php:20
Stack trace:
#0 /home/ubuntu/workspace/CST336/hw/hw3/api/insert-list.php(20): PDOStatement->execute(Array)
#1 {main}
  thrown in /home/ubuntu/workspace/CST336/hw/hw3/api/insert-list.php on line 20
[18-Mar-2019 03:58:33 UTC] PHP Fatal error:  Uncaught exception 'PDOException' with message 'SQLSTATE[23000]: Integrity constraint violation: 1048 Column 'userID' cannot be null' in /home/ubuntu/workspace/CST336/hw/hw3/api/insert-list.php:20
Stack trace:
#0 /home/ubuntu/workspace/CST336/hw/hw3/api/insert-list.php(20): PDOStatement->execute(Array)
#1 {main}
  thrown in /home/ubuntu/workspace/CST336/hw/hw3/api/insert-list.php on line 20
[18-Mar-2019 03:58:34 UTC] PHP Fatal error:  Uncaught exception 'PDOException' with message 'SQLSTATE[23000]: Integrity constraint violation: 1048 Column 'userID' cannot be null' in /home/ubuntu/workspace/CST336/hw/hw3/api/insert-list.php:20
Stack trace:
#0 /home/ubuntu/workspace/CST336/hw/hw3/api/insert-list.php(20): PDOStatement->execute(Array)
#1 {main}
  thrown in /home/ubuntu/workspace/CST336/hw/hw3/api/insert-list.php on line 20
[18-Mar-2019 03:58:51 UTC] PHP Fatal error:  Uncaught exception 'PDOException' with message 'SQLSTATE[23000]: Integrity constraint violation: 1048 Column 'userID' cannot be null' in /home/ubuntu/workspace/CST336/hw/hw3/api/insert-list.php:20
Stack trace:
#0 /home/ubuntu/workspace/CST336/hw/hw3/api/insert-list.php(20): PDOStatement->execute(Array)
#1 {main}
  thrown in /home/ubuntu/workspace/CST336/hw/hw3/api/insert-list.php on line 20
[18-Mar-2019 03:58:52 UTC] PHP Fatal error:  Uncaught exception 'PDOException' with message 'SQLSTATE[23000]: Integrity constraint violation: 1048 Column 'userID' cannot be null' in /home/ubuntu/workspace/CST336/hw/hw3/api/insert-list.php:20
Stack trace:
#0 /home/ubuntu/workspace/CST336/hw/hw3/api/insert-list.php(20): PDOStatement->execute(Array)
#1 {main}
  thrown in /home/ubuntu/workspace/CST336/hw/hw3/api/insert-list.php on line 20
[18-Mar-2019 03:58:52 UTC] PHP Fatal error:  Uncaught exception 'PDOException' with message 'SQLSTATE[23000]: Integrity constraint violation: 1048 Column 'userID' cannot be null' in /home/ubuntu/workspace/CST336/hw/hw3/api/insert-list.php:20
Stack trace:
#0 /home/ubuntu/workspace/CST336/hw/hw3/api/insert-list.php(20): PDOStatement->execute(Array)
#1 {main}
  thrown in /home/ubuntu/workspace/CST336/hw/hw3/api/insert-list.php on line 20
[18-Mar-2019 03:58:52 UTC] PHP Fatal error:  Uncaught exception 'PDOException' with message 'SQLSTATE[23000]: Integrity constraint violation: 1048 Column 'userID' cannot be null' in /home/ubuntu/workspace/CST336/hw/hw3/api/insert-list.php:20
Stack trace:
#0 /home/ubuntu/workspace/CST336/hw/hw3/api/insert-list.php(20): PDOStatement->execute(Array)
#1 {main}
  thrown in /home/ubuntu/workspace/CST336/hw/hw3/api/insert-list.php on line 20
[18-Mar-2019 03:58:54 UTC] PHP Fatal error:  Uncaught exception 'PDOException' with message 'SQLSTATE[23000]: Integrity constraint violation: 1048 Column 'userID' cannot be null' in /home/ubuntu/workspace/CST336/hw/hw3/api/insert-list.php:20
Stack trace:
#0 /home/ubuntu/workspace/CST336/hw/hw3/api/insert-list.php(20): PDOStatement->execute(Array)
#1 {main}
  thrown in /home/ubuntu/workspace/CST336/hw/hw3/api/insert-list.php on line 20
[18-Mar-2019 03:58:54 UTC] PHP Fatal error:  Uncaught exception 'PDOException' with message 'SQLSTATE[23000]: Integrity constraint violation: 1048 Column 'userID' cannot be null' in /home/ubuntu/workspace/CST336/hw/hw3/api/insert-list.php:20
Stack trace:
#0 /home/ubuntu/workspace/CST336/hw/hw3/api/insert-list.php(20): PDOStatement->execute(Array)
#1 {main}
  thrown in /home/ubuntu/workspace/CST336/hw/hw3/api/insert-list.php on line 20
[18-Mar-2019 03:58:54 UTC] PHP Fatal error:  Uncaught exception 'PDOException' with message 'SQLSTATE[23000]: Integrity constraint violation: 1048 Column 'userID' cannot be null' in /home/ubuntu/workspace/CST336/hw/hw3/api/insert-list.php:20
Stack trace:
#0 /home/ubuntu/workspace/CST336/hw/hw3/api/insert-list.php(20): PDOStatement->execute(Array)
#1 {main}
  thrown in /home/ubuntu/workspace/CST336/hw/hw3/api/insert-list.php on line 20
[18-Mar-2019 03:58:57 UTC] PHP Fatal error:  Uncaught exception 'PDOException' with message 'SQLSTATE[42000]: Syntax error or access violation: 1064 You have an error in your SQL syntax; check the manual that corresponds to your MySQL server version for the right syntax to use near '' at line 1' in /home/ubuntu/workspace/CST336/hw/hw3/api/get-lists.php:10
Stack trace:
#0 /home/ubuntu/workspace/CST336/hw/hw3/api/get-lists.php(10): PDOStatement->execute()
#1 {main}
  thrown in /home/ubuntu/workspace/CST336/hw/hw3/api/get-lists.php on line 10
[18-Mar-2019 03:59:14 UTC] PHP Fatal error:  Uncaught exception 'PDOException' with message 'SQLSTATE[42000]: Syntax error or access violation: 1064 You have an error in your SQL syntax; check the manual that corresponds to your MySQL server version for the right syntax to use near '' at line 1' in /home/ubuntu/workspace/CST336/hw/hw3/api/get-lists.php:10
Stack trace:
#0 /home/ubuntu/workspace/CST336/hw/hw3/api/get-lists.php(10): PDOStatement->execute()
#1 {main}
  thrown in /home/ubuntu/workspace/CST336/hw/hw3/api/get-lists.php on line 10
[18-Mar-2019 03:59:15 UTC] PHP Fatal error:  Uncaught exception 'PDOException' with message 'SQLSTATE[23000]: Integrity constraint violation: 1048 Column 'userID' cannot be null' in /home/ubuntu/workspace/CST336/hw/hw3/api/insert-list.php:20
Stack trace:
#0 /home/ubuntu/workspace/CST336/hw/hw3/api/insert-list.php(20): PDOStatement->execute(Array)
#1 {main}
  thrown in /home/ubuntu/workspace/CST336/hw/hw3/api/insert-list.php on line 20
[18-Mar-2019 03:59:16 UTC] PHP Fatal error:  Uncaught exception 'PDOException' with message 'SQLSTATE[23000]: Integrity constraint violation: 1048 Column 'userID' cannot be null' in /home/ubuntu/workspace/CST336/hw/hw3/api/insert-list.php:20
Stack trace:
#0 /home/ubuntu/workspace/CST336/hw/hw3/api/insert-list.php(20): PDOStatement->execute(Array)
#1 {main}
  thrown in /home/ubuntu/workspace/CST336/hw/hw3/api/insert-list.php on line 20
[18-Mar-2019 03:59:41 UTC] PHP Fatal error:  Uncaught exception 'PDOException' with message 'SQLSTATE[23000]: Integrity constraint violation: 1048 Column 'userID' cannot be null' in /home/ubuntu/workspace/CST336/hw/hw3/api/insert-list.php:20
Stack trace:
#0 /home/ubuntu/workspace/CST336/hw/hw3/api/insert-list.php(20): PDOStatement->execute(Array)
#1 {main}
  thrown in /home/ubuntu/workspace/CST336/hw/hw3/api/insert-list.php on line 20
[18-Mar-2019 04:06:28 UTC] PHP Fatal error:  Uncaught exception 'PDOException' with message 'SQLSTATE[42000]: Syntax error or access violation: 1064 You have an error in your SQL syntax; check the manual that corresponds to your MySQL server version for the right syntax to use near '' at line 1' in /home/ubuntu/workspace/CST336/hw/hw3/api/insert-list.php:26
Stack trace:
#0 /home/ubuntu/workspace/CST336/hw/hw3/api/insert-list.php(26): PDOStatement->execute(Array)
#1 {main}
  thrown in /home/ubuntu/workspace/CST336/hw/hw3/api/insert-list.php on line 26
[18-Mar-2019 04:06:36 UTC] PHP Fatal error:  Uncaught exception 'PDOException' with message 'SQLSTATE[42000]: Syntax error or access violation: 1064 You have an error in your SQL syntax; check the manual that corresponds to your MySQL server version for the right syntax to use near '' at line 1' in /home/ubuntu/workspace/CST336/hw/hw3/api/insert-list.php:26
Stack trace:
#0 /home/ubuntu/workspace/CST336/hw/hw3/api/insert-list.php(26): PDOStatement->execute(Array)
#1 {main}
  thrown in /home/ubuntu/workspace/CST336/hw/hw3/api/insert-list.php on line 26
[18-Mar-2019 04:07:09 UTC] PHP Fatal error:  Uncaught exception 'PDOException' with message 'SQLSTATE[42000]: Syntax error or access violation: 1064 You have an error in your SQL syntax; check the manual that corresponds to your MySQL server version for the right syntax to use near '' at line 1' in /home/ubuntu/workspace/CST336/hw/hw3/api/get-lists.php:10
Stack trace:
#0 /home/ubuntu/workspace/CST336/hw/hw3/api/get-lists.php(10): PDOStatement->execute()
#1 {main}
  thrown in /home/ubuntu/workspace/CST336/hw/hw3/api/get-lists.php on line 10
[18-Mar-2019 04:07:12 UTC] PHP Fatal error:  Uncaught exception 'PDOException' with message 'SQLSTATE[23000]: Integrity constraint violation: 1048 Column 'userID' cannot be null' in /home/ubuntu/workspace/CST336/hw/hw3/api/insert-list.php:26
Stack trace:
#0 /home/ubuntu/workspace/CST336/hw/hw3/api/insert-list.php(26): PDOStatement->execute(Array)
#1 {main}
  thrown in /home/ubuntu/workspace/CST336/hw/hw3/api/insert-list.php on line 26
[18-Mar-2019 04:07:13 UTC] PHP Fatal error:  Uncaught exception 'PDOException' with message 'SQLSTATE[42000]: Syntax error or access violation: 1064 You have an error in your SQL syntax; check the manual that corresponds to your MySQL server version for the right syntax to use near '' at line 1' in /home/ubuntu/workspace/CST336/hw/hw3/api/get-lists.php:10
Stack trace:
#0 /home/ubuntu/workspace/CST336/hw/hw3/api/get-lists.php(10): PDOStatement->execute()
#1 {main}
  thrown in /home/ubuntu/workspace/CST336/hw/hw3/api/get-lists.php on line 10
[18-Mar-2019 04:07:14 UTC] PHP Fatal error:  Uncaught exception 'PDOException' with message 'SQLSTATE[42000]: Syntax error or access violation: 1064 You have an error in your SQL syntax; check the manual that corresponds to your MySQL server version for the right syntax to use near '' at line 1' in /home/ubuntu/workspace/CST336/hw/hw3/api/get-lists.php:10
Stack trace:
#0 /home/ubuntu/workspace/CST336/hw/hw3/api/get-lists.php(10): PDOStatement->execute()
#1 {main}
  thrown in /home/ubuntu/workspace/CST336/hw/hw3/api/get-lists.php on line 10
[18-Mar-2019 04:08:24 UTC] PHP Fatal error:  Uncaught exception 'PDOException' with message 'SQLSTATE[42000]: Syntax error or access violation: 1064 You have an error in your SQL syntax; check the manual that corresponds to your MySQL server version for the right syntax to use near '' at line 1' in /home/ubuntu/workspace/CST336/hw/hw3/api/get-lists.php:10
Stack trace:
#0 /home/ubuntu/workspace/CST336/hw/hw3/api/get-lists.php(10): PDOStatement->execute()
#1 {main}
  thrown in /home/ubuntu/workspace/CST336/hw/hw3/api/get-lists.php on line 10
[18-Mar-2019 04:08:39 UTC] PHP Fatal error:  Uncaught exception 'PDOException' with message 'SQLSTATE[42000]: Syntax error or access violation: 1064 You have an error in your SQL syntax; check the manual that corresponds to your MySQL server version for the right syntax to use near '' at line 1' in /home/ubuntu/workspace/CST336/hw/hw3/api/get-lists.php:10
Stack trace:
#0 /home/ubuntu/workspace/CST336/hw/hw3/api/get-lists.php(10): PDOStatement->execute()
#1 {main}
  thrown in /home/ubuntu/workspace/CST336/hw/hw3/api/get-lists.php on line 10
[18-Mar-2019 04:08:40 UTC] PHP Fatal error:  Uncaught exception 'PDOException' with message 'SQLSTATE[23000]: Integrity constraint violation: 1048 Column 'userID' cannot be null' in /home/ubuntu/workspace/CST336/hw/hw3/api/insert-list.php:26
Stack trace:
#0 /home/ubuntu/workspace/CST336/hw/hw3/api/insert-list.php(26): PDOStatement->execute(Array)
#1 {main}
  thrown in /home/ubuntu/workspace/CST336/hw/hw3/api/insert-list.php on line 26
[18-Mar-2019 18:53:31 UTC] PHP Fatal error:  Uncaught exception 'PDOException' with message 'SQLSTATE[42000]: Syntax error or access violation: 1064 You have an error in your SQL syntax; check the manual that corresponds to your MySQL server version for the right syntax to use near '' at line 1' in /home/ubuntu/workspace/CST336/hw/hw3/api/get-lists.php:10
Stack trace:
#0 /home/ubuntu/workspace/CST336/hw/hw3/api/get-lists.php(10): PDOStatement->execute()
#1 {main}
  thrown in /home/ubuntu/workspace/CST336/hw/hw3/api/get-lists.php on line 10
[18-Mar-2019 18:53:36 UTC] PHP Fatal error:  Uncaught exception 'PDOException' with message 'SQLSTATE[23000]: Integrity constraint violation: 1048 Column 'userID' cannot be null' in /home/ubuntu/workspace/CST336/hw/hw3/api/insert-list.php:26
Stack trace:
#0 /home/ubuntu/workspace/CST336/hw/hw3/api/insert-list.php(26): PDOStatement->execute(Array)
#1 {main}
  thrown in /home/ubuntu/workspace/CST336/hw/hw3/api/insert-list.php on line 26
[18-Mar-2019 18:53:41 UTC] PHP Fatal error:  Uncaught exception 'PDOException' with message 'SQLSTATE[23000]: Integrity constraint violation: 1048 Column 'userID' cannot be null' in /home/ubuntu/workspace/CST336/hw/hw3/api/insert-list.php:26
Stack trace:
#0 /home/ubuntu/workspace/CST336/hw/hw3/api/insert-list.php(26): PDOStatement->execute(Array)
#1 {main}
  thrown in /home/ubuntu/workspace/CST336/hw/hw3/api/insert-list.php on line 26
[18-Mar-2019 18:54:46 UTC] PHP Fatal error:  Uncaught exception 'PDOException' with message 'SQLSTATE[42000]: Syntax error or access violation: 1064 You have an error in your SQL syntax; check the manual that corresponds to your MySQL server version for the right syntax to use near '' at line 1' in /home/ubuntu/workspace/CST336/hw/hw3/api/get-lists.php:10
Stack trace:
#0 /home/ubuntu/workspace/CST336/hw/hw3/api/get-lists.php(10): PDOStatement->execute()
#1 {main}
  thrown in /home/ubuntu/workspace/CST336/hw/hw3/api/get-lists.php on line 10
[18-Mar-2019 18:58:50 UTC] PHP Fatal error:  Uncaught exception 'PDOException' with message 'SQLSTATE[42000]: Syntax error or access violation: 1064 You have an error in your SQL syntax; check the manual that corresponds to your MySQL server version for the right syntax to use near '' at line 1' in /home/ubuntu/workspace/CST336/hw/hw3/api/get-lists.php:10
Stack trace:
#0 /home/ubuntu/workspace/CST336/hw/hw3/api/get-lists.php(10): PDOStatement->execute()
#1 {main}
  thrown in /home/ubuntu/workspace/CST336/hw/hw3/api/get-lists.php on line 10
[18-Mar-2019 18:58:52 UTC] PHP Fatal error:  Uncaught exception 'PDOException' with message 'SQLSTATE[23000]: Integrity constraint violation: 1048 Column 'userID' cannot be null' in /home/ubuntu/workspace/CST336/hw/hw3/api/insert-list.php:26
Stack trace:
#0 /home/ubuntu/workspace/CST336/hw/hw3/api/insert-list.php(26): PDOStatement->execute(Array)
#1 {main}
  thrown in /home/ubuntu/workspace/CST336/hw/hw3/api/insert-list.php on line 26
[18-Mar-2019 18:58:57 UTC] PHP Fatal error:  Uncaught exception 'PDOException' with message 'SQLSTATE[42000]: Syntax error or access violation: 1064 You have an error in your SQL syntax; check the manual that corresponds to your MySQL server version for the right syntax to use near '' at line 1' in /home/ubuntu/workspace/CST336/hw/hw3/api/get-lists.php:10
Stack trace:
#0 /home/ubuntu/workspace/CST336/hw/hw3/api/get-lists.php(10): PDOStatement->execute()
#1 {main}
  thrown in /home/ubuntu/workspace/CST336/hw/hw3/api/get-lists.php on line 10
[18-Mar-2019 18:58:59 UTC] PHP Fatal error:  Uncaught exception 'PDOException' with message 'SQLSTATE[23000]: Integrity constraint violation: 1048 Column 'userID' cannot be null' in /home/ubuntu/workspace/CST336/hw/hw3/api/insert-list.php:26
Stack trace:
#0 /home/ubuntu/workspace/CST336/hw/hw3/api/insert-list.php(26): PDOStatement->execute(Array)
#1 {main}
  thrown in /home/ubuntu/workspace/CST336/hw/hw3/api/insert-list.php on line 26
[18-Mar-2019 18:59:00 UTC] PHP Fatal error:  Uncaught exception 'PDOException' with message 'SQLSTATE[42000]: Syntax error or access violation: 1064 You have an error in your SQL syntax; check the manual that corresponds to your MySQL server version for the right syntax to use near '' at line 1' in /home/ubuntu/workspace/CST336/hw/hw3/api/get-lists.php:10
Stack trace:
#0 /home/ubuntu/workspace/CST336/hw/hw3/api/get-lists.php(10): PDOStatement->execute()
#1 {main}
  thrown in /home/ubuntu/workspace/CST336/hw/hw3/api/get-lists.php on line 10
[18-Mar-2019 18:59:21 UTC] PHP Fatal error:  Uncaught exception 'PDOException' with message 'SQLSTATE[42000]: Syntax error or access violation: 1064 You have an error in your SQL syntax; check the manual that corresponds to your MySQL server version for the right syntax to use near '' at line 1' in /home/ubuntu/workspace/CST336/hw/hw3/api/get-lists.php:10
Stack trace:
#0 /home/ubuntu/workspace/CST336/hw/hw3/api/get-lists.php(10): PDOStatement->execute()
#1 {main}
  thrown in /home/ubuntu/workspace/CST336/hw/hw3/api/get-lists.php on line 10
[18-Mar-2019 18:59:23 UTC] PHP Fatal error:  Uncaught exception 'PDOException' with message 'SQLSTATE[23000]: Integrity constraint violation: 1048 Column 'userID' cannot be null' in /home/ubuntu/workspace/CST336/hw/hw3/api/insert-list.php:26
Stack trace:
#0 /home/ubuntu/workspace/CST336/hw/hw3/api/insert-list.php(26): PDOStatement->execute(Array)
#1 {main}
  thrown in /home/ubuntu/workspace/CST336/hw/hw3/api/insert-list.php on line 26
[18-Mar-2019 18:59:31 UTC] PHP Fatal error:  Uncaught exception 'PDOException' with message 'SQLSTATE[23000]: Integrity constraint violation: 1048 Column 'userID' cannot be null' in /home/ubuntu/workspace/CST336/hw/hw3/api/insert-list.php:26
Stack trace:
#0 /home/ubuntu/workspace/CST336/hw/hw3/api/insert-list.php(26): PDOStatement->execute(Array)
#1 {main}
  thrown in /home/ubuntu/workspace/CST336/hw/hw3/api/insert-list.php on line 26
[18-Mar-2019 18:59:47 UTC] PHP Fatal error:  Uncaught exception 'PDOException' with message 'SQLSTATE[42000]: Syntax error or access violation: 1064 You have an error in your SQL syntax; check the manual that corresponds to your MySQL server version for the right syntax to use near '' at line 1' in /home/ubuntu/workspace/CST336/hw/hw3/api/get-lists.php:10
Stack trace:
#0 /home/ubuntu/workspace/CST336/hw/hw3/api/get-lists.php(10): PDOStatement->execute()
#1 {main}
  thrown in /home/ubuntu/workspace/CST336/hw/hw3/api/get-lists.php on line 10
[18-Mar-2019 19:00:02 UTC] PHP Fatal error:  Uncaught exception 'PDOException' with message 'SQLSTATE[42000]: Syntax error or access violation: 1064 You have an error in your SQL syntax; check the manual that corresponds to your MySQL server version for the right syntax to use near '' at line 1' in /home/ubuntu/workspace/CST336/hw/hw3/api/get-lists.php:10
Stack trace:
#0 /home/ubuntu/workspace/CST336/hw/hw3/api/get-lists.php(10): PDOStatement->execute()
#1 {main}
  thrown in /home/ubuntu/workspace/CST336/hw/hw3/api/get-lists.php on line 10
[18-Mar-2019 19:00:04 UTC] PHP Fatal error:  Uncaught exception 'PDOException' with message 'SQLSTATE[23000]: Integrity constraint violation: 1048 Column 'userID' cannot be null' in /home/ubuntu/workspace/CST336/hw/hw3/api/insert-list.php:26
Stack trace:
#0 /home/ubuntu/workspace/CST336/hw/hw3/api/insert-list.php(26): PDOStatement->execute(Array)
#1 {main}
  thrown in /home/ubuntu/workspace/CST336/hw/hw3/api/insert-list.php on line 26
[18-Mar-2019 19:01:54 UTC] PHP Fatal error:  Uncaught exception 'PDOException' with message 'SQLSTATE[42000]: Syntax error or access violation: 1064 You have an error in your SQL syntax; check the manual that corresponds to your MySQL server version for the right syntax to use near '' at line 1' in /home/ubuntu/workspace/CST336/hw/hw3/api/get-lists.php:10
Stack trace:
#0 /home/ubuntu/workspace/CST336/hw/hw3/api/get-lists.php(10): PDOStatement->execute()
#1 {main}
  thrown in /home/ubuntu/workspace/CST336/hw/hw3/api/get-lists.php on line 10
[18-Mar-2019 19:01:57 UTC] PHP Fatal error:  Uncaught exception 'PDOException' with message 'SQLSTATE[23000]: Integrity constraint violation: 1048 Column 'userID' cannot be null' in /home/ubuntu/workspace/CST336/hw/hw3/api/insert-list.php:26
Stack trace:
#0 /home/ubuntu/workspace/CST336/hw/hw3/api/insert-list.php(26): PDOStatement->execute(Array)
#1 {main}
  thrown in /home/ubuntu/workspace/CST336/hw/hw3/api/insert-list.php on line 26
[18-Mar-2019 19:02:39 UTC] PHP Fatal error:  Uncaught exception 'PDOException' with message 'SQLSTATE[42000]: Syntax error or access violation: 1064 You have an error in your SQL syntax; check the manual that corresponds to your MySQL server version for the right syntax to use near '' at line 1' in /home/ubuntu/workspace/CST336/hw/hw3/api/get-lists.php:10
Stack trace:
#0 /home/ubuntu/workspace/CST336/hw/hw3/api/get-lists.php(10): PDOStatement->execute()
#1 {main}
  thrown in /home/ubuntu/workspace/CST336/hw/hw3/api/get-lists.php on line 10
[18-Mar-2019 19:03:08 UTC] PHP Fatal error:  Uncaught exception 'PDOException' with message 'SQLSTATE[23000]: Integrity constraint violation: 1048 Column 'userID' cannot be null' in /home/ubuntu/workspace/CST336/hw/hw3/api/insert-list.php:26
Stack trace:
#0 /home/ubuntu/workspace/CST336/hw/hw3/api/insert-list.php(26): PDOStatement->execute(Array)
#1 {main}
  thrown in /home/ubuntu/workspace/CST336/hw/hw3/api/insert-list.php on line 26
[18-Mar-2019 19:04:45 UTC] PHP Fatal error:  Uncaught exception 'PDOException' with message 'SQLSTATE[42000]: Syntax error or access violation: 1064 You have an error in your SQL syntax; check the manual that corresponds to your MySQL server version for the right syntax to use near '' at line 1' in /home/ubuntu/workspace/CST336/hw/hw3/api/get-lists.php:10
Stack trace:
#0 /home/ubuntu/workspace/CST336/hw/hw3/api/get-lists.php(10): PDOStatement->execute()
#1 {main}
  thrown in /home/ubuntu/workspace/CST336/hw/hw3/api/get-lists.php on line 10
[18-Mar-2019 19:04:52 UTC] PHP Fatal error:  Uncaught exception 'PDOException' with message 'SQLSTATE[23000]: Integrity constraint violation: 1048 Column 'userID' cannot be null' in /home/ubuntu/workspace/CST336/hw/hw3/api/insert-list.php:26
Stack trace:
#0 /home/ubuntu/workspace/CST336/hw/hw3/api/insert-list.php(26): PDOStatement->execute(Array)
#1 {main}
  thrown in /home/ubuntu/workspace/CST336/hw/hw3/api/insert-list.php on line 26
[18-Mar-2019 19:05:09 UTC] PHP Fatal error:  Uncaught exception 'PDOException' with message 'SQLSTATE[42000]: Syntax error or access violation: 1064 You have an error in your SQL syntax; check the manual that corresponds to your MySQL server version for the right syntax to use near '' at line 1' in /home/ubuntu/workspace/CST336/hw/hw3/api/get-lists.php:10
Stack trace:
#0 /home/ubuntu/workspace/CST336/hw/hw3/api/get-lists.php(10): PDOStatement->execute()
#1 {main}
  thrown in /home/ubuntu/workspace/CST336/hw/hw3/api/get-lists.php on line 10
[18-Mar-2019 19:05:11 UTC] PHP Fatal error:  Uncaught exception 'PDOException' with message 'SQLSTATE[23000]: Integrity constraint violation: 1048 Column 'userID' cannot be null' in /home/ubuntu/workspace/CST336/hw/hw3/api/insert-list.php:26
Stack trace:
#0 /home/ubuntu/workspace/CST336/hw/hw3/api/insert-list.php(26): PDOStatement->execute(Array)
#1 {main}
  thrown in /home/ubuntu/workspace/CST336/hw/hw3/api/insert-list.php on line 26
[18-Mar-2019 19:05:27 UTC] PHP Fatal error:  Uncaught exception 'PDOException' with message 'SQLSTATE[23000]: Integrity constraint violation: 1048 Column 'userID' cannot be null' in /home/ubuntu/workspace/CST336/hw/hw3/api/insert-list.php:26
Stack trace:
#0 /home/ubuntu/workspace/CST336/hw/hw3/api/insert-list.php(26): PDOStatement->execute(Array)
#1 {main}
  thrown in /home/ubuntu/workspace/CST336/hw/hw3/api/insert-list.php on line 26
[18-Mar-2019 19:09:41 UTC] PHP Fatal error:  Uncaught exception 'PDOException' with message 'SQLSTATE[42000]: Syntax error or access violation: 1064 You have an error in your SQL syntax; check the manual that corresponds to your MySQL server version for the right syntax to use near '' at line 1' in /home/ubuntu/workspace/CST336/hw/hw3/api/get-lists.php:10
Stack trace:
#0 /home/ubuntu/workspace/CST336/hw/hw3/api/get-lists.php(10): PDOStatement->execute()
#1 {main}
  thrown in /home/ubuntu/workspace/CST336/hw/hw3/api/get-lists.php on line 10
[18-Mar-2019 19:09:44 UTC] PHP Fatal error:  Uncaught exception 'PDOException' with message 'SQLSTATE[23000]: Integrity constraint violation: 1048 Column 'userID' cannot be null' in /home/ubuntu/workspace/CST336/hw/hw3/api/insert-list.php:26
Stack trace:
#0 /home/ubuntu/workspace/CST336/hw/hw3/api/insert-list.php(26): PDOStatement->execute(Array)
#1 {main}
  thrown in /home/ubuntu/workspace/CST336/hw/hw3/api/insert-list.php on line 26
[18-Mar-2019 19:10:10 UTC] PHP Fatal error:  Uncaught exception 'PDOException' with message 'SQLSTATE[42000]: Syntax error or access violation: 1064 You have an error in your SQL syntax; check the manual that corresponds to your MySQL server version for the right syntax to use near '' at line 1' in /home/ubuntu/workspace/CST336/hw/hw3/api/get-lists.php:10
Stack trace:
#0 /home/ubuntu/workspace/CST336/hw/hw3/api/get-lists.php(10): PDOStatement->execute()
#1 {main}
  thrown in /home/ubuntu/workspace/CST336/hw/hw3/api/get-lists.php on line 10
[18-Mar-2019 19:10:12 UTC] PHP Fatal error:  Uncaught exception 'PDOException' with message 'SQLSTATE[23000]: Integrity constraint violation: 1048 Column 'userID' cannot be null' in /home/ubuntu/workspace/CST336/hw/hw3/api/insert-list.php:26
Stack trace:
#0 /home/ubuntu/workspace/CST336/hw/hw3/api/insert-list.php(26): PDOStatement->execute(Array)
#1 {main}
  thrown in /home/ubuntu/workspace/CST336/hw/hw3/api/insert-list.php on line 26
[18-Mar-2019 19:10:19 UTC] PHP Fatal error:  Uncaught exception 'PDOException' with message 'SQLSTATE[23000]: Integrity constraint violation: 1048 Column 'userID' cannot be null' in /home/ubuntu/workspace/CST336/hw/hw3/api/insert-list.php:26
Stack trace:
#0 /home/ubuntu/workspace/CST336/hw/hw3/api/insert-list.php(26): PDOStatement->execute(Array)
#1 {main}
  thrown in /home/ubuntu/workspace/CST336/hw/hw3/api/insert-list.php on line 26
[18-Mar-2019 19:11:00 UTC] PHP Fatal error:  Uncaught exception 'PDOException' with message 'SQLSTATE[42000]: Syntax error or access violation: 1064 You have an error in your SQL syntax; check the manual that corresponds to your MySQL server version for the right syntax to use near '' at line 1' in /home/ubuntu/workspace/CST336/hw/hw3/api/get-lists.php:10
Stack trace:
#0 /home/ubuntu/workspace/CST336/hw/hw3/api/get-lists.php(10): PDOStatement->execute()
#1 {main}
  thrown in /home/ubuntu/workspace/CST336/hw/hw3/api/get-lists.php on line 10
[18-Mar-2019 19:11:21 UTC] PHP Fatal error:  Uncaught exception 'PDOException' with message 'SQLSTATE[42000]: Syntax error or access violation: 1064 You have an error in your SQL syntax; check the manual that corresponds to your MySQL server version for the right syntax to use near '' at line 1' in /home/ubuntu/workspace/CST336/hw/hw3/api/get-lists.php:10
Stack trace:
#0 /home/ubuntu/workspace/CST336/hw/hw3/api/get-lists.php(10): PDOStatement->execute()
#1 {main}
  thrown in /home/ubuntu/workspace/CST336/hw/hw3/api/get-lists.php on line 10
[18-Mar-2019 20:24:52 UTC] PHP Fatal error:  Uncaught exception 'PDOException' with message 'SQLSTATE[42000]: Syntax error or access violation: 1064 You have an error in your SQL syntax; check the manual that corresponds to your MySQL server version for the right syntax to use near '' at line 1' in /home/ubuntu/workspace/CST336/hw/hw3/api/get-lists.php:10
Stack trace:
#0 /home/ubuntu/workspace/CST336/hw/hw3/api/get-lists.php(10): PDOStatement->execute()
#1 {main}
  thrown in /home/ubuntu/workspace/CST336/hw/hw3/api/get-lists.php on line 10
[18-Mar-2019 20:38:50 UTC] PHP Fatal error:  Uncaught exception 'PDOException' with message 'SQLSTATE[HY093]: Invalid parameter number: parameter was not defined' in /home/ubuntu/workspace/CST336/hw/hw3/api/update-list.php:39
Stack trace:
#0 /home/ubuntu/workspace/CST336/hw/hw3/api/update-list.php(39): PDOStatement->execute(Array)
#1 {main}
  thrown in /home/ubuntu/workspace/CST336/hw/hw3/api/update-list.php on line 39
[18-Mar-2019 20:38:53 UTC] PHP Fatal error:  Uncaught exception 'PDOException' with message 'SQLSTATE[HY093]: Invalid parameter number: parameter was not defined' in /home/ubuntu/workspace/CST336/hw/hw3/api/update-list.php:39
Stack trace:
#0 /home/ubuntu/workspace/CST336/hw/hw3/api/update-list.php(39): PDOStatement->execute(Array)
#1 {main}
  thrown in /home/ubuntu/workspace/CST336/hw/hw3/api/update-list.php on line 39
[18-Mar-2019 20:39:42 UTC] PHP Fatal error:  Uncaught exception 'PDOException' with message 'SQLSTATE[HY093]: Invalid parameter number: parameter was not defined' in /home/ubuntu/workspace/CST336/hw/hw3/api/update-list.php:39
Stack trace:
#0 /home/ubuntu/workspace/CST336/hw/hw3/api/update-list.php(39): PDOStatement->execute(Array)
#1 {main}
  thrown in /home/ubuntu/workspace/CST336/hw/hw3/api/update-list.php on line 39
[18-Mar-2019 20:39:44 UTC] PHP Fatal error:  Uncaught exception 'PDOException' with message 'SQLSTATE[HY093]: Invalid parameter number: parameter was not defined' in /home/ubuntu/workspace/CST336/hw/hw3/api/update-list.php:39
Stack trace:
#0 /home/ubuntu/workspace/CST336/hw/hw3/api/update-list.php(39): PDOStatement->execute(Array)
#1 {main}
  thrown in /home/ubuntu/workspace/CST336/hw/hw3/api/update-list.php on line 39
[18-Mar-2019 21:34:17 UTC] PHP Fatal error:  Uncaught exception 'PDOException' with message 'SQLSTATE[42S22]: Column not found: 1054 Unknown column 'Array' in 'where clause'' in /home/ubuntu/workspace/CST336/hw/hw3/api/update-list.php:50
Stack trace:
#0 /home/ubuntu/workspace/CST336/hw/hw3/api/update-list.php(50): PDOStatement->execute()
#1 {main}
  thrown in /home/ubuntu/workspace/CST336/hw/hw3/api/update-list.php on line 50
[18-Mar-2019 21:34:21 UTC] PHP Fatal error:  Uncaught exception 'PDOException' with message 'SQLSTATE[42S22]: Column not found: 1054 Unknown column 'Array' in 'where clause'' in /home/ubuntu/workspace/CST336/hw/hw3/api/update-list.php:50
Stack trace:
#0 /home/ubuntu/workspace/CST336/hw/hw3/api/update-list.php(50): PDOStatement->execute()
#1 {main}
  thrown in /home/ubuntu/workspace/CST336/hw/hw3/api/update-list.php on line 50
[18-Mar-2019 21:40:54 UTC] PHP Fatal error:  Uncaught exception 'PDOException' with message 'SQLSTATE[42S22]: Column not found: 1054 Unknown column 'Array' in 'where clause'' in /home/ubuntu/workspace/CST336/hw/hw3/api/get-list.php:18
Stack trace:
#0 /home/ubuntu/workspace/CST336/hw/hw3/api/get-list.php(18): PDOStatement->execute()
#1 {main}
  thrown in /home/ubuntu/workspace/CST336/hw/hw3/api/get-list.php on line 18
[18-Mar-2019 21:40:55 UTC] PHP Fatal error:  Uncaught exception 'PDOException' with message 'SQLSTATE[42S22]: Column not found: 1054 Unknown column 'Array' in 'where clause'' in /home/ubuntu/workspace/CST336/hw/hw3/api/get-list.php:18
Stack trace:
#0 /home/ubuntu/workspace/CST336/hw/hw3/api/get-list.php(18): PDOStatement->execute()
#1 {main}
  thrown in /home/ubuntu/workspace/CST336/hw/hw3/api/get-list.php on line 18
[18-Mar-2019 21:40:56 UTC] PHP Fatal error:  Uncaught exception 'PDOException' with message 'SQLSTATE[42S22]: Column not found: 1054 Unknown column 'Array' in 'where clause'' in /home/ubuntu/workspace/CST336/hw/hw3/api/get-list.php:18
Stack trace:
#0 /home/ubuntu/workspace/CST336/hw/hw3/api/get-list.php(18): PDOStatement->execute()
#1 {main}
  thrown in /home/ubuntu/workspace/CST336/hw/hw3/api/get-list.php on line 18
[18-Mar-2019 21:40:56 UTC] PHP Fatal error:  Uncaught exception 'PDOException' with message 'SQLSTATE[42S22]: Column not found: 1054 Unknown column 'Array' in 'where clause'' in /home/ubuntu/workspace/CST336/hw/hw3/api/get-list.php:18
Stack trace:
#0 /home/ubuntu/workspace/CST336/hw/hw3/api/get-list.php(18): PDOStatement->execute()
#1 {main}
  thrown in /home/ubuntu/workspace/CST336/hw/hw3/api/get-list.php on line 18
[18-Mar-2019 21:40:57 UTC] PHP Fatal error:  Uncaught exception 'PDOException' with message 'SQLSTATE[42S22]: Column not found: 1054 Unknown column 'Array' in 'where clause'' in /home/ubuntu/workspace/CST336/hw/hw3/api/get-list.php:18
Stack trace:
#0 /home/ubuntu/workspace/CST336/hw/hw3/api/get-list.php(18): PDOStatement->execute()
#1 {main}
  thrown in /home/ubuntu/workspace/CST336/hw/hw3/api/get-list.php on line 18
[18-Mar-2019 21:41:02 UTC] PHP Fatal error:  Uncaught exception 'PDOException' with message 'SQLSTATE[42S22]: Column not found: 1054 Unknown column 'Array' in 'where clause'' in /home/ubuntu/workspace/CST336/hw/hw3/api/get-list.php:18
Stack trace:
#0 /home/ubuntu/workspace/CST336/hw/hw3/api/get-list.php(18): PDOStatement->execute()
#1 {main}
  thrown in /home/ubuntu/workspace/CST336/hw/hw3/api/get-list.php on line 18
[18-Mar-2019 21:41:09 UTC] PHP Fatal error:  Uncaught exception 'PDOException' with message 'SQLSTATE[42S22]: Column not found: 1054 Unknown column 'Array' in 'where clause'' in /home/ubuntu/workspace/CST336/hw/hw3/api/get-list.php:18
Stack trace:
#0 /home/ubuntu/workspace/CST336/hw/hw3/api/get-list.php(18): PDOStatement->execute()
#1 {main}
  thrown in /home/ubuntu/workspace/CST336/hw/hw3/api/get-list.php on line 18
[18-Mar-2019 21:42:44 UTC] PHP Fatal error:  Uncaught exception 'PDOException' with message 'SQLSTATE[42S22]: Column not found: 1054 Unknown column 'Array' in 'where clause'' in /home/ubuntu/workspace/CST336/hw/hw3/api/get-list.php:18
Stack trace:
#0 /home/ubuntu/workspace/CST336/hw/hw3/api/get-list.php(18): PDOStatement->execute()
#1 {main}
  thrown in /home/ubuntu/workspace/CST336/hw/hw3/api/get-list.php on line 18
[18-Mar-2019 21:43:29 UTC] PHP Fatal error:  Uncaught exception 'PDOException' with message 'SQLSTATE[42S22]: Column not found: 1054 Unknown column 'Array' in 'where clause'' in /home/ubuntu/workspace/CST336/hw/hw3/api/get-list.php:19
Stack trace:
#0 /home/ubuntu/workspace/CST336/hw/hw3/api/get-list.php(19): PDOStatement->execute()
#1 {main}
  thrown in /home/ubuntu/workspace/CST336/hw/hw3/api/get-list.php on line 19
[18-Mar-2019 21:43:30 UTC] PHP Fatal error:  Uncaught exception 'PDOException' with message 'SQLSTATE[42S22]: Column not found: 1054 Unknown column 'Array' in 'where clause'' in /home/ubuntu/workspace/CST336/hw/hw3/api/get-list.php:19
Stack trace:
#0 /home/ubuntu/workspace/CST336/hw/hw3/api/get-list.php(19): PDOStatement->execute()
#1 {main}
  thrown in /home/ubuntu/workspace/CST336/hw/hw3/api/get-list.php on line 19
[18-Mar-2019 21:43:34 UTC] PHP Fatal error:  Uncaught exception 'PDOException' with message 'SQLSTATE[42S22]: Column not found: 1054 Unknown column 'Array' in 'where clause'' in /home/ubuntu/workspace/CST336/hw/hw3/api/get-list.php:19
Stack trace:
#0 /home/ubuntu/workspace/CST336/hw/hw3/api/get-list.php(19): PDOStatement->execute()
#1 {main}
  thrown in /home/ubuntu/workspace/CST336/hw/hw3/api/get-list.php on line 19
[18-Mar-2019 21:43:40 UTC] PHP Fatal error:  Uncaught exception 'PDOException' with message 'SQLSTATE[42S22]: Column not found: 1054 Unknown column 'Array' in 'where clause'' in /home/ubuntu/workspace/CST336/hw/hw3/api/get-list.php:19
Stack trace:
#0 /home/ubuntu/workspace/CST336/hw/hw3/api/get-list.php(19): PDOStatement->execute()
#1 {main}
  thrown in /home/ubuntu/workspace/CST336/hw/hw3/api/get-list.php on line 19
[18-Mar-2019 21:44:40 UTC] PHP Fatal error:  Uncaught exception 'PDOException' with message 'SQLSTATE[42S22]: Column not found: 1054 Unknown column 'Array' in 'where clause'' in /home/ubuntu/workspace/CST336/hw/hw3/api/get-list.php:19
Stack trace:
#0 /home/ubuntu/workspace/CST336/hw/hw3/api/get-list.php(19): PDOStatement->execute()
#1 {main}
  thrown in /home/ubuntu/workspace/CST336/hw/hw3/api/get-list.php on line 19
[18-Mar-2019 21:44:54 UTC] PHP Fatal error:  Uncaught exception 'PDOException' with message 'SQLSTATE[42S22]: Column not found: 1054 Unknown column 'Array' in 'where clause'' in /home/ubuntu/workspace/CST336/hw/hw3/api/get-list.php:19
Stack trace:
#0 /home/ubuntu/workspace/CST336/hw/hw3/api/get-list.php(19): PDOStatement->execute()
#1 {main}
  thrown in /home/ubuntu/workspace/CST336/hw/hw3/api/get-list.php on line 19
[18-Mar-2019 21:46:07 UTC] PHP Fatal error:  Uncaught exception 'PDOException' with message 'SQLSTATE[42S22]: Column not found: 1054 Unknown column 'NaN' in 'where clause'' in /home/ubuntu/workspace/CST336/hw/hw3/api/get-list.php:19
Stack trace:
#0 /home/ubuntu/workspace/CST336/hw/hw3/api/get-list.php(19): PDOStatement->execute()
#1 {main}
  thrown in /home/ubuntu/workspace/CST336/hw/hw3/api/get-list.php on line 19
[18-Mar-2019 21:46:09 UTC] PHP Fatal error:  Uncaught exception 'PDOException' with message 'SQLSTATE[42S22]: Column not found: 1054 Unknown column 'NaN' in 'where clause'' in /home/ubuntu/workspace/CST336/hw/hw3/api/get-list.php:19
Stack trace:
#0 /home/ubuntu/workspace/CST336/hw/hw3/api/get-list.php(19): PDOStatement->execute()
#1 {main}
  thrown in /home/ubuntu/workspace/CST336/hw/hw3/api/get-list.php on line 19
[18-Mar-2019 21:46:29 UTC] PHP Fatal error:  Uncaught exception 'PDOException' with message 'SQLSTATE[42S22]: Column not found: 1054 Unknown column 'NaN' in 'where clause'' in /home/ubuntu/workspace/CST336/hw/hw3/api/get-list.php:19
Stack trace:
#0 /home/ubuntu/workspace/CST336/hw/hw3/api/get-list.php(19): PDOStatement->execute()
#1 {main}
  thrown in /home/ubuntu/workspace/CST336/hw/hw3/api/get-list.php on line 19
[18-Mar-2019 21:46:31 UTC] PHP Fatal error:  Uncaught exception 'PDOException' with message 'SQLSTATE[42S22]: Column not found: 1054 Unknown column 'NaN' in 'where clause'' in /home/ubuntu/workspace/CST336/hw/hw3/api/get-list.php:19
Stack trace:
#0 /home/ubuntu/workspace/CST336/hw/hw3/api/get-list.php(19): PDOStatement->execute()
#1 {main}
  thrown in /home/ubuntu/workspace/CST336/hw/hw3/api/get-list.php on line 19
[18-Mar-2019 21:46:32 UTC] PHP Fatal error:  Uncaught exception 'PDOException' with message 'SQLSTATE[42S22]: Column not found: 1054 Unknown column 'NaN' in 'where clause'' in /home/ubuntu/workspace/CST336/hw/hw3/api/get-list.php:19
Stack trace:
#0 /home/ubuntu/workspace/CST336/hw/hw3/api/get-list.php(19): PDOStatement->execute()
#1 {main}
  thrown in /home/ubuntu/workspace/CST336/hw/hw3/api/get-list.php on line 19
[18-Mar-2019 21:47:12 UTC] PHP Fatal error:  Uncaught exception 'PDOException' with message 'SQLSTATE[42S22]: Column not found: 1054 Unknown column 'NaN' in 'where clause'' in /home/ubuntu/workspace/CST336/hw/hw3/api/get-list.php:19
Stack trace:
#0 /home/ubuntu/workspace/CST336/hw/hw3/api/get-list.php(19): PDOStatement->execute()
#1 {main}
  thrown in /home/ubuntu/workspace/CST336/hw/hw3/api/get-list.php on line 19
[18-Mar-2019 21:47:14 UTC] PHP Fatal error:  Uncaught exception 'PDOException' with message 'SQLSTATE[42S22]: Column not found: 1054 Unknown column 'NaN' in 'where clause'' in /home/ubuntu/workspace/CST336/hw/hw3/api/get-list.php:19
Stack trace:
#0 /home/ubuntu/workspace/CST336/hw/hw3/api/get-list.php(19): PDOStatement->execute()
#1 {main}
  thrown in /home/ubuntu/workspace/CST336/hw/hw3/api/get-list.php on line 19
[18-Mar-2019 21:47:51 UTC] PHP Fatal error:  Uncaught exception 'PDOException' with message 'SQLSTATE[42S22]: Column not found: 1054 Unknown column 'NaN' in 'where clause'' in /home/ubuntu/workspace/CST336/hw/hw3/api/get-list.php:19
Stack trace:
#0 /home/ubuntu/workspace/CST336/hw/hw3/api/get-list.php(19): PDOStatement->execute()
#1 {main}
  thrown in /home/ubuntu/workspace/CST336/hw/hw3/api/get-list.php on line 19
[18-Mar-2019 21:47:53 UTC] PHP Fatal error:  Uncaught exception 'PDOException' with message 'SQLSTATE[42S22]: Column not found: 1054 Unknown column 'NaN' in 'where clause'' in /home/ubuntu/workspace/CST336/hw/hw3/api/get-list.php:19
Stack trace:
#0 /home/ubuntu/workspace/CST336/hw/hw3/api/get-list.php(19): PDOStatement->execute()
#1 {main}
  thrown in /home/ubuntu/workspace/CST336/hw/hw3/api/get-list.php on line 19
[18-Mar-2019 21:48:10 UTC] PHP Fatal error:  Uncaught exception 'PDOException' with message 'SQLSTATE[42S22]: Column not found: 1054 Unknown column 'NaN' in 'where clause'' in /home/ubuntu/workspace/CST336/hw/hw3/api/get-list.php:19
Stack trace:
#0 /home/ubuntu/workspace/CST336/hw/hw3/api/get-list.php(19): PDOStatement->execute()
#1 {main}
  thrown in /home/ubuntu/workspace/CST336/hw/hw3/api/get-list.php on line 19
[18-Mar-2019 21:48:15 UTC] PHP Fatal error:  Uncaught exception 'PDOException' with message 'SQLSTATE[42S22]: Column not found: 1054 Unknown column 'NaN' in 'where clause'' in /home/ubuntu/workspace/CST336/hw/hw3/api/get-list.php:19
Stack trace:
#0 /home/ubuntu/workspace/CST336/hw/hw3/api/get-list.php(19): PDOStatement->execute()
#1 {main}
  thrown in /home/ubuntu/workspace/CST336/hw/hw3/api/get-list.php on line 19
[18-Mar-2019 21:48:47 UTC] PHP Fatal error:  Uncaught exception 'PDOException' with message 'SQLSTATE[42S22]: Column not found: 1054 Unknown column 'NaN' in 'where clause'' in /home/ubuntu/workspace/CST336/hw/hw3/api/get-list.php:19
Stack trace:
#0 /home/ubuntu/workspace/CST336/hw/hw3/api/get-list.php(19): PDOStatement->execute()
#1 {main}
  thrown in /home/ubuntu/workspace/CST336/hw/hw3/api/get-list.php on line 19
[18-Mar-2019 21:48:48 UTC] PHP Fatal error:  Uncaught exception 'PDOException' with message 'SQLSTATE[42S22]: Column not found: 1054 Unknown column 'NaN' in 'where clause'' in /home/ubuntu/workspace/CST336/hw/hw3/api/get-list.php:19
Stack trace:
#0 /home/ubuntu/workspace/CST336/hw/hw3/api/get-list.php(19): PDOStatement->execute()
#1 {main}
  thrown in /home/ubuntu/workspace/CST336/hw/hw3/api/get-list.php on line 19
[18-Mar-2019 21:48:49 UTC] PHP Fatal error:  Uncaught exception 'PDOException' with message 'SQLSTATE[42S22]: Column not found: 1054 Unknown column 'NaN' in 'where clause'' in /home/ubuntu/workspace/CST336/hw/hw3/api/get-list.php:19
Stack trace:
#0 /home/ubuntu/workspace/CST336/hw/hw3/api/get-list.php(19): PDOStatement->execute()
#1 {main}
  thrown in /home/ubuntu/workspace/CST336/hw/hw3/api/get-list.php on line 19
[18-Mar-2019 21:48:52 UTC] PHP Fatal error:  Uncaught exception 'PDOException' with message 'SQLSTATE[42S22]: Column not found: 1054 Unknown column 'NaN' in 'where clause'' in /home/ubuntu/workspace/CST336/hw/hw3/api/get-list.php:19
Stack trace:
#0 /home/ubuntu/workspace/CST336/hw/hw3/api/get-list.php(19): PDOStatement->execute()
#1 {main}
  thrown in /home/ubuntu/workspace/CST336/hw/hw3/api/get-list.php on line 19
[18-Mar-2019 21:48:53 UTC] PHP Fatal error:  Uncaught exception 'PDOException' with message 'SQLSTATE[42S22]: Column not found: 1054 Unknown column 'NaN' in 'where clause'' in /home/ubuntu/workspace/CST336/hw/hw3/api/get-list.php:19
Stack trace:
#0 /home/ubuntu/workspace/CST336/hw/hw3/api/get-list.php(19): PDOStatement->execute()
#1 {main}
  thrown in /home/ubuntu/workspace/CST336/hw/hw3/api/get-list.php on line 19
[18-Mar-2019 21:49:35 UTC] PHP Fatal error:  Uncaught exception 'PDOException' with message 'SQLSTATE[42S22]: Column not found: 1054 Unknown column 'NaN' in 'where clause'' in /home/ubuntu/workspace/CST336/hw/hw3/api/get-list.php:19
Stack trace:
#0 /home/ubuntu/workspace/CST336/hw/hw3/api/get-list.php(19): PDOStatement->execute()
#1 {main}
  thrown in /home/ubuntu/workspace/CST336/hw/hw3/api/get-list.php on line 19
[18-Mar-2019 21:51:01 UTC] PHP Fatal error:  Uncaught exception 'PDOException' with message 'SQLSTATE[42S22]: Column not found: 1054 Unknown column 'NaN' in 'where clause'' in /home/ubuntu/workspace/CST336/hw/hw3/api/get-list.php:19
Stack trace:
#0 /home/ubuntu/workspace/CST336/hw/hw3/api/get-list.php(19): PDOStatement->execute()
#1 {main}
  thrown in /home/ubuntu/workspace/CST336/hw/hw3/api/get-list.php on line 19
[18-Mar-2019 21:51:13 UTC] PHP Fatal error:  Uncaught exception 'PDOException' with message 'SQLSTATE[42S22]: Column not found: 1054 Unknown column 'NaN' in 'where clause'' in /home/ubuntu/workspace/CST336/hw/hw3/api/get-list.php:19
Stack trace:
#0 /home/ubuntu/workspace/CST336/hw/hw3/api/get-list.php(19): PDOStatement->execute()
#1 {main}
  thrown in /home/ubuntu/workspace/CST336/hw/hw3/api/get-list.php on line 19
[18-Mar-2019 21:51:16 UTC] PHP Fatal error:  Uncaught exception 'PDOException' with message 'SQLSTATE[42S22]: Column not found: 1054 Unknown column 'NaN' in 'where clause'' in /home/ubuntu/workspace/CST336/hw/hw3/api/get-list.php:19
Stack trace:
#0 /home/ubuntu/workspace/CST336/hw/hw3/api/get-list.php(19): PDOStatement->execute()
#1 {main}
  thrown in /home/ubuntu/workspace/CST336/hw/hw3/api/get-list.php on line 19
[18-Mar-2019 21:51:40 UTC] PHP Fatal error:  Uncaught exception 'PDOException' with message 'SQLSTATE[42S22]: Column not found: 1054 Unknown column 'NaN' in 'where clause'' in /home/ubuntu/workspace/CST336/hw/hw3/api/get-list.php:19
Stack trace:
#0 /home/ubuntu/workspace/CST336/hw/hw3/api/get-list.php(19): PDOStatement->execute()
#1 {main}
  thrown in /home/ubuntu/workspace/CST336/hw/hw3/api/get-list.php on line 19
[18-Mar-2019 21:53:13 UTC] PHP Fatal error:  Uncaught exception 'PDOException' with message 'SQLSTATE[42S22]: Column not found: 1054 Unknown column 'NaN' in 'where clause'' in /home/ubuntu/workspace/CST336/hw/hw3/api/get-list.php:19
Stack trace:
#0 /home/ubuntu/workspace/CST336/hw/hw3/api/get-list.php(19): PDOStatement->execute()
#1 {main}
  thrown in /home/ubuntu/workspace/CST336/hw/hw3/api/get-list.php on line 19
[18-Mar-2019 21:53:14 UTC] PHP Fatal error:  Uncaught exception 'PDOException' with message 'SQLSTATE[42S22]: Column not found: 1054 Unknown column 'NaN' in 'where clause'' in /home/ubuntu/workspace/CST336/hw/hw3/api/get-list.php:19
Stack trace:
#0 /home/ubuntu/workspace/CST336/hw/hw3/api/get-list.php(19): PDOStatement->execute()
#1 {main}
  thrown in /home/ubuntu/workspace/CST336/hw/hw3/api/get-list.php on line 19
[18-Mar-2019 21:53:15 UTC] PHP Fatal error:  Uncaught exception 'PDOException' with message 'SQLSTATE[42S22]: Column not found: 1054 Unknown column 'NaN' in 'where clause'' in /home/ubuntu/workspace/CST336/hw/hw3/api/get-list.php:19
Stack trace:
#0 /home/ubuntu/workspace/CST336/hw/hw3/api/get-list.php(19): PDOStatement->execute()
#1 {main}
  thrown in /home/ubuntu/workspace/CST336/hw/hw3/api/get-list.php on line 19
[18-Mar-2019 21:53:15 UTC] PHP Fatal error:  Uncaught exception 'PDOException' with message 'SQLSTATE[42S22]: Column not found: 1054 Unknown column 'NaN' in 'where clause'' in /home/ubuntu/workspace/CST336/hw/hw3/api/get-list.php:19
Stack trace:
#0 /home/ubuntu/workspace/CST336/hw/hw3/api/get-list.php(19): PDOStatement->execute()
#1 {main}
  thrown in /home/ubuntu/workspace/CST336/hw/hw3/api/get-list.php on line 19
[18-Mar-2019 21:53:24 UTC] PHP Fatal error:  Uncaught exception 'PDOException' with message 'SQLSTATE[42S22]: Column not found: 1054 Unknown column 'NaN' in 'where clause'' in /home/ubuntu/workspace/CST336/hw/hw3/api/get-list.php:19
Stack trace:
#0 /home/ubuntu/workspace/CST336/hw/hw3/api/get-list.php(19): PDOStatement->execute()
#1 {main}
  thrown in /home/ubuntu/workspace/CST336/hw/hw3/api/get-list.php on line 19
[18-Mar-2019 22:01:09 UTC] PHP Fatal error:  Uncaught exception 'PDOException' with message 'SQLSTATE[42S22]: Column not found: 1054 Unknown column 'NaN' in 'where clause'' in /home/ubuntu/workspace/CST336/hw/hw3/api/update-list.php:50
Stack trace:
#0 /home/ubuntu/workspace/CST336/hw/hw3/api/update-list.php(50): PDOStatement->execute()
#1 {main}
  thrown in /home/ubuntu/workspace/CST336/hw/hw3/api/update-list.php on line 50
[18-Mar-2019 22:01:13 UTC] PHP Fatal error:  Uncaught exception 'PDOException' with message 'SQLSTATE[42S22]: Column not found: 1054 Unknown column 'NaN' in 'where clause'' in /home/ubuntu/workspace/CST336/hw/hw3/api/update-list.php:50
Stack trace:
#0 /home/ubuntu/workspace/CST336/hw/hw3/api/update-list.php(50): PDOStatement->execute()
#1 {main}
  thrown in /home/ubuntu/workspace/CST336/hw/hw3/api/update-list.php on line 50
[18-Mar-2019 22:01:19 UTC] PHP Fatal error:  Uncaught exception 'PDOException' with message 'SQLSTATE[42S22]: Column not found: 1054 Unknown column 'NaN' in 'where clause'' in /home/ubuntu/workspace/CST336/hw/hw3/api/update-list.php:50
Stack trace:
#0 /home/ubuntu/workspace/CST336/hw/hw3/api/update-list.php(50): PDOStatement->execute()
#1 {main}
  thrown in /home/ubuntu/workspace/CST336/hw/hw3/api/update-list.php on line 50
[18-Mar-2019 22:01:22 UTC] PHP Fatal error:  Uncaught exception 'PDOException' with message 'SQLSTATE[42S22]: Column not found: 1054 Unknown column 'NaN' in 'where clause'' in /home/ubuntu/workspace/CST336/hw/hw3/api/update-list.php:50
Stack trace:
#0 /home/ubuntu/workspace/CST336/hw/hw3/api/update-list.php(50): PDOStatement->execute()
#1 {main}
  thrown in /home/ubuntu/workspace/CST336/hw/hw3/api/update-list.php on line 50
[19-Mar-2019 07:06:54 UTC] PHP Fatal error:  Uncaught exception 'PDOException' with message 'SQLSTATE[42S22]: Column not found: 1054 Unknown column 'NaN' in 'where clause'' in /home/ubuntu/workspace/CST336/hw/hw3/api/update-list.php:50
Stack trace:
#0 /home/ubuntu/workspace/CST336/hw/hw3/api/update-list.php(50): PDOStatement->execute()
#1 {main}
  thrown in /home/ubuntu/workspace/CST336/hw/hw3/api/update-list.php on line 50
[19-Mar-2019 07:07:04 UTC] PHP Fatal error:  Uncaught exception 'PDOException' with message 'SQLSTATE[42S22]: Column not found: 1054 Unknown column 'NaN' in 'where clause'' in /home/ubuntu/workspace/CST336/hw/hw3/api/update-list.php:50
Stack trace:
#0 /home/ubuntu/workspace/CST336/hw/hw3/api/update-list.php(50): PDOStatement->execute()
#1 {main}
  thrown in /home/ubuntu/workspace/CST336/hw/hw3/api/update-list.php on line 50
[19-Mar-2019 07:31:18 UTC] PHP Fatal error:  Uncaught exception 'PDOException' with message 'SQLSTATE[42S22]: Column not found: 1054 Unknown column 'NaN' in 'where clause'' in /home/ubuntu/workspace/CST336/hw/hw3/api/get-list.php:19
Stack trace:
#0 /home/ubuntu/workspace/CST336/hw/hw3/api/get-list.php(19): PDOStatement->execute()
#1 {main}
  thrown in /home/ubuntu/workspace/CST336/hw/hw3/api/get-list.php on line 19
[19-Mar-2019 07:31:26 UTC] PHP Fatal error:  Uncaught exception 'PDOException' with message 'SQLSTATE[42S22]: Column not found: 1054 Unknown column 'NaN' in 'where clause'' in /home/ubuntu/workspace/CST336/hw/hw3/api/get-list.php:19
Stack trace:
#0 /home/ubuntu/workspace/CST336/hw/hw3/api/get-list.php(19): PDOStatement->execute()
#1 {main}
  thrown in /home/ubuntu/workspace/CST336/hw/hw3/api/get-list.php on line 19
[19-Mar-2019 07:34:13 UTC] PHP Fatal error:  Uncaught exception 'PDOException' with message 'SQLSTATE[42S22]: Column not found: 1054 Unknown column 'NaN' in 'where clause'' in /home/ubuntu/workspace/CST336/hw/hw3/api/get-list.php:19
Stack trace:
#0 /home/ubuntu/workspace/CST336/hw/hw3/api/get-list.php(19): PDOStatement->execute()
#1 {main}
  thrown in /home/ubuntu/workspace/CST336/hw/hw3/api/get-list.php on line 19
[19-Mar-2019 07:34:16 UTC] PHP Fatal error:  Uncaught exception 'PDOException' with message 'SQLSTATE[42S22]: Column not found: 1054 Unknown column 'NaN' in 'where clause'' in /home/ubuntu/workspace/CST336/hw/hw3/api/get-list.php:19
Stack trace:
#0 /home/ubuntu/workspace/CST336/hw/hw3/api/get-list.php(19): PDOStatement->execute()
#1 {main}
  thrown in /home/ubuntu/workspace/CST336/hw/hw3/api/get-list.php on line 19
[19-Mar-2019 07:39:11 UTC] PHP Fatal error:  Uncaught exception 'PDOException' with message 'SQLSTATE[42000]: Syntax error or access violation: 1064 You have an error in your SQL syntax; check the manual that corresponds to your MySQL server version for the right syntax to use near '' at line 1' in /home/ubuntu/workspace/CST336/hw/hw3/api/get-list.php:19
Stack trace:
#0 /home/ubuntu/workspace/CST336/hw/hw3/api/get-list.php(19): PDOStatement->execute()
#1 {main}
  thrown in /home/ubuntu/workspace/CST336/hw/hw3/api/get-list.php on line 19
[19-Mar-2019 07:39:13 UTC] PHP Fatal error:  Uncaught exception 'PDOException' with message 'SQLSTATE[42000]: Syntax error or access violation: 1064 You have an error in your SQL syntax; check the manual that corresponds to your MySQL server version for the right syntax to use near '' at line 1' in /home/ubuntu/workspace/CST336/hw/hw3/api/get-list.php:19
Stack trace:
#0 /home/ubuntu/workspace/CST336/hw/hw3/api/get-list.php(19): PDOStatement->execute()
#1 {main}
  thrown in /home/ubuntu/workspace/CST336/hw/hw3/api/get-list.php on line 19
[20-Mar-2019 18:44:29 UTC] PHP Fatal error:  Uncaught exception 'PDOException' with message 'SQLSTATE[42S22]: Column not found: 1054 Unknown column 'Array' in 'where clause'' in /home/ubuntu/workspace/CST336/hw/hw3/api/get-list.php:21
Stack trace:
#0 /home/ubuntu/workspace/CST336/hw/hw3/api/get-list.php(21): PDOStatement->execute()
#1 {main}
  thrown in /home/ubuntu/workspace/CST336/hw/hw3/api/get-list.php on line 21
[20-Mar-2019 18:44:30 UTC] PHP Fatal error:  Uncaught exception 'PDOException' with message 'SQLSTATE[42S22]: Column not found: 1054 Unknown column 'Array' in 'where clause'' in /home/ubuntu/workspace/CST336/hw/hw3/api/get-list.php:21
Stack trace:
#0 /home/ubuntu/workspace/CST336/hw/hw3/api/get-list.php(21): PDOStatement->execute()
#1 {main}
  thrown in /home/ubuntu/workspace/CST336/hw/hw3/api/get-list.php on line 21
[20-Mar-2019 18:45:10 UTC] PHP Fatal error:  Uncaught exception 'PDOException' with message 'SQLSTATE[42S22]: Column not found: 1054 Unknown column 'Array' in 'where clause'' in /home/ubuntu/workspace/CST336/hw/hw3/api/get-list.php:21
Stack trace:
#0 /home/ubuntu/workspace/CST336/hw/hw3/api/get-list.php(21): PDOStatement->execute()
#1 {main}
  thrown in /home/ubuntu/workspace/CST336/hw/hw3/api/get-list.php on line 21
[20-Mar-2019 18:45:11 UTC] PHP Fatal error:  Uncaught exception 'PDOException' with message 'SQLSTATE[42S22]: Column not found: 1054 Unknown column 'Array' in 'where clause'' in /home/ubuntu/workspace/CST336/hw/hw3/api/get-list.php:21
Stack trace:
#0 /home/ubuntu/workspace/CST336/hw/hw3/api/get-list.php(21): PDOStatement->execute()
#1 {main}
  thrown in /home/ubuntu/workspace/CST336/hw/hw3/api/get-list.php on line 21
[20-Mar-2019 18:45:36 UTC] PHP Fatal error:  Uncaught exception 'PDOException' with message 'SQLSTATE[42S22]: Column not found: 1054 Unknown column 'Array' in 'where clause'' in /home/ubuntu/workspace/CST336/hw/hw3/api/get-list.php:21
Stack trace:
#0 /home/ubuntu/workspace/CST336/hw/hw3/api/get-list.php(21): PDOStatement->execute()
#1 {main}
  thrown in /home/ubuntu/workspace/CST336/hw/hw3/api/get-list.php on line 21
[20-Mar-2019 18:46:18 UTC] PHP Fatal error:  Uncaught exception 'PDOException' with message 'SQLSTATE[42S22]: Column not found: 1054 Unknown column 'Array' in 'where clause'' in /home/ubuntu/workspace/CST336/hw/hw3/api/get-list.php:21
Stack trace:
#0 /home/ubuntu/workspace/CST336/hw/hw3/api/get-list.php(21): PDOStatement->execute()
#1 {main}
  thrown in /home/ubuntu/workspace/CST336/hw/hw3/api/get-list.php on line 21
[20-Mar-2019 18:46:26 UTC] PHP Fatal error:  Uncaught exception 'PDOException' with message 'SQLSTATE[42S22]: Column not found: 1054 Unknown column 'Array' in 'where clause'' in /home/ubuntu/workspace/CST336/hw/hw3/api/get-list.php:21
Stack trace:
#0 /home/ubuntu/workspace/CST336/hw/hw3/api/get-list.php(21): PDOStatement->execute()
#1 {main}
  thrown in /home/ubuntu/workspace/CST336/hw/hw3/api/get-list.php on line 21
[20-Mar-2019 18:48:30 UTC] PHP Fatal error:  Uncaught exception 'PDOException' with message 'SQLSTATE[42S22]: Column not found: 1054 Unknown column 'Array' in 'where clause'' in /home/ubuntu/workspace/CST336/hw/hw3/api/get-list.php:21
Stack trace:
#0 /home/ubuntu/workspace/CST336/hw/hw3/api/get-list.php(21): PDOStatement->execute()
#1 {main}
  thrown in /home/ubuntu/workspace/CST336/hw/hw3/api/get-list.php on line 21
[20-Mar-2019 18:50:35 UTC] PHP Fatal error:  Uncaught exception 'PDOException' with message 'SQLSTATE[42S22]: Column not found: 1054 Unknown column 'Array' in 'where clause'' in /home/ubuntu/workspace/CST336/hw/hw3/api/get-list.php:21
Stack trace:
#0 /home/ubuntu/workspace/CST336/hw/hw3/api/get-list.php(21): PDOStatement->execute()
#1 {main}
  thrown in /home/ubuntu/workspace/CST336/hw/hw3/api/get-list.php on line 21
[20-Mar-2019 19:37:26 UTC] PHP Fatal error:  Uncaught exception 'PDOException' with message 'SQLSTATE[42S22]: Column not found: 1054 Unknown column 'NaN' in 'where clause'' in /home/ubuntu/workspace/CST336/hw/hw3/api/update-list.php:50
Stack trace:
#0 /home/ubuntu/workspace/CST336/hw/hw3/api/update-list.php(50): PDOStatement->execute()
#1 {main}
  thrown in /home/ubuntu/workspace/CST336/hw/hw3/api/update-list.php on line 50
[20-Mar-2019 19:37:30 UTC] PHP Fatal error:  Uncaught exception 'PDOException' with message 'SQLSTATE[42S22]: Column not found: 1054 Unknown column 'NaN' in 'where clause'' in /home/ubuntu/workspace/CST336/hw/hw3/api/update-list.php:50
Stack trace:
#0 /home/ubuntu/workspace/CST336/hw/hw3/api/update-list.php(50): PDOStatement->execute()
#1 {main}
  thrown in /home/ubuntu/workspace/CST336/hw/hw3/api/update-list.php on line 50
[20-Mar-2019 19:59:33 UTC] PHP Fatal error:  Uncaught exception 'PDOException' with message 'SQLSTATE[42000]: Syntax error or access violation: 1064 You have an error in your SQL syntax; check the manual that corresponds to your MySQL server version for the right syntax to use near '' at line 1' in /home/ubuntu/workspace/CST336/hw/hw3/api/get-list.php:27
Stack trace:
#0 /home/ubuntu/workspace/CST336/hw/hw3/api/get-list.php(27): PDOStatement->execute()
#1 {main}
  thrown in /home/ubuntu/workspace/CST336/hw/hw3/api/get-list.php on line 27
[20-Mar-2019 20:02:58 UTC] PHP Fatal error:  Uncaught exception 'PDOException' with message 'SQLSTATE[42000]: Syntax error or access violation: 1064 You have an error in your SQL syntax; check the manual that corresponds to your MySQL server version for the right syntax to use near '' at line 1' in /home/ubuntu/workspace/CST336/hw/hw3/api/get-list.php:22
Stack trace:
#0 /home/ubuntu/workspace/CST336/hw/hw3/api/get-list.php(22): PDOStatement->execute()
#1 {main}
  thrown in /home/ubuntu/workspace/CST336/hw/hw3/api/get-list.php on line 22
[20-Mar-2019 20:06:37 UTC] PHP Fatal error:  Uncaught exception 'PDOException' with message 'SQLSTATE[42000]: Syntax error or access violation: 1064 You have an error in your SQL syntax; check the manual that corresponds to your MySQL server version for the right syntax to use near '' at line 1' in /home/ubuntu/workspace/CST336/hw/hw3/api/get-list.php:25
Stack trace:
#0 /home/ubuntu/workspace/CST336/hw/hw3/api/get-list.php(25): PDOStatement->execute()
#1 {main}
  thrown in /home/ubuntu/workspace/CST336/hw/hw3/api/get-list.php on line 25
[20-Mar-2019 20:06:38 UTC] PHP Fatal error:  Uncaught exception 'PDOException' with message 'SQLSTATE[42000]: Syntax error or access violation: 1064 You have an error in your SQL syntax; check the manual that corresponds to your MySQL server version for the right syntax to use near '' at line 1' in /home/ubuntu/workspace/CST336/hw/hw3/api/get-list.php:25
Stack trace:
#0 /home/ubuntu/workspace/CST336/hw/hw3/api/get-list.php(25): PDOStatement->execute()
#1 {main}
  thrown in /home/ubuntu/workspace/CST336/hw/hw3/api/get-list.php on line 25
[20-Mar-2019 20:13:56 UTC] PHP Fatal error:  Uncaught exception 'PDOException' with message 'SQLSTATE[42000]: Syntax error or access violation: 1064 You have an error in your SQL syntax; check the manual that corresponds to your MySQL server version for the right syntax to use near 'ORDER BY listID DESC' at line 1' in /home/ubuntu/workspace/CST336/hw/hw3/api/get-list.php:14
Stack trace:
#0 /home/ubuntu/workspace/CST336/hw/hw3/api/get-list.php(14): PDOStatement->execute()
#1 {main}
  thrown in /home/ubuntu/workspace/CST336/hw/hw3/api/get-list.php on line 14
[20-Mar-2019 20:13:58 UTC] PHP Fatal error:  Uncaught exception 'PDOException' with message 'SQLSTATE[42000]: Syntax error or access violation: 1064 You have an error in your SQL syntax; check the manual that corresponds to your MySQL server version for the right syntax to use near 'ORDER BY listID DESC' at line 1' in /home/ubuntu/workspace/CST336/hw/hw3/api/get-list.php:14
Stack trace:
#0 /home/ubuntu/workspace/CST336/hw/hw3/api/get-list.php(14): PDOStatement->execute()
#1 {main}
  thrown in /home/ubuntu/workspace/CST336/hw/hw3/api/get-list.php on line 14
[20-Mar-2019 20:14:05 UTC] PHP Fatal error:  Uncaught exception 'PDOException' with message 'SQLSTATE[42000]: Syntax error or access violation: 1064 You have an error in your SQL syntax; check the manual that corresponds to your MySQL server version for the right syntax to use near 'ORDER BY listID DESC' at line 1' in /home/ubuntu/workspace/CST336/hw/hw3/api/get-list.php:14
Stack trace:
#0 /home/ubuntu/workspace/CST336/hw/hw3/api/get-list.php(14): PDOStatement->execute()
#1 {main}
  thrown in /home/ubuntu/workspace/CST336/hw/hw3/api/get-list.php on line 14
[20-Mar-2019 20:14:07 UTC] PHP Fatal error:  Uncaught exception 'PDOException' with message 'SQLSTATE[42000]: Syntax error or access violation: 1064 You have an error in your SQL syntax; check the manual that corresponds to your MySQL server version for the right syntax to use near 'ORDER BY listID DESC' at line 1' in /home/ubuntu/workspace/CST336/hw/hw3/api/get-list.php:14
Stack trace:
#0 /home/ubuntu/workspace/CST336/hw/hw3/api/get-list.php(14): PDOStatement->execute()
#1 {main}
  thrown in /home/ubuntu/workspace/CST336/hw/hw3/api/get-list.php on line 14
[20-Mar-2019 20:14:37 UTC] PHP Fatal error:  Uncaught exception 'PDOException' with message 'SQLSTATE[42000]: Syntax error or access violation: 1064 You have an error in your SQL syntax; check the manual that corresponds to your MySQL server version for the right syntax to use near 'ORDER BY listID DESC' at line 1' in /home/ubuntu/workspace/CST336/hw/hw3/api/get-list.php:14
Stack trace:
#0 /home/ubuntu/workspace/CST336/hw/hw3/api/get-list.php(14): PDOStatement->execute()
#1 {main}
  thrown in /home/ubuntu/workspace/CST336/hw/hw3/api/get-list.php on line 14
[20-Mar-2019 20:14:48 UTC] PHP Fatal error:  Uncaught exception 'PDOException' with message 'SQLSTATE[42000]: Syntax error or access violation: 1064 You have an error in your SQL syntax; check the manual that corresponds to your MySQL server version for the right syntax to use near 'ORDER BY listID DESC' at line 1' in /home/ubuntu/workspace/CST336/hw/hw3/api/get-list.php:14
Stack trace:
#0 /home/ubuntu/workspace/CST336/hw/hw3/api/get-list.php(14): PDOStatement->execute()
#1 {main}
  thrown in /home/ubuntu/workspace/CST336/hw/hw3/api/get-list.php on line 14
[20-Mar-2019 20:15:12 UTC] PHP Fatal error:  Uncaught exception 'PDOException' with message 'SQLSTATE[42000]: Syntax error or access violation: 1064 You have an error in your SQL syntax; check the manual that corresponds to your MySQL server version for the right syntax to use near '' at line 1' in /home/ubuntu/workspace/CST336/hw/hw3/api/get-list.php:21
Stack trace:
#0 /home/ubuntu/workspace/CST336/hw/hw3/api/get-list.php(21): PDOStatement->execute()
#1 {main}
  thrown in /home/ubuntu/workspace/CST336/hw/hw3/api/get-list.php on line 21
[20-Mar-2019 20:15:13 UTC] PHP Fatal error:  Uncaught exception 'PDOException' with message 'SQLSTATE[42000]: Syntax error or access violation: 1064 You have an error in your SQL syntax; check the manual that corresponds to your MySQL server version for the right syntax to use near '' at line 1' in /home/ubuntu/workspace/CST336/hw/hw3/api/get-list.php:21
Stack trace:
#0 /home/ubuntu/workspace/CST336/hw/hw3/api/get-list.php(21): PDOStatement->execute()
#1 {main}
  thrown in /home/ubuntu/workspace/CST336/hw/hw3/api/get-list.php on line 21
[20-Mar-2019 20:15:16 UTC] PHP Fatal error:  Uncaught exception 'PDOException' with message 'SQLSTATE[42000]: Syntax error or access violation: 1064 You have an error in your SQL syntax; check the manual that corresponds to your MySQL server version for the right syntax to use near '' at line 1' in /home/ubuntu/workspace/CST336/hw/hw3/api/get-list.php:21
Stack trace:
#0 /home/ubuntu/workspace/CST336/hw/hw3/api/get-list.php(21): PDOStatement->execute()
#1 {main}
  thrown in /home/ubuntu/workspace/CST336/hw/hw3/api/get-list.php on line 21
[20-Mar-2019 20:15:43 UTC] PHP Fatal error:  Uncaught exception 'PDOException' with message 'SQLSTATE[42000]: Syntax error or access violation: 1064 You have an error in your SQL syntax; check the manual that corresponds to your MySQL server version for the right syntax to use near '' at line 1' in /home/ubuntu/workspace/CST336/hw/hw3/api/get-list.php:21
Stack trace:
#0 /home/ubuntu/workspace/CST336/hw/hw3/api/get-list.php(21): PDOStatement->execute()
#1 {main}
  thrown in /home/ubuntu/workspace/CST336/hw/hw3/api/get-list.php on line 21
[20-Mar-2019 20:15:44 UTC] PHP Fatal error:  Uncaught exception 'PDOException' with message 'SQLSTATE[42000]: Syntax error or access violation: 1064 You have an error in your SQL syntax; check the manual that corresponds to your MySQL server version for the right syntax to use near '' at line 1' in /home/ubuntu/workspace/CST336/hw/hw3/api/get-list.php:21
Stack trace:
#0 /home/ubuntu/workspace/CST336/hw/hw3/api/get-list.php(21): PDOStatement->execute()
#1 {main}
  thrown in /home/ubuntu/workspace/CST336/hw/hw3/api/get-list.php on line 21
[20-Mar-2019 20:20:28 UTC] PHP Fatal error:  Uncaught exception 'PDOException' with message 'SQLSTATE[42S22]: Column not found: 1054 Unknown column 'nullnullnullnullnullnullnullnullnullnull25' in 'where clause'' in /home/ubuntu/workspace/CST336/hw/hw3/api/get-list.php:21
Stack trace:
#0 /home/ubuntu/workspace/CST336/hw/hw3/api/get-list.php(21): PDOStatement->execute()
#1 {main}
  thrown in /home/ubuntu/workspace/CST336/hw/hw3/api/get-list.php on line 21
[20-Mar-2019 20:20:30 UTC] PHP Fatal error:  Uncaught exception 'PDOException' with message 'SQLSTATE[42S22]: Column not found: 1054 Unknown column 'nullnullnullnullnullnullnullnullnullnullnullnullnull' in 'where clause'' in /home/ubuntu/workspace/CST336/hw/hw3/api/get-list.php:21
Stack trace:
#0 /home/ubuntu/workspace/CST336/hw/hw3/api/get-list.php(21): PDOStatement->execute()
#1 {main}
  thrown in /home/ubuntu/workspace/CST336/hw/hw3/api/get-list.php on line 21
[20-Mar-2019 20:20:32 UTC] PHP Fatal error:  Uncaught exception 'PDOException' with message 'SQLSTATE[42S22]: Column not found: 1054 Unknown column 'nullnullnullnullnullnullnullnullnullnull25' in 'where clause'' in /home/ubuntu/workspace/CST336/hw/hw3/api/get-list.php:21
Stack trace:
#0 /home/ubuntu/workspace/CST336/hw/hw3/api/get-list.php(21): PDOStatement->execute()
#1 {main}
  thrown in /home/ubuntu/workspace/CST336/hw/hw3/api/get-list.php on line 21
[20-Mar-2019 20:20:34 UTC] PHP Fatal error:  Uncaught exception 'PDOException' with message 'SQLSTATE[42S22]: Column not found: 1054 Unknown column 'nullnullnullnullnullnullnullnullnullnullnullnullnull' in 'where clause'' in /home/ubuntu/workspace/CST336/hw/hw3/api/get-list.php:21
Stack trace:
#0 /home/ubuntu/workspace/CST336/hw/hw3/api/get-list.php(21): PDOStatement->execute()
#1 {main}
  thrown in /home/ubuntu/workspace/CST336/hw/hw3/api/get-list.php on line 21
